*** Start analyzing build configuration ***
*** List of included argument files ***
    Build configuration file:  /home/verifier/project/i2c/rkv_v2pro_i2c-RKV_I2C_TB_01/rkv_i2c_tb/.dvt/default.build
    -f /home/verifier/project/i2c/rkv_v2pro_i2c-RKV_I2C_TB_01/rkv_i2c_tb/sim/rkv_i2c.dvt.flist
*** List of invocations ***
Invocation #1 +dvt_init+dvt in /home/verifier/project/i2c/rkv_v2pro_i2c-RKV_I2C_TB_01/rkv_i2c_tb/.dvt/default.build at line 3
*** Done analyzing build configuration [13 ms] ***
*** Start SystemVerilog build ***
*** Loading top files ***
Loading (1) /opt/dvt_eclipse/dvt_eclipse/predefined_projects/libs/uvm-1.2/src/uvm_pkg.sv ...
Loading (2) /opt/dvt_eclipse/dvt_eclipse/predefined_projects/libs/uvm-1.2/src/uvm_macros.svh ...
Loading (3) /opt/dvt_eclipse/dvt_eclipse/predefined_projects/libs/uvm-1.2/src/macros/uvm_version_defines.svh ...
Done /opt/dvt_eclipse/dvt_eclipse/predefined_projects/libs/uvm-1.2/src/macros/uvm_version_defines.svh [65 ms, 151 lines, SystemVerilog_2012] ...
Loading (4) /opt/dvt_eclipse/dvt_eclipse/predefined_projects/libs/uvm-1.2/src/macros/uvm_global_defines.svh ...
Done /opt/dvt_eclipse/dvt_eclipse/predefined_projects/libs/uvm-1.2/src/macros/uvm_global_defines.svh [0 ms, 61 lines, SystemVerilog_2012] ...
Loading (5) /opt/dvt_eclipse/dvt_eclipse/predefined_projects/libs/uvm-1.2/src/macros/uvm_message_defines.svh ...
Done /opt/dvt_eclipse/dvt_eclipse/predefined_projects/libs/uvm-1.2/src/macros/uvm_message_defines.svh [0 ms, 539 lines, SystemVerilog_2012] ...
Loading (6) /opt/dvt_eclipse/dvt_eclipse/predefined_projects/libs/uvm-1.2/src/macros/uvm_phase_defines.svh ...
Done /opt/dvt_eclipse/dvt_eclipse/predefined_projects/libs/uvm-1.2/src/macros/uvm_phase_defines.svh [0 ms, 130 lines, SystemVerilog_2012] ...
Loading (7) /opt/dvt_eclipse/dvt_eclipse/predefined_projects/libs/uvm-1.2/src/macros/uvm_object_defines.svh ...
Done /opt/dvt_eclipse/dvt_eclipse/predefined_projects/libs/uvm-1.2/src/macros/uvm_object_defines.svh [51 ms, 3815 lines, SystemVerilog_2012] ...
Loading (8) /opt/dvt_eclipse/dvt_eclipse/predefined_projects/libs/uvm-1.2/src/macros/uvm_printer_defines.svh ...
Done /opt/dvt_eclipse/dvt_eclipse/predefined_projects/libs/uvm-1.2/src/macros/uvm_printer_defines.svh [0 ms, 423 lines, SystemVerilog_2012] ...
Loading (9) /opt/dvt_eclipse/dvt_eclipse/predefined_projects/libs/uvm-1.2/src/macros/uvm_tlm_defines.svh ...
Loading (10) /opt/dvt_eclipse/dvt_eclipse/predefined_projects/libs/uvm-1.2/src/tlm1/uvm_tlm_imps.svh ...
Done /opt/dvt_eclipse/dvt_eclipse/predefined_projects/libs/uvm-1.2/src/tlm1/uvm_tlm_imps.svh [0 ms, 229 lines, SystemVerilog_2012] ...
Done /opt/dvt_eclipse/dvt_eclipse/predefined_projects/libs/uvm-1.2/src/macros/uvm_tlm_defines.svh [0 ms, 617 lines, SystemVerilog_2012] ...
Loading (11) /opt/dvt_eclipse/dvt_eclipse/predefined_projects/libs/uvm-1.2/src/macros/uvm_sequence_defines.svh ...
Done /opt/dvt_eclipse/dvt_eclipse/predefined_projects/libs/uvm-1.2/src/macros/uvm_sequence_defines.svh [0 ms, 456 lines, SystemVerilog_2012] ...
Loading (12) /opt/dvt_eclipse/dvt_eclipse/predefined_projects/libs/uvm-1.2/src/macros/uvm_callback_defines.svh ...
Done /opt/dvt_eclipse/dvt_eclipse/predefined_projects/libs/uvm-1.2/src/macros/uvm_callback_defines.svh [0 ms, 301 lines, SystemVerilog_2012] ...
Loading (13) /opt/dvt_eclipse/dvt_eclipse/predefined_projects/libs/uvm-1.2/src/macros/uvm_reg_defines.svh ...
Done /opt/dvt_eclipse/dvt_eclipse/predefined_projects/libs/uvm-1.2/src/macros/uvm_reg_defines.svh [0 ms, 69 lines, SystemVerilog_2012] ...
Loading (14) /opt/dvt_eclipse/dvt_eclipse/predefined_projects/libs/uvm-1.2/src/macros/uvm_deprecated_defines.svh ...
Done /opt/dvt_eclipse/dvt_eclipse/predefined_projects/libs/uvm-1.2/src/macros/uvm_deprecated_defines.svh [0 ms, 252 lines, SystemVerilog_2012] ...
Done /opt/dvt_eclipse/dvt_eclipse/predefined_projects/libs/uvm-1.2/src/uvm_macros.svh [0 ms, 82 lines, SystemVerilog_2012] ...
Loading (15) /opt/dvt_eclipse/dvt_eclipse/predefined_projects/libs/uvm-1.2/src/dpi/uvm_dpi.svh ...
Loading (16) /opt/dvt_eclipse/dvt_eclipse/predefined_projects/libs/uvm-1.2/src/dpi/uvm_hdl.svh ...
Done /opt/dvt_eclipse/dvt_eclipse/predefined_projects/libs/uvm-1.2/src/dpi/uvm_hdl.svh [7 ms, 164 lines, SystemVerilog_2012] ...
Loading (17) /opt/dvt_eclipse/dvt_eclipse/predefined_projects/libs/uvm-1.2/src/dpi/uvm_svcmd_dpi.svh ...
Done /opt/dvt_eclipse/dvt_eclipse/predefined_projects/libs/uvm-1.2/src/dpi/uvm_svcmd_dpi.svh [1 ms, 66 lines, SystemVerilog_2012] ...
Loading (18) /opt/dvt_eclipse/dvt_eclipse/predefined_projects/libs/uvm-1.2/src/dpi/uvm_regex.svh ...
Done /opt/dvt_eclipse/dvt_eclipse/predefined_projects/libs/uvm-1.2/src/dpi/uvm_regex.svh [0 ms, 89 lines, SystemVerilog_2012] ...
Done /opt/dvt_eclipse/dvt_eclipse/predefined_projects/libs/uvm-1.2/src/dpi/uvm_dpi.svh [0 ms, 44 lines, SystemVerilog_2012] ...
Loading (19) /opt/dvt_eclipse/dvt_eclipse/predefined_projects/libs/uvm-1.2/src/base/uvm_base.svh ...
Loading (20) /opt/dvt_eclipse/dvt_eclipse/predefined_projects/libs/uvm-1.2/src/base/uvm_coreservice.svh ...
Done /opt/dvt_eclipse/dvt_eclipse/predefined_projects/libs/uvm-1.2/src/base/uvm_coreservice.svh [3 ms, 224 lines, SystemVerilog_2012] ...
Loading (21) /opt/dvt_eclipse/dvt_eclipse/predefined_projects/libs/uvm-1.2/src/base/uvm_version.svh ...
Done /opt/dvt_eclipse/dvt_eclipse/predefined_projects/libs/uvm-1.2/src/base/uvm_version.svh [0 ms, 39 lines, SystemVerilog_2012] ...
Loading (22) /opt/dvt_eclipse/dvt_eclipse/predefined_projects/libs/uvm-1.2/src/base/uvm_object_globals.svh ...
Done /opt/dvt_eclipse/dvt_eclipse/predefined_projects/libs/uvm-1.2/src/base/uvm_object_globals.svh [3 ms, 658 lines, SystemVerilog_2012] ...
Loading (23) /opt/dvt_eclipse/dvt_eclipse/predefined_projects/libs/uvm-1.2/src/base/uvm_misc.svh ...
Done /opt/dvt_eclipse/dvt_eclipse/predefined_projects/libs/uvm-1.2/src/base/uvm_misc.svh [11 ms, 754 lines, SystemVerilog_2012] ...
Loading (24) /opt/dvt_eclipse/dvt_eclipse/predefined_projects/libs/uvm-1.2/src/base/uvm_object.svh ...
Done /opt/dvt_eclipse/dvt_eclipse/predefined_projects/libs/uvm-1.2/src/base/uvm_object.svh [9 ms, 1331 lines, SystemVerilog_2012] ...
Loading (25) /opt/dvt_eclipse/dvt_eclipse/predefined_projects/libs/uvm-1.2/src/base/uvm_pool.svh ...
Done /opt/dvt_eclipse/dvt_eclipse/predefined_projects/libs/uvm-1.2/src/base/uvm_pool.svh [3 ms, 348 lines, SystemVerilog_2012] ...
Loading (26) /opt/dvt_eclipse/dvt_eclipse/predefined_projects/libs/uvm-1.2/src/base/uvm_queue.svh ...
Done /opt/dvt_eclipse/dvt_eclipse/predefined_projects/libs/uvm-1.2/src/base/uvm_queue.svh [2 ms, 204 lines, SystemVerilog_2012] ...
Loading (27) /opt/dvt_eclipse/dvt_eclipse/predefined_projects/libs/uvm-1.2/src/base/uvm_factory.svh ...
Done /opt/dvt_eclipse/dvt_eclipse/predefined_projects/libs/uvm-1.2/src/base/uvm_factory.svh [13 ms, 1790 lines, SystemVerilog_2012] ...
Loading (28) /opt/dvt_eclipse/dvt_eclipse/predefined_projects/libs/uvm-1.2/src/base/uvm_registry.svh ...
Done /opt/dvt_eclipse/dvt_eclipse/predefined_projects/libs/uvm-1.2/src/base/uvm_registry.svh [1 ms, 381 lines, SystemVerilog_2012] ...
Loading (29) /opt/dvt_eclipse/dvt_eclipse/predefined_projects/libs/uvm-1.2/src/base/uvm_spell_chkr.svh ...
Done /opt/dvt_eclipse/dvt_eclipse/predefined_projects/libs/uvm-1.2/src/base/uvm_spell_chkr.svh [2 ms, 204 lines, SystemVerilog_2012] ...
Loading (30) /opt/dvt_eclipse/dvt_eclipse/predefined_projects/libs/uvm-1.2/src/base/uvm_resource.svh ...
Done /opt/dvt_eclipse/dvt_eclipse/predefined_projects/libs/uvm-1.2/src/base/uvm_resource.svh [10 ms, 1695 lines, SystemVerilog_2012] ...
Loading (31) /opt/dvt_eclipse/dvt_eclipse/predefined_projects/libs/uvm-1.2/src/base/uvm_resource_specializations.svh ...
Done /opt/dvt_eclipse/dvt_eclipse/predefined_projects/libs/uvm-1.2/src/base/uvm_resource_specializations.svh [2 ms, 171 lines, SystemVerilog_2012] ...
Loading (32) /opt/dvt_eclipse/dvt_eclipse/predefined_projects/libs/uvm-1.2/src/base/uvm_resource_db.svh ...
Done /opt/dvt_eclipse/dvt_eclipse/predefined_projects/libs/uvm-1.2/src/base/uvm_resource_db.svh [2 ms, 400 lines, SystemVerilog_2012] ...
Loading (33) /opt/dvt_eclipse/dvt_eclipse/predefined_projects/libs/uvm-1.2/src/base/uvm_config_db.svh ...
Done /opt/dvt_eclipse/dvt_eclipse/predefined_projects/libs/uvm-1.2/src/base/uvm_config_db.svh [2 ms, 411 lines, SystemVerilog_2012] ...
Loading (34) /opt/dvt_eclipse/dvt_eclipse/predefined_projects/libs/uvm-1.2/src/base/uvm_printer.svh ...
Done /opt/dvt_eclipse/dvt_eclipse/predefined_projects/libs/uvm-1.2/src/base/uvm_printer.svh [7 ms, 1232 lines, SystemVerilog_2012] ...
Loading (35) /opt/dvt_eclipse/dvt_eclipse/predefined_projects/libs/uvm-1.2/src/base/uvm_comparer.svh ...
Done /opt/dvt_eclipse/dvt_eclipse/predefined_projects/libs/uvm-1.2/src/base/uvm_comparer.svh [4 ms, 423 lines, SystemVerilog_2012] ...
Loading (36) /opt/dvt_eclipse/dvt_eclipse/predefined_projects/libs/uvm-1.2/src/base/uvm_packer.svh ...
Done /opt/dvt_eclipse/dvt_eclipse/predefined_projects/libs/uvm-1.2/src/base/uvm_packer.svh [9 ms, 1038 lines, SystemVerilog_2012] ...
Loading (37) /opt/dvt_eclipse/dvt_eclipse/predefined_projects/libs/uvm-1.2/src/base/uvm_links.svh ...
Done /opt/dvt_eclipse/dvt_eclipse/predefined_projects/libs/uvm-1.2/src/base/uvm_links.svh [2 ms, 371 lines, SystemVerilog_2012] ...
Loading (38) /opt/dvt_eclipse/dvt_eclipse/predefined_projects/libs/uvm-1.2/src/base/uvm_tr_database.svh ...
Done /opt/dvt_eclipse/dvt_eclipse/predefined_projects/libs/uvm-1.2/src/base/uvm_tr_database.svh [3 ms, 433 lines, SystemVerilog_2012] ...
Loading (39) /opt/dvt_eclipse/dvt_eclipse/predefined_projects/libs/uvm-1.2/src/base/uvm_tr_stream.svh ...
Done /opt/dvt_eclipse/dvt_eclipse/predefined_projects/libs/uvm-1.2/src/base/uvm_tr_stream.svh [3 ms, 592 lines, SystemVerilog_2012] ...
Loading (40) /opt/dvt_eclipse/dvt_eclipse/predefined_projects/libs/uvm-1.2/src/base/uvm_recorder.svh ...
Done /opt/dvt_eclipse/dvt_eclipse/predefined_projects/libs/uvm-1.2/src/base/uvm_recorder.svh [5 ms, 1141 lines, SystemVerilog_2012] ...
Loading (41) /opt/dvt_eclipse/dvt_eclipse/predefined_projects/libs/uvm-1.2/src/base/uvm_event_callback.svh ...
Done /opt/dvt_eclipse/dvt_eclipse/predefined_projects/libs/uvm-1.2/src/base/uvm_event_callback.svh [1 ms, 91 lines, SystemVerilog_2012] ...
Loading (42) /opt/dvt_eclipse/dvt_eclipse/predefined_projects/libs/uvm-1.2/src/base/uvm_event.svh ...
Done /opt/dvt_eclipse/dvt_eclipse/predefined_projects/libs/uvm-1.2/src/base/uvm_event.svh [1 ms, 395 lines, SystemVerilog_2012] ...
Loading (43) /opt/dvt_eclipse/dvt_eclipse/predefined_projects/libs/uvm-1.2/src/base/uvm_barrier.svh ...
Done /opt/dvt_eclipse/dvt_eclipse/predefined_projects/libs/uvm-1.2/src/base/uvm_barrier.svh [1 ms, 210 lines, SystemVerilog_2012] ...
Loading (44) /opt/dvt_eclipse/dvt_eclipse/predefined_projects/libs/uvm-1.2/src/base/uvm_callback.svh ...
Loading (45) /opt/dvt_eclipse/dvt_eclipse/predefined_projects/libs/uvm-1.2/src/uvm_macros.svh ...
Done /opt/dvt_eclipse/dvt_eclipse/predefined_projects/libs/uvm-1.2/src/uvm_macros.svh [0 ms, 82 lines, SystemVerilog_2012] ...
Done /opt/dvt_eclipse/dvt_eclipse/predefined_projects/libs/uvm-1.2/src/base/uvm_callback.svh [9 ms, 1199 lines, SystemVerilog_2012] ...
Loading (46) /opt/dvt_eclipse/dvt_eclipse/predefined_projects/libs/uvm-1.2/src/base/uvm_report_message.svh ...
Done /opt/dvt_eclipse/dvt_eclipse/predefined_projects/libs/uvm-1.2/src/base/uvm_report_message.svh [6 ms, 940 lines, SystemVerilog_2012] ...
Loading (47) /opt/dvt_eclipse/dvt_eclipse/predefined_projects/libs/uvm-1.2/src/base/uvm_report_catcher.svh ...
Done /opt/dvt_eclipse/dvt_eclipse/predefined_projects/libs/uvm-1.2/src/base/uvm_report_catcher.svh [3 ms, 713 lines, SystemVerilog_2012] ...
Loading (48) /opt/dvt_eclipse/dvt_eclipse/predefined_projects/libs/uvm-1.2/src/base/uvm_report_server.svh ...
Done /opt/dvt_eclipse/dvt_eclipse/predefined_projects/libs/uvm-1.2/src/base/uvm_report_server.svh [5 ms, 923 lines, SystemVerilog_2012] ...
Loading (49) /opt/dvt_eclipse/dvt_eclipse/predefined_projects/libs/uvm-1.2/src/base/uvm_report_handler.svh ...
Done /opt/dvt_eclipse/dvt_eclipse/predefined_projects/libs/uvm-1.2/src/base/uvm_report_handler.svh [7 ms, 801 lines, SystemVerilog_2012] ...
Loading (50) /opt/dvt_eclipse/dvt_eclipse/predefined_projects/libs/uvm-1.2/src/base/uvm_report_object.svh ...
Done /opt/dvt_eclipse/dvt_eclipse/predefined_projects/libs/uvm-1.2/src/base/uvm_report_object.svh [2 ms, 660 lines, SystemVerilog_2012] ...
Loading (51) /opt/dvt_eclipse/dvt_eclipse/predefined_projects/libs/uvm-1.2/src/base/uvm_transaction.svh ...
Done /opt/dvt_eclipse/dvt_eclipse/predefined_projects/libs/uvm-1.2/src/base/uvm_transaction.svh [3 ms, 781 lines, SystemVerilog_2012] ...
Loading (52) /opt/dvt_eclipse/dvt_eclipse/predefined_projects/libs/uvm-1.2/src/base/uvm_phase.svh ...
Done /opt/dvt_eclipse/dvt_eclipse/predefined_projects/libs/uvm-1.2/src/base/uvm_phase.svh [16 ms, 2254 lines, SystemVerilog_2012] ...
Loading (53) /opt/dvt_eclipse/dvt_eclipse/predefined_projects/libs/uvm-1.2/src/base/uvm_domain.svh ...
Done /opt/dvt_eclipse/dvt_eclipse/predefined_projects/libs/uvm-1.2/src/base/uvm_domain.svh [2 ms, 219 lines, SystemVerilog_2012] ...
Loading (54) /opt/dvt_eclipse/dvt_eclipse/predefined_projects/libs/uvm-1.2/src/base/uvm_bottomup_phase.svh ...
Done /opt/dvt_eclipse/dvt_eclipse/predefined_projects/libs/uvm-1.2/src/base/uvm_bottomup_phase.svh [1 ms, 113 lines, SystemVerilog_2012] ...
Loading (55) /opt/dvt_eclipse/dvt_eclipse/predefined_projects/libs/uvm-1.2/src/base/uvm_topdown_phase.svh ...
Done /opt/dvt_eclipse/dvt_eclipse/predefined_projects/libs/uvm-1.2/src/base/uvm_topdown_phase.svh [1 ms, 115 lines, SystemVerilog_2012] ...
Loading (56) /opt/dvt_eclipse/dvt_eclipse/predefined_projects/libs/uvm-1.2/src/base/uvm_task_phase.svh ...
Done /opt/dvt_eclipse/dvt_eclipse/predefined_projects/libs/uvm-1.2/src/base/uvm_task_phase.svh [2 ms, 162 lines, SystemVerilog_2012] ...
Loading (57) /opt/dvt_eclipse/dvt_eclipse/predefined_projects/libs/uvm-1.2/src/base/uvm_common_phases.svh ...
Done /opt/dvt_eclipse/dvt_eclipse/predefined_projects/libs/uvm-1.2/src/base/uvm_common_phases.svh [3 ms, 452 lines, SystemVerilog_2012] ...
Loading (58) /opt/dvt_eclipse/dvt_eclipse/predefined_projects/libs/uvm-1.2/src/base/uvm_runtime_phases.svh ...
Done /opt/dvt_eclipse/dvt_eclipse/predefined_projects/libs/uvm-1.2/src/base/uvm_runtime_phases.svh [4 ms, 556 lines, SystemVerilog_2012] ...
Loading (59) /opt/dvt_eclipse/dvt_eclipse/predefined_projects/libs/uvm-1.2/src/base/uvm_component.svh ...
Loading (60) /opt/dvt_eclipse/dvt_eclipse/predefined_projects/libs/uvm-1.2/src/base/uvm_root.svh ...
Done /opt/dvt_eclipse/dvt_eclipse/predefined_projects/libs/uvm-1.2/src/base/uvm_root.svh [16 ms, 1073 lines, SystemVerilog_2012] ...
Done /opt/dvt_eclipse/dvt_eclipse/predefined_projects/libs/uvm-1.2/src/base/uvm_component.svh [17 ms, 3639 lines, SystemVerilog_2012] ...
Loading (61) /opt/dvt_eclipse/dvt_eclipse/predefined_projects/libs/uvm-1.2/src/base/uvm_objection.svh ...
Done /opt/dvt_eclipse/dvt_eclipse/predefined_projects/libs/uvm-1.2/src/base/uvm_objection.svh [9 ms, 1454 lines, SystemVerilog_2012] ...
Loading (62) /opt/dvt_eclipse/dvt_eclipse/predefined_projects/libs/uvm-1.2/src/base/uvm_heartbeat.svh ...
Done /opt/dvt_eclipse/dvt_eclipse/predefined_projects/libs/uvm-1.2/src/base/uvm_heartbeat.svh [2 ms, 342 lines, SystemVerilog_2012] ...
Loading (63) /opt/dvt_eclipse/dvt_eclipse/predefined_projects/libs/uvm-1.2/src/base/uvm_globals.svh ...
Done /opt/dvt_eclipse/dvt_eclipse/predefined_projects/libs/uvm-1.2/src/base/uvm_globals.svh [3 ms, 565 lines, SystemVerilog_2012] ...
Loading (64) /opt/dvt_eclipse/dvt_eclipse/predefined_projects/libs/uvm-1.2/src/base/uvm_cmdline_processor.svh ...
Done /opt/dvt_eclipse/dvt_eclipse/predefined_projects/libs/uvm-1.2/src/base/uvm_cmdline_processor.svh [2 ms, 462 lines, SystemVerilog_2012] ...
Loading (65) /opt/dvt_eclipse/dvt_eclipse/predefined_projects/libs/uvm-1.2/src/base/uvm_traversal.svh ...
Done /opt/dvt_eclipse/dvt_eclipse/predefined_projects/libs/uvm-1.2/src/base/uvm_traversal.svh [1 ms, 289 lines, SystemVerilog_2012] ...
Done /opt/dvt_eclipse/dvt_eclipse/predefined_projects/libs/uvm-1.2/src/base/uvm_base.svh [46 ms, 113 lines, SystemVerilog_2012] ...
Loading (66) /opt/dvt_eclipse/dvt_eclipse/predefined_projects/libs/uvm-1.2/src/dap/uvm_dap.svh ...
Loading (67) /opt/dvt_eclipse/dvt_eclipse/predefined_projects/libs/uvm-1.2/src/dap/uvm_set_get_dap_base.svh ...
Done /opt/dvt_eclipse/dvt_eclipse/predefined_projects/libs/uvm-1.2/src/dap/uvm_set_get_dap_base.svh [0 ms, 84 lines, SystemVerilog_2012] ...
Loading (68) /opt/dvt_eclipse/dvt_eclipse/predefined_projects/libs/uvm-1.2/src/dap/uvm_simple_lock_dap.svh ...
Done /opt/dvt_eclipse/dvt_eclipse/predefined_projects/libs/uvm-1.2/src/dap/uvm_simple_lock_dap.svh [3 ms, 179 lines, SystemVerilog_2012] ...
Loading (69) /opt/dvt_eclipse/dvt_eclipse/predefined_projects/libs/uvm-1.2/src/dap/uvm_get_to_lock_dap.svh ...
Done /opt/dvt_eclipse/dvt_eclipse/predefined_projects/libs/uvm-1.2/src/dap/uvm_get_to_lock_dap.svh [2 ms, 155 lines, SystemVerilog_2012] ...
Loading (70) /opt/dvt_eclipse/dvt_eclipse/predefined_projects/libs/uvm-1.2/src/dap/uvm_set_before_get_dap.svh ...
Done /opt/dvt_eclipse/dvt_eclipse/predefined_projects/libs/uvm-1.2/src/dap/uvm_set_before_get_dap.svh [1 ms, 185 lines, SystemVerilog_2012] ...
Done /opt/dvt_eclipse/dvt_eclipse/predefined_projects/libs/uvm-1.2/src/dap/uvm_dap.svh [0 ms, 35 lines, SystemVerilog_2012] ...
Loading (71) /opt/dvt_eclipse/dvt_eclipse/predefined_projects/libs/uvm-1.2/src/tlm1/uvm_tlm.svh ...
Loading (72) /opt/dvt_eclipse/dvt_eclipse/predefined_projects/libs/uvm-1.2/src/tlm1/uvm_tlm_ifs.svh ...
Done /opt/dvt_eclipse/dvt_eclipse/predefined_projects/libs/uvm-1.2/src/tlm1/uvm_tlm_ifs.svh [1 ms, 219 lines, SystemVerilog_2012] ...
Loading (73) /opt/dvt_eclipse/dvt_eclipse/predefined_projects/libs/uvm-1.2/src/tlm1/uvm_sqr_ifs.svh ...
Done /opt/dvt_eclipse/dvt_eclipse/predefined_projects/libs/uvm-1.2/src/tlm1/uvm_sqr_ifs.svh [1 ms, 253 lines, SystemVerilog_2012] ...
Loading (74) /opt/dvt_eclipse/dvt_eclipse/predefined_projects/libs/uvm-1.2/src/base/uvm_port_base.svh ...
Done /opt/dvt_eclipse/dvt_eclipse/predefined_projects/libs/uvm-1.2/src/base/uvm_port_base.svh [4 ms, 793 lines, SystemVerilog_2012] ...
Loading (75) /opt/dvt_eclipse/dvt_eclipse/predefined_projects/libs/uvm-1.2/src/tlm1/uvm_tlm_imps.svh ...
Done /opt/dvt_eclipse/dvt_eclipse/predefined_projects/libs/uvm-1.2/src/tlm1/uvm_tlm_imps.svh [0 ms, 229 lines, SystemVerilog_2012] ...
Loading (76) /opt/dvt_eclipse/dvt_eclipse/predefined_projects/libs/uvm-1.2/src/tlm1/uvm_imps.svh ...
Done /opt/dvt_eclipse/dvt_eclipse/predefined_projects/libs/uvm-1.2/src/tlm1/uvm_imps.svh [6 ms, 317 lines, SystemVerilog_2012] ...
Loading (77) /opt/dvt_eclipse/dvt_eclipse/predefined_projects/libs/uvm-1.2/src/tlm1/uvm_ports.svh ...
Done /opt/dvt_eclipse/dvt_eclipse/predefined_projects/libs/uvm-1.2/src/tlm1/uvm_ports.svh [4 ms, 263 lines, SystemVerilog_2012] ...
Loading (78) /opt/dvt_eclipse/dvt_eclipse/predefined_projects/libs/uvm-1.2/src/tlm1/uvm_exports.svh ...
Done /opt/dvt_eclipse/dvt_eclipse/predefined_projects/libs/uvm-1.2/src/tlm1/uvm_exports.svh [7 ms, 260 lines, SystemVerilog_2012] ...
Loading (79) /opt/dvt_eclipse/dvt_eclipse/predefined_projects/libs/uvm-1.2/src/tlm1/uvm_analysis_port.svh ...
Done /opt/dvt_eclipse/dvt_eclipse/predefined_projects/libs/uvm-1.2/src/tlm1/uvm_analysis_port.svh [2 ms, 156 lines, SystemVerilog_2012] ...
Loading (80) /opt/dvt_eclipse/dvt_eclipse/predefined_projects/libs/uvm-1.2/src/tlm1/uvm_tlm_fifo_base.svh ...
Done /opt/dvt_eclipse/dvt_eclipse/predefined_projects/libs/uvm-1.2/src/tlm1/uvm_tlm_fifo_base.svh [1 ms, 253 lines, SystemVerilog_2012] ...
Loading (81) /opt/dvt_eclipse/dvt_eclipse/predefined_projects/libs/uvm-1.2/src/tlm1/uvm_tlm_fifos.svh ...
Done /opt/dvt_eclipse/dvt_eclipse/predefined_projects/libs/uvm-1.2/src/tlm1/uvm_tlm_fifos.svh [1 ms, 239 lines, SystemVerilog_2012] ...
Loading (82) /opt/dvt_eclipse/dvt_eclipse/predefined_projects/libs/uvm-1.2/src/tlm1/uvm_tlm_req_rsp.svh ...
Done /opt/dvt_eclipse/dvt_eclipse/predefined_projects/libs/uvm-1.2/src/tlm1/uvm_tlm_req_rsp.svh [2 ms, 349 lines, SystemVerilog_2012] ...
Loading (83) /opt/dvt_eclipse/dvt_eclipse/predefined_projects/libs/uvm-1.2/src/tlm1/uvm_sqr_connections.svh ...
Done /opt/dvt_eclipse/dvt_eclipse/predefined_projects/libs/uvm-1.2/src/tlm1/uvm_sqr_connections.svh [2 ms, 84 lines, SystemVerilog_2012] ...
Done /opt/dvt_eclipse/dvt_eclipse/predefined_projects/libs/uvm-1.2/src/tlm1/uvm_tlm.svh [0 ms, 40 lines, SystemVerilog_2012] ...
Loading (84) /opt/dvt_eclipse/dvt_eclipse/predefined_projects/libs/uvm-1.2/src/comps/uvm_comps.svh ...
Loading (85) /opt/dvt_eclipse/dvt_eclipse/predefined_projects/libs/uvm-1.2/src/comps/uvm_pair.svh ...
Done /opt/dvt_eclipse/dvt_eclipse/predefined_projects/libs/uvm-1.2/src/comps/uvm_pair.svh [3 ms, 171 lines, SystemVerilog_2012] ...
Loading (86) /opt/dvt_eclipse/dvt_eclipse/predefined_projects/libs/uvm-1.2/src/comps/uvm_policies.svh ...
Done /opt/dvt_eclipse/dvt_eclipse/predefined_projects/libs/uvm-1.2/src/comps/uvm_policies.svh [1 ms, 142 lines, SystemVerilog_2012] ...
Loading (87) /opt/dvt_eclipse/dvt_eclipse/predefined_projects/libs/uvm-1.2/src/comps/uvm_in_order_comparator.svh ...
Done /opt/dvt_eclipse/dvt_eclipse/predefined_projects/libs/uvm-1.2/src/comps/uvm_in_order_comparator.svh [1 ms, 260 lines, SystemVerilog_2012] ...
Loading (88) /opt/dvt_eclipse/dvt_eclipse/predefined_projects/libs/uvm-1.2/src/comps/uvm_algorithmic_comparator.svh ...
Done /opt/dvt_eclipse/dvt_eclipse/predefined_projects/libs/uvm-1.2/src/comps/uvm_algorithmic_comparator.svh [1 ms, 135 lines, SystemVerilog_2012] ...
Loading (89) /opt/dvt_eclipse/dvt_eclipse/predefined_projects/libs/uvm-1.2/src/comps/uvm_random_stimulus.svh ...
Done /opt/dvt_eclipse/dvt_eclipse/predefined_projects/libs/uvm-1.2/src/comps/uvm_random_stimulus.svh [1 ms, 132 lines, SystemVerilog_2012] ...
Loading (90) /opt/dvt_eclipse/dvt_eclipse/predefined_projects/libs/uvm-1.2/src/comps/uvm_subscriber.svh ...
Done /opt/dvt_eclipse/dvt_eclipse/predefined_projects/libs/uvm-1.2/src/comps/uvm_subscriber.svh [0 ms, 68 lines, SystemVerilog_2012] ...
Loading (91) /opt/dvt_eclipse/dvt_eclipse/predefined_projects/libs/uvm-1.2/src/comps/uvm_monitor.svh ...
Done /opt/dvt_eclipse/dvt_eclipse/predefined_projects/libs/uvm-1.2/src/comps/uvm_monitor.svh [0 ms, 54 lines, SystemVerilog_2012] ...
Loading (92) /opt/dvt_eclipse/dvt_eclipse/predefined_projects/libs/uvm-1.2/src/comps/uvm_driver.svh ...
Done /opt/dvt_eclipse/dvt_eclipse/predefined_projects/libs/uvm-1.2/src/comps/uvm_driver.svh [1 ms, 89 lines, SystemVerilog_2012] ...
Loading (93) /opt/dvt_eclipse/dvt_eclipse/predefined_projects/libs/uvm-1.2/src/comps/uvm_push_driver.svh ...
Done /opt/dvt_eclipse/dvt_eclipse/predefined_projects/libs/uvm-1.2/src/comps/uvm_push_driver.svh [0 ms, 97 lines, SystemVerilog_2012] ...
Loading (94) /opt/dvt_eclipse/dvt_eclipse/predefined_projects/libs/uvm-1.2/src/comps/uvm_scoreboard.svh ...
Done /opt/dvt_eclipse/dvt_eclipse/predefined_projects/libs/uvm-1.2/src/comps/uvm_scoreboard.svh [0 ms, 56 lines, SystemVerilog_2012] ...
Loading (95) /opt/dvt_eclipse/dvt_eclipse/predefined_projects/libs/uvm-1.2/src/comps/uvm_agent.svh ...
Done /opt/dvt_eclipse/dvt_eclipse/predefined_projects/libs/uvm-1.2/src/comps/uvm_agent.svh [1 ms, 136 lines, SystemVerilog_2012] ...
Loading (96) /opt/dvt_eclipse/dvt_eclipse/predefined_projects/libs/uvm-1.2/src/comps/uvm_env.svh ...
Done /opt/dvt_eclipse/dvt_eclipse/predefined_projects/libs/uvm-1.2/src/comps/uvm_env.svh [1 ms, 54 lines, SystemVerilog_2012] ...
Loading (97) /opt/dvt_eclipse/dvt_eclipse/predefined_projects/libs/uvm-1.2/src/comps/uvm_test.svh ...
Done /opt/dvt_eclipse/dvt_eclipse/predefined_projects/libs/uvm-1.2/src/comps/uvm_test.svh [0 ms, 82 lines, SystemVerilog_2012] ...
Done /opt/dvt_eclipse/dvt_eclipse/predefined_projects/libs/uvm-1.2/src/comps/uvm_comps.svh [0 ms, 37 lines, SystemVerilog_2012] ...
Loading (98) /opt/dvt_eclipse/dvt_eclipse/predefined_projects/libs/uvm-1.2/src/seq/uvm_seq.svh ...
Loading (99) /opt/dvt_eclipse/dvt_eclipse/predefined_projects/libs/uvm-1.2/src/seq/uvm_sequence_item.svh ...
Done /opt/dvt_eclipse/dvt_eclipse/predefined_projects/libs/uvm-1.2/src/seq/uvm_sequence_item.svh [3 ms, 498 lines, SystemVerilog_2012] ...
Loading (100) /opt/dvt_eclipse/dvt_eclipse/predefined_projects/libs/uvm-1.2/src/seq/uvm_sequencer_base.svh ...
Done /opt/dvt_eclipse/dvt_eclipse/predefined_projects/libs/uvm-1.2/src/seq/uvm_sequencer_base.svh [17 ms, 1775 lines, SystemVerilog_2012] ...
Loading (101) /opt/dvt_eclipse/dvt_eclipse/predefined_projects/libs/uvm-1.2/src/seq/uvm_sequencer_analysis_fifo.svh ...
Done /opt/dvt_eclipse/dvt_eclipse/predefined_projects/libs/uvm-1.2/src/seq/uvm_sequencer_analysis_fifo.svh [0 ms, 39 lines, SystemVerilog_2012] ...
Loading (102) /opt/dvt_eclipse/dvt_eclipse/predefined_projects/libs/uvm-1.2/src/seq/uvm_sequencer_param_base.svh ...
Done /opt/dvt_eclipse/dvt_eclipse/predefined_projects/libs/uvm-1.2/src/seq/uvm_sequencer_param_base.svh [2 ms, 460 lines, SystemVerilog_2012] ...
Loading (103) /opt/dvt_eclipse/dvt_eclipse/predefined_projects/libs/uvm-1.2/src/seq/uvm_sequencer.svh ...
Done /opt/dvt_eclipse/dvt_eclipse/predefined_projects/libs/uvm-1.2/src/seq/uvm_sequencer.svh [2 ms, 347 lines, SystemVerilog_2012] ...
Loading (104) /opt/dvt_eclipse/dvt_eclipse/predefined_projects/libs/uvm-1.2/src/seq/uvm_push_sequencer.svh ...
Done /opt/dvt_eclipse/dvt_eclipse/predefined_projects/libs/uvm-1.2/src/seq/uvm_push_sequencer.svh [1 ms, 85 lines, SystemVerilog_2012] ...
Loading (105) /opt/dvt_eclipse/dvt_eclipse/predefined_projects/libs/uvm-1.2/src/seq/uvm_sequence_base.svh ...
Done /opt/dvt_eclipse/dvt_eclipse/predefined_projects/libs/uvm-1.2/src/seq/uvm_sequence_base.svh [9 ms, 1405 lines, SystemVerilog_2012] ...
Loading (106) /opt/dvt_eclipse/dvt_eclipse/predefined_projects/libs/uvm-1.2/src/seq/uvm_sequence.svh ...
Done /opt/dvt_eclipse/dvt_eclipse/predefined_projects/libs/uvm-1.2/src/seq/uvm_sequence.svh [1 ms, 148 lines, SystemVerilog_2012] ...
Loading (107) /opt/dvt_eclipse/dvt_eclipse/predefined_projects/libs/uvm-1.2/src/seq/uvm_sequence_library.svh ...
Done /opt/dvt_eclipse/dvt_eclipse/predefined_projects/libs/uvm-1.2/src/seq/uvm_sequence_library.svh [8 ms, 813 lines, SystemVerilog_2012] ...
Loading (108) /opt/dvt_eclipse/dvt_eclipse/predefined_projects/libs/uvm-1.2/src/seq/uvm_sequence_builtin.svh ...
Done /opt/dvt_eclipse/dvt_eclipse/predefined_projects/libs/uvm-1.2/src/seq/uvm_sequence_builtin.svh [2 ms, 301 lines, SystemVerilog_2012] ...
Done /opt/dvt_eclipse/dvt_eclipse/predefined_projects/libs/uvm-1.2/src/seq/uvm_seq.svh [0 ms, 40 lines, SystemVerilog_2012] ...
Loading (109) /opt/dvt_eclipse/dvt_eclipse/predefined_projects/libs/uvm-1.2/src/tlm2/uvm_tlm2.svh ...
Loading (110) /opt/dvt_eclipse/dvt_eclipse/predefined_projects/libs/uvm-1.2/src/tlm2/uvm_tlm2_defines.svh ...
Done /opt/dvt_eclipse/dvt_eclipse/predefined_projects/libs/uvm-1.2/src/tlm2/uvm_tlm2_defines.svh [0 ms, 45 lines, SystemVerilog_2012] ...
Loading (111) /opt/dvt_eclipse/dvt_eclipse/predefined_projects/libs/uvm-1.2/src/tlm2/uvm_tlm2_time.svh ...
Done /opt/dvt_eclipse/dvt_eclipse/predefined_projects/libs/uvm-1.2/src/tlm2/uvm_tlm2_time.svh [2 ms, 333 lines, SystemVerilog_2012] ...
Loading (112) /opt/dvt_eclipse/dvt_eclipse/predefined_projects/libs/uvm-1.2/src/tlm2/uvm_tlm2_generic_payload.svh ...
Done /opt/dvt_eclipse/dvt_eclipse/predefined_projects/libs/uvm-1.2/src/tlm2/uvm_tlm2_generic_payload.svh [11 ms, 1053 lines, SystemVerilog_2012] ...
Loading (113) /opt/dvt_eclipse/dvt_eclipse/predefined_projects/libs/uvm-1.2/src/tlm2/uvm_tlm2_ifs.svh ...
Done /opt/dvt_eclipse/dvt_eclipse/predefined_projects/libs/uvm-1.2/src/tlm2/uvm_tlm2_ifs.svh [1 ms, 178 lines, SystemVerilog_2012] ...
Loading (114) /opt/dvt_eclipse/dvt_eclipse/predefined_projects/libs/uvm-1.2/src/tlm2/uvm_tlm2_imps.svh ...
Done /opt/dvt_eclipse/dvt_eclipse/predefined_projects/libs/uvm-1.2/src/tlm2/uvm_tlm2_imps.svh [1 ms, 203 lines, SystemVerilog_2012] ...
Loading (115) /opt/dvt_eclipse/dvt_eclipse/predefined_projects/libs/uvm-1.2/src/tlm2/uvm_tlm2_ports.svh ...
Done /opt/dvt_eclipse/dvt_eclipse/predefined_projects/libs/uvm-1.2/src/tlm2/uvm_tlm2_ports.svh [2 ms, 75 lines, SystemVerilog_2012] ...
Loading (116) /opt/dvt_eclipse/dvt_eclipse/predefined_projects/libs/uvm-1.2/src/tlm2/uvm_tlm2_exports.svh ...
Done /opt/dvt_eclipse/dvt_eclipse/predefined_projects/libs/uvm-1.2/src/tlm2/uvm_tlm2_exports.svh [1 ms, 65 lines, SystemVerilog_2012] ...
Loading (117) /opt/dvt_eclipse/dvt_eclipse/predefined_projects/libs/uvm-1.2/src/tlm2/uvm_tlm2_sockets_base.svh ...
Done /opt/dvt_eclipse/dvt_eclipse/predefined_projects/libs/uvm-1.2/src/tlm2/uvm_tlm2_sockets_base.svh [3 ms, 195 lines, SystemVerilog_2012] ...
Loading (118) /opt/dvt_eclipse/dvt_eclipse/predefined_projects/libs/uvm-1.2/src/tlm2/uvm_tlm2_sockets.svh ...
Done /opt/dvt_eclipse/dvt_eclipse/predefined_projects/libs/uvm-1.2/src/tlm2/uvm_tlm2_sockets.svh [4 ms, 435 lines, SystemVerilog_2012] ...
Done /opt/dvt_eclipse/dvt_eclipse/predefined_projects/libs/uvm-1.2/src/tlm2/uvm_tlm2.svh [0 ms, 30 lines, SystemVerilog_2012] ...
Loading (119) /opt/dvt_eclipse/dvt_eclipse/predefined_projects/libs/uvm-1.2/src/reg/uvm_reg_model.svh ...
Loading (120) /opt/dvt_eclipse/dvt_eclipse/predefined_projects/libs/uvm-1.2/src/reg/uvm_reg_item.svh ...
Done /opt/dvt_eclipse/dvt_eclipse/predefined_projects/libs/uvm-1.2/src/reg/uvm_reg_item.svh [4 ms, 316 lines, SystemVerilog_2012] ...
Loading (121) /opt/dvt_eclipse/dvt_eclipse/predefined_projects/libs/uvm-1.2/src/reg/uvm_reg_adapter.svh ...
Done /opt/dvt_eclipse/dvt_eclipse/predefined_projects/libs/uvm-1.2/src/reg/uvm_reg_adapter.svh [2 ms, 254 lines, SystemVerilog_2012] ...
Loading (122) /opt/dvt_eclipse/dvt_eclipse/predefined_projects/libs/uvm-1.2/src/reg/uvm_reg_predictor.svh ...
Done /opt/dvt_eclipse/dvt_eclipse/predefined_projects/libs/uvm-1.2/src/reg/uvm_reg_predictor.svh [3 ms, 265 lines, SystemVerilog_2012] ...
Loading (123) /opt/dvt_eclipse/dvt_eclipse/predefined_projects/libs/uvm-1.2/src/reg/uvm_reg_sequence.svh ...
Done /opt/dvt_eclipse/dvt_eclipse/predefined_projects/libs/uvm-1.2/src/reg/uvm_reg_sequence.svh [6 ms, 548 lines, SystemVerilog_2012] ...
Loading (124) /opt/dvt_eclipse/dvt_eclipse/predefined_projects/libs/uvm-1.2/src/reg/uvm_reg_cbs.svh ...
Done /opt/dvt_eclipse/dvt_eclipse/predefined_projects/libs/uvm-1.2/src/reg/uvm_reg_cbs.svh [4 ms, 530 lines, SystemVerilog_2012] ...
Loading (125) /opt/dvt_eclipse/dvt_eclipse/predefined_projects/libs/uvm-1.2/src/reg/uvm_reg_backdoor.svh ...
Done /opt/dvt_eclipse/dvt_eclipse/predefined_projects/libs/uvm-1.2/src/reg/uvm_reg_backdoor.svh [3 ms, 348 lines, SystemVerilog_2012] ...
Loading (126) /opt/dvt_eclipse/dvt_eclipse/predefined_projects/libs/uvm-1.2/src/reg/uvm_reg_field.svh ...
Done /opt/dvt_eclipse/dvt_eclipse/predefined_projects/libs/uvm-1.2/src/reg/uvm_reg_field.svh [11 ms, 2013 lines, SystemVerilog_2012] ...
Loading (127) /opt/dvt_eclipse/dvt_eclipse/predefined_projects/libs/uvm-1.2/src/reg/uvm_vreg_field.svh ...
Done /opt/dvt_eclipse/dvt_eclipse/predefined_projects/libs/uvm-1.2/src/reg/uvm_vreg_field.svh [34 ms, 1005 lines, SystemVerilog_2012] ...
Loading (128) /opt/dvt_eclipse/dvt_eclipse/predefined_projects/libs/uvm-1.2/src/reg/uvm_reg.svh ...
Done /opt/dvt_eclipse/dvt_eclipse/predefined_projects/libs/uvm-1.2/src/reg/uvm_reg.svh [27 ms, 3102 lines, SystemVerilog_2012] ...
Loading (129) /opt/dvt_eclipse/dvt_eclipse/predefined_projects/libs/uvm-1.2/src/reg/uvm_reg_indirect.svh ...
Done /opt/dvt_eclipse/dvt_eclipse/predefined_projects/libs/uvm-1.2/src/reg/uvm_reg_indirect.svh [4 ms, 330 lines, SystemVerilog_2012] ...
Loading (130) /opt/dvt_eclipse/dvt_eclipse/predefined_projects/libs/uvm-1.2/src/reg/uvm_reg_fifo.svh ...
Done /opt/dvt_eclipse/dvt_eclipse/predefined_projects/libs/uvm-1.2/src/reg/uvm_reg_fifo.svh [1 ms, 311 lines, SystemVerilog_2012] ...
Loading (131) /opt/dvt_eclipse/dvt_eclipse/predefined_projects/libs/uvm-1.2/src/reg/uvm_reg_file.svh ...
Done /opt/dvt_eclipse/dvt_eclipse/predefined_projects/libs/uvm-1.2/src/reg/uvm_reg_file.svh [4 ms, 501 lines, SystemVerilog_2012] ...
Loading (132) /opt/dvt_eclipse/dvt_eclipse/predefined_projects/libs/uvm-1.2/src/reg/uvm_mem_mam.svh ...
Done /opt/dvt_eclipse/dvt_eclipse/predefined_projects/libs/uvm-1.2/src/reg/uvm_mem_mam.svh [10 ms, 1019 lines, SystemVerilog_2012] ...
Loading (133) /opt/dvt_eclipse/dvt_eclipse/predefined_projects/libs/uvm-1.2/src/reg/uvm_vreg.svh ...
Done /opt/dvt_eclipse/dvt_eclipse/predefined_projects/libs/uvm-1.2/src/reg/uvm_vreg.svh [17 ms, 1554 lines, SystemVerilog_2012] ...
Loading (134) /opt/dvt_eclipse/dvt_eclipse/predefined_projects/libs/uvm-1.2/src/reg/uvm_mem.svh ...
Done /opt/dvt_eclipse/dvt_eclipse/predefined_projects/libs/uvm-1.2/src/reg/uvm_mem.svh [21 ms, 2410 lines, SystemVerilog_2012] ...
Loading (135) /opt/dvt_eclipse/dvt_eclipse/predefined_projects/libs/uvm-1.2/src/reg/uvm_reg_map.svh ...
Done /opt/dvt_eclipse/dvt_eclipse/predefined_projects/libs/uvm-1.2/src/reg/uvm_reg_map.svh [26 ms, 2225 lines, SystemVerilog_2012] ...
Loading (136) /opt/dvt_eclipse/dvt_eclipse/predefined_projects/libs/uvm-1.2/src/reg/uvm_reg_block.svh ...
Done /opt/dvt_eclipse/dvt_eclipse/predefined_projects/libs/uvm-1.2/src/reg/uvm_reg_block.svh [14 ms, 2272 lines, SystemVerilog_2012] ...
Loading (137) /opt/dvt_eclipse/dvt_eclipse/predefined_projects/libs/uvm-1.2/src/reg/sequences/uvm_reg_hw_reset_seq.svh ...
Done /opt/dvt_eclipse/dvt_eclipse/predefined_projects/libs/uvm-1.2/src/reg/sequences/uvm_reg_hw_reset_seq.svh [2 ms, 172 lines, SystemVerilog_2012] ...
Loading (138) /opt/dvt_eclipse/dvt_eclipse/predefined_projects/libs/uvm-1.2/src/reg/sequences/uvm_reg_bit_bash_seq.svh ...
Done /opt/dvt_eclipse/dvt_eclipse/predefined_projects/libs/uvm-1.2/src/reg/sequences/uvm_reg_bit_bash_seq.svh [3 ms, 303 lines, SystemVerilog_2012] ...
Loading (139) /opt/dvt_eclipse/dvt_eclipse/predefined_projects/libs/uvm-1.2/src/reg/sequences/uvm_mem_walk_seq.svh ...
Done /opt/dvt_eclipse/dvt_eclipse/predefined_projects/libs/uvm-1.2/src/reg/sequences/uvm_mem_walk_seq.svh [4 ms, 300 lines, SystemVerilog_2012] ...
Loading (140) /opt/dvt_eclipse/dvt_eclipse/predefined_projects/libs/uvm-1.2/src/reg/sequences/uvm_mem_access_seq.svh ...
Done /opt/dvt_eclipse/dvt_eclipse/predefined_projects/libs/uvm-1.2/src/reg/sequences/uvm_mem_access_seq.svh [5 ms, 308 lines, SystemVerilog_2012] ...
Loading (141) /opt/dvt_eclipse/dvt_eclipse/predefined_projects/libs/uvm-1.2/src/reg/sequences/uvm_reg_access_seq.svh ...
Done /opt/dvt_eclipse/dvt_eclipse/predefined_projects/libs/uvm-1.2/src/reg/sequences/uvm_reg_access_seq.svh [6 ms, 366 lines, SystemVerilog_2012] ...
Loading (142) /opt/dvt_eclipse/dvt_eclipse/predefined_projects/libs/uvm-1.2/src/reg/sequences/uvm_reg_mem_shared_access_seq.svh ...
Done /opt/dvt_eclipse/dvt_eclipse/predefined_projects/libs/uvm-1.2/src/reg/sequences/uvm_reg_mem_shared_access_seq.svh [8 ms, 486 lines, SystemVerilog_2012] ...
Loading (143) /opt/dvt_eclipse/dvt_eclipse/predefined_projects/libs/uvm-1.2/src/reg/sequences/uvm_reg_mem_built_in_seq.svh ...
Done /opt/dvt_eclipse/dvt_eclipse/predefined_projects/libs/uvm-1.2/src/reg/sequences/uvm_reg_mem_built_in_seq.svh [4 ms, 139 lines, SystemVerilog_2012] ...
Loading (144) /opt/dvt_eclipse/dvt_eclipse/predefined_projects/libs/uvm-1.2/src/reg/sequences/uvm_reg_mem_hdl_paths_seq.svh ...
Done /opt/dvt_eclipse/dvt_eclipse/predefined_projects/libs/uvm-1.2/src/reg/sequences/uvm_reg_mem_hdl_paths_seq.svh [6 ms, 175 lines, SystemVerilog_2012] ...
Done /opt/dvt_eclipse/dvt_eclipse/predefined_projects/libs/uvm-1.2/src/reg/uvm_reg_model.svh [0 ms, 444 lines, SystemVerilog_2012] ...
Done /opt/dvt_eclipse/dvt_eclipse/predefined_projects/libs/uvm-1.2/src/uvm_pkg.sv [0 ms, 43 lines, SystemVerilog_2012] ...
Loading (145) /home/verifier/project/i2c/rkv_v2pro_i2c-RKV_I2C_TB_01/rkv_dw_apb_i2c/src/rkv_DW_apb_i2c_cc_constants.v ...
Done /home/verifier/project/i2c/rkv_v2pro_i2c-RKV_I2C_TB_01/rkv_dw_apb_i2c/src/rkv_DW_apb_i2c_cc_constants.v [1 ms, 1602 lines, Verilog_2001] ...
Loading (146) /home/verifier/project/i2c/rkv_v2pro_i2c-RKV_I2C_TB_01/rkv_dw_apb_i2c/src/rkv_DW_apb_i2c_bcm_params.v ...
Done /home/verifier/project/i2c/rkv_v2pro_i2c-RKV_I2C_TB_01/rkv_dw_apb_i2c/src/rkv_DW_apb_i2c_bcm_params.v [0 ms, 359 lines, Verilog_2001] ...
Loading (147) /home/verifier/project/i2c/rkv_v2pro_i2c-RKV_I2C_TB_01/rkv_dw_apb_i2c/src/rkv_DW_apb_i2c_bcm57.v ...
Done /home/verifier/project/i2c/rkv_v2pro_i2c-RKV_I2C_TB_01/rkv_dw_apb_i2c/src/rkv_DW_apb_i2c_bcm57.v [3 ms, 148 lines, Verilog_2001] ...
Loading (148) /home/verifier/project/i2c/rkv_v2pro_i2c-RKV_I2C_TB_01/rkv_dw_apb_i2c/src/rkv_DW_apb_i2c_bcm21.v ...
Done /home/verifier/project/i2c/rkv_v2pro_i2c-RKV_I2C_TB_01/rkv_dw_apb_i2c/src/rkv_DW_apb_i2c_bcm21.v [3 ms, 743 lines, Verilog_2001] ...
Loading (149) /home/verifier/project/i2c/rkv_v2pro_i2c-RKV_I2C_TB_01/rkv_dw_apb_i2c/src/rkv_DW_apb_i2c_bcm41.v ...
Done /home/verifier/project/i2c/rkv_v2pro_i2c-RKV_I2C_TB_01/rkv_dw_apb_i2c/src/rkv_DW_apb_i2c_bcm41.v [0 ms, 78 lines, Verilog_2001] ...
Loading (150) /home/verifier/project/i2c/rkv_v2pro_i2c-RKV_I2C_TB_01/rkv_dw_apb_i2c/src/rkv_DW_apb_i2c_bcm47.v ...
Done /home/verifier/project/i2c/rkv_v2pro_i2c-RKV_I2C_TB_01/rkv_dw_apb_i2c/src/rkv_DW_apb_i2c_bcm47.v [5 ms, 421 lines, Verilog_2001] ...
Loading (151) /home/verifier/project/i2c/rkv_v2pro_i2c-RKV_I2C_TB_01/rkv_dw_apb_i2c/src/rkv_DW_apb_i2c_bcm06.v ...
Done /home/verifier/project/i2c/rkv_v2pro_i2c-RKV_I2C_TB_01/rkv_dw_apb_i2c/src/rkv_DW_apb_i2c_bcm06.v [3 ms, 253 lines, Verilog_2001] ...
Loading (152) /home/verifier/project/i2c/rkv_v2pro_i2c-RKV_I2C_TB_01/rkv_dw_apb_i2c/src/rkv_DW_apb_i2c_bcm05.v ...
Done /home/verifier/project/i2c/rkv_v2pro_i2c-RKV_I2C_TB_01/rkv_dw_apb_i2c/src/rkv_DW_apb_i2c_bcm05.v [4 ms, 396 lines, Verilog_2001] ...
Loading (153) /home/verifier/project/i2c/rkv_v2pro_i2c-RKV_I2C_TB_01/rkv_dw_apb_i2c/src/rkv_DW_apb_i2c_bcm07.v ...
Done /home/verifier/project/i2c/rkv_v2pro_i2c-RKV_I2C_TB_01/rkv_dw_apb_i2c/src/rkv_DW_apb_i2c_bcm07.v [3 ms, 280 lines, Verilog_2001] ...
Loading (154) /home/verifier/project/i2c/rkv_v2pro_i2c-RKV_I2C_TB_01/rkv_dw_apb_i2c/src/rkv_DW_apb_i2c_regs.v ...
Done /home/verifier/project/i2c/rkv_v2pro_i2c-RKV_I2C_TB_01/rkv_dw_apb_i2c/src/rkv_DW_apb_i2c_regs.v [1 ms, 68 lines, Verilog_2001] ...
Loading (155) /home/verifier/project/i2c/rkv_v2pro_i2c-RKV_I2C_TB_01/rkv_dw_apb_i2c/src/rkv_DW_apb_i2c_tog.v ...
Done /home/verifier/project/i2c/rkv_v2pro_i2c-RKV_I2C_TB_01/rkv_dw_apb_i2c/src/rkv_DW_apb_i2c_tog.v [0 ms, 64 lines, Verilog_2001] ...
Loading (156) /home/verifier/project/i2c/rkv_v2pro_i2c-RKV_I2C_TB_01/rkv_dw_apb_i2c/src/rkv_DW_apb_i2c_bcm99.v ...
Done /home/verifier/project/i2c/rkv_v2pro_i2c-RKV_I2C_TB_01/rkv_dw_apb_i2c/src/rkv_DW_apb_i2c_bcm99.v [1 ms, 254 lines, Verilog_2001] ...
Loading (157) /home/verifier/project/i2c/rkv_v2pro_i2c-RKV_I2C_TB_01/rkv_dw_apb_i2c/src/rkv_DW_apb_i2c_biu.v ...
Done /home/verifier/project/i2c/rkv_v2pro_i2c-RKV_I2C_TB_01/rkv_dw_apb_i2c/src/rkv_DW_apb_i2c_biu.v [1 ms, 189 lines, Verilog_2001] ...
Loading (158) /home/verifier/project/i2c/rkv_v2pro_i2c-RKV_I2C_TB_01/rkv_dw_apb_i2c/src/rkv_DW_apb_i2c_regfile.v ...
Done /home/verifier/project/i2c/rkv_v2pro_i2c-RKV_I2C_TB_01/rkv_dw_apb_i2c/src/rkv_DW_apb_i2c_regfile.v [20 ms, 1593 lines, Verilog_2001] ...
Loading (159) /home/verifier/project/i2c/rkv_v2pro_i2c-RKV_I2C_TB_01/rkv_dw_apb_i2c/src/rkv_DW_apb_i2c_fifo.v ...
Done /home/verifier/project/i2c/rkv_v2pro_i2c-RKV_I2C_TB_01/rkv_dw_apb_i2c/src/rkv_DW_apb_i2c_fifo.v [4 ms, 376 lines, Verilog_2001] ...
Loading (160) /home/verifier/project/i2c/rkv_v2pro_i2c-RKV_I2C_TB_01/rkv_dw_apb_i2c/src/rkv_DW_apb_i2c_async_fifo.v ...
Done /home/verifier/project/i2c/rkv_v2pro_i2c-RKV_I2C_TB_01/rkv_dw_apb_i2c/src/rkv_DW_apb_i2c_async_fifo.v [5 ms, 600 lines, Verilog_2001] ...
Loading (161) /home/verifier/project/i2c/rkv_v2pro_i2c-RKV_I2C_TB_01/rkv_dw_apb_i2c/src/rkv_DW_apb_i2c_intctl.v ...
Done /home/verifier/project/i2c/rkv_v2pro_i2c-RKV_I2C_TB_01/rkv_dw_apb_i2c/src/rkv_DW_apb_i2c_intctl.v [6 ms, 940 lines, Verilog_2001] ...
Loading (162) /home/verifier/project/i2c/rkv_v2pro_i2c-RKV_I2C_TB_01/rkv_dw_apb_i2c/src/rkv_DW_apb_i2c_rx_filter.v ...
Done /home/verifier/project/i2c/rkv_v2pro_i2c-RKV_I2C_TB_01/rkv_dw_apb_i2c/src/rkv_DW_apb_i2c_rx_filter.v [5 ms, 887 lines, Verilog_2001] ...
Loading (163) /home/verifier/project/i2c/rkv_v2pro_i2c-RKV_I2C_TB_01/rkv_dw_apb_i2c/src/rkv_DW_apb_i2c_clk_gen.v ...
Done /home/verifier/project/i2c/rkv_v2pro_i2c-RKV_I2C_TB_01/rkv_dw_apb_i2c/src/rkv_DW_apb_i2c_clk_gen.v [4 ms, 579 lines, Verilog_2001] ...
Loading (164) /home/verifier/project/i2c/rkv_v2pro_i2c-RKV_I2C_TB_01/rkv_dw_apb_i2c/src/rkv_DW_apb_i2c_mstfsm.v ...
Done /home/verifier/project/i2c/rkv_v2pro_i2c-RKV_I2C_TB_01/rkv_dw_apb_i2c/src/rkv_DW_apb_i2c_mstfsm.v [6 ms, 1592 lines, Verilog_2001] ...
Loading (165) /home/verifier/project/i2c/rkv_v2pro_i2c-RKV_I2C_TB_01/rkv_dw_apb_i2c/src/rkv_DW_apb_i2c_sync.v ...
Done /home/verifier/project/i2c/rkv_v2pro_i2c-RKV_I2C_TB_01/rkv_dw_apb_i2c/src/rkv_DW_apb_i2c_sync.v [4 ms, 489 lines, Verilog_2001] ...
Loading (166) /home/verifier/project/i2c/rkv_v2pro_i2c-RKV_I2C_TB_01/rkv_dw_apb_i2c/src/rkv_DW_apb_i2c_slvfsm.v ...
Done /home/verifier/project/i2c/rkv_v2pro_i2c-RKV_I2C_TB_01/rkv_dw_apb_i2c/src/rkv_DW_apb_i2c_slvfsm.v [5 ms, 891 lines, Verilog_2001] ...
Loading (167) /home/verifier/project/i2c/rkv_v2pro_i2c-RKV_I2C_TB_01/rkv_dw_apb_i2c/src/rkv_DW_apb_i2c_tx_shift.v ...
Done /home/verifier/project/i2c/rkv_v2pro_i2c-RKV_I2C_TB_01/rkv_dw_apb_i2c/src/rkv_DW_apb_i2c_tx_shift.v [7 ms, 1250 lines, Verilog_2001] ...
Loading (168) /home/verifier/project/i2c/rkv_v2pro_i2c-RKV_I2C_TB_01/rkv_dw_apb_i2c/src/rkv_DW_apb_i2c_rx_shift.v ...
Done /home/verifier/project/i2c/rkv_v2pro_i2c-RKV_I2C_TB_01/rkv_dw_apb_i2c/src/rkv_DW_apb_i2c_rx_shift.v [4 ms, 671 lines, Verilog_2001] ...
Loading (169) /home/verifier/project/i2c/rkv_v2pro_i2c-RKV_I2C_TB_01/rkv_dw_apb_i2c/src/rkv_DW_apb_i2c_toggle.v ...
Done /home/verifier/project/i2c/rkv_v2pro_i2c-RKV_I2C_TB_01/rkv_dw_apb_i2c/src/rkv_DW_apb_i2c_toggle.v [7 ms, 870 lines, Verilog_2001] ...
Loading (170) /home/verifier/project/i2c/rkv_v2pro_i2c-RKV_I2C_TB_01/rkv_dw_apb_i2c/src/rkv_DW_apb_i2c_dma.v ...
Done /home/verifier/project/i2c/rkv_v2pro_i2c-RKV_I2C_TB_01/rkv_dw_apb_i2c/src/rkv_DW_apb_i2c_dma.v [2 ms, 203 lines, Verilog_2001] ...
Loading (171) /home/verifier/project/i2c/rkv_v2pro_i2c-RKV_I2C_TB_01/rkv_dw_apb_i2c/src/rkv_DW_apb_i2c.v ...
Done /home/verifier/project/i2c/rkv_v2pro_i2c-RKV_I2C_TB_01/rkv_dw_apb_i2c/src/rkv_DW_apb_i2c.v [12 ms, 1331 lines, Verilog_2001] ...
Loading (172) /home/verifier/project/i2c/rkv_v2pro_i2c-RKV_I2C_TB_01/rkv_dw_apb_i2c/src/rkv_DW_apb_i2c-undef.v ...
Done /home/verifier/project/i2c/rkv_v2pro_i2c-RKV_I2C_TB_01/rkv_dw_apb_i2c/src/rkv_DW_apb_i2c-undef.v [0 ms, 373 lines, Verilog_2001] ...
Loading (173) /home/verifier/project/i2c/rkv_v2pro_i2c-RKV_I2C_TB_01/rkv_i2c_tb/agents/lvc_apb3/lvc_apb_if.sv ...
Skip (optimized) /opt/dvt_eclipse/dvt_eclipse/predefined_projects/libs/uvm-1.2/src/uvm_macros.svh ...
Done /home/verifier/project/i2c/rkv_v2pro_i2c-RKV_I2C_TB_01/rkv_i2c_tb/agents/lvc_apb3/lvc_apb_if.sv [7 ms, 213 lines, SystemVerilog_2012] ...
Loading (174) /home/verifier/project/i2c/rkv_v2pro_i2c-RKV_I2C_TB_01/rkv_i2c_tb/agents/lvc_apb3/lvc_apb_pkg.sv ...
Skip (optimized) /opt/dvt_eclipse/dvt_eclipse/predefined_projects/libs/uvm-1.2/src/uvm_macros.svh ...
Loading (175) /home/verifier/project/i2c/rkv_v2pro_i2c-RKV_I2C_TB_01/rkv_i2c_tb/agents/lvc_apb3/lvc_apb.svh ...
Loading (176) /home/verifier/project/i2c/rkv_v2pro_i2c-RKV_I2C_TB_01/rkv_i2c_tb/agents/lvc_apb3/lvc_apb_transfer.sv ...
Done /home/verifier/project/i2c/rkv_v2pro_i2c-RKV_I2C_TB_01/rkv_i2c_tb/agents/lvc_apb3/lvc_apb_transfer.sv [8 ms, 67 lines, SystemVerilog_2012] ...
Loading (177) /home/verifier/project/i2c/rkv_v2pro_i2c-RKV_I2C_TB_01/rkv_i2c_tb/agents/lvc_apb3/lvc_apb_config.sv ...
Done /home/verifier/project/i2c/rkv_v2pro_i2c-RKV_I2C_TB_01/rkv_i2c_tb/agents/lvc_apb3/lvc_apb_config.sv [1 ms, 58 lines, SystemVerilog_2012] ...
Loading (178) /home/verifier/project/i2c/rkv_v2pro_i2c-RKV_I2C_TB_01/rkv_i2c_tb/agents/lvc_apb3/lvc_apb_master_driver.svh ...
Done /home/verifier/project/i2c/rkv_v2pro_i2c-RKV_I2C_TB_01/rkv_i2c_tb/agents/lvc_apb3/lvc_apb_master_driver.svh [0 ms, 73 lines, SystemVerilog_2012] ...
Loading (179) /home/verifier/project/i2c/rkv_v2pro_i2c-RKV_I2C_TB_01/rkv_i2c_tb/agents/lvc_apb3/lvc_apb_master_monitor.svh ...
Done /home/verifier/project/i2c/rkv_v2pro_i2c-RKV_I2C_TB_01/rkv_i2c_tb/agents/lvc_apb3/lvc_apb_master_monitor.svh [5 ms, 96 lines, SystemVerilog_2012] ...
Loading (180) /home/verifier/project/i2c/rkv_v2pro_i2c-RKV_I2C_TB_01/rkv_i2c_tb/agents/lvc_apb3/lvc_apb_master_sequencer.svh ...
Done /home/verifier/project/i2c/rkv_v2pro_i2c-RKV_I2C_TB_01/rkv_i2c_tb/agents/lvc_apb3/lvc_apb_master_sequencer.svh [0 ms, 51 lines, SystemVerilog_2012] ...
Loading (181) /home/verifier/project/i2c/rkv_v2pro_i2c-RKV_I2C_TB_01/rkv_i2c_tb/agents/lvc_apb3/lvc_apb_master_agent.svh ...
Done /home/verifier/project/i2c/rkv_v2pro_i2c-RKV_I2C_TB_01/rkv_i2c_tb/agents/lvc_apb3/lvc_apb_master_agent.svh [1 ms, 67 lines, SystemVerilog_2012] ...
Loading (182) /home/verifier/project/i2c/rkv_v2pro_i2c-RKV_I2C_TB_01/rkv_i2c_tb/agents/lvc_apb3/lvc_apb_slave_driver.svh ...
Done /home/verifier/project/i2c/rkv_v2pro_i2c-RKV_I2C_TB_01/rkv_i2c_tb/agents/lvc_apb3/lvc_apb_slave_driver.svh [1 ms, 74 lines, SystemVerilog_2012] ...
Loading (183) /home/verifier/project/i2c/rkv_v2pro_i2c-RKV_I2C_TB_01/rkv_i2c_tb/agents/lvc_apb3/lvc_apb_slave_monitor.svh ...
Done /home/verifier/project/i2c/rkv_v2pro_i2c-RKV_I2C_TB_01/rkv_i2c_tb/agents/lvc_apb3/lvc_apb_slave_monitor.svh [4 ms, 98 lines, SystemVerilog_2012] ...
Loading (184) /home/verifier/project/i2c/rkv_v2pro_i2c-RKV_I2C_TB_01/rkv_i2c_tb/agents/lvc_apb3/lvc_apb_slave_sequencer.svh ...
Done /home/verifier/project/i2c/rkv_v2pro_i2c-RKV_I2C_TB_01/rkv_i2c_tb/agents/lvc_apb3/lvc_apb_slave_sequencer.svh [0 ms, 51 lines, SystemVerilog_2012] ...
Loading (185) /home/verifier/project/i2c/rkv_v2pro_i2c-RKV_I2C_TB_01/rkv_i2c_tb/agents/lvc_apb3/lvc_apb_slave_agent.svh ...
Done /home/verifier/project/i2c/rkv_v2pro_i2c-RKV_I2C_TB_01/rkv_i2c_tb/agents/lvc_apb3/lvc_apb_slave_agent.svh [1 ms, 67 lines, SystemVerilog_2012] ...
Loading (186) /home/verifier/project/i2c/rkv_v2pro_i2c-RKV_I2C_TB_01/rkv_i2c_tb/agents/lvc_apb3/lvc_apb_master_driver.sv ...
Done /home/verifier/project/i2c/rkv_v2pro_i2c-RKV_I2C_TB_01/rkv_i2c_tb/agents/lvc_apb3/lvc_apb_master_driver.sv [2 ms, 130 lines, SystemVerilog_2012] ...
Loading (187) /home/verifier/project/i2c/rkv_v2pro_i2c-RKV_I2C_TB_01/rkv_i2c_tb/agents/lvc_apb3/lvc_apb_master_monitor.sv ...
Done /home/verifier/project/i2c/rkv_v2pro_i2c-RKV_I2C_TB_01/rkv_i2c_tb/agents/lvc_apb3/lvc_apb_master_monitor.sv [1 ms, 94 lines, SystemVerilog_2012] ...
Loading (188) /home/verifier/project/i2c/rkv_v2pro_i2c-RKV_I2C_TB_01/rkv_i2c_tb/agents/lvc_apb3/lvc_apb_master_sequencer.sv ...
Done /home/verifier/project/i2c/rkv_v2pro_i2c-RKV_I2C_TB_01/rkv_i2c_tb/agents/lvc_apb3/lvc_apb_master_sequencer.sv [0 ms, 27 lines, SystemVerilog_2012] ...
Loading (189) /home/verifier/project/i2c/rkv_v2pro_i2c-RKV_I2C_TB_01/rkv_i2c_tb/agents/lvc_apb3/lvc_apb_master_agent.sv ...
Done /home/verifier/project/i2c/rkv_v2pro_i2c-RKV_I2C_TB_01/rkv_i2c_tb/agents/lvc_apb3/lvc_apb_master_agent.sv [1 ms, 67 lines, SystemVerilog_2012] ...
Loading (190) /home/verifier/project/i2c/rkv_v2pro_i2c-RKV_I2C_TB_01/rkv_i2c_tb/agents/lvc_apb3/lvc_apb_master_seq_lib.sv ...
Done /home/verifier/project/i2c/rkv_v2pro_i2c-RKV_I2C_TB_01/rkv_i2c_tb/agents/lvc_apb3/lvc_apb_master_seq_lib.sv [6 ms, 174 lines, SystemVerilog_2012] ...
Loading (191) /home/verifier/project/i2c/rkv_v2pro_i2c-RKV_I2C_TB_01/rkv_i2c_tb/agents/lvc_apb3/lvc_apb_slave_driver.sv ...
Done /home/verifier/project/i2c/rkv_v2pro_i2c-RKV_I2C_TB_01/rkv_i2c_tb/agents/lvc_apb3/lvc_apb_slave_driver.sv [2 ms, 139 lines, SystemVerilog_2012] ...
Loading (192) /home/verifier/project/i2c/rkv_v2pro_i2c-RKV_I2C_TB_01/rkv_i2c_tb/agents/lvc_apb3/lvc_apb_slave_monitor.sv ...
Done /home/verifier/project/i2c/rkv_v2pro_i2c-RKV_I2C_TB_01/rkv_i2c_tb/agents/lvc_apb3/lvc_apb_slave_monitor.sv [0 ms, 97 lines, SystemVerilog_2012] ...
Loading (193) /home/verifier/project/i2c/rkv_v2pro_i2c-RKV_I2C_TB_01/rkv_i2c_tb/agents/lvc_apb3/lvc_apb_slave_sequencer.sv ...
Done /home/verifier/project/i2c/rkv_v2pro_i2c-RKV_I2C_TB_01/rkv_i2c_tb/agents/lvc_apb3/lvc_apb_slave_sequencer.sv [1 ms, 27 lines, SystemVerilog_2012] ...
Loading (194) /home/verifier/project/i2c/rkv_v2pro_i2c-RKV_I2C_TB_01/rkv_i2c_tb/agents/lvc_apb3/lvc_apb_slave_agent.sv ...
Done /home/verifier/project/i2c/rkv_v2pro_i2c-RKV_I2C_TB_01/rkv_i2c_tb/agents/lvc_apb3/lvc_apb_slave_agent.sv [0 ms, 63 lines, SystemVerilog_2012] ...
Loading (195) /home/verifier/project/i2c/rkv_v2pro_i2c-RKV_I2C_TB_01/rkv_i2c_tb/agents/lvc_apb3/lvc_apb_slave_seq_lib.sv ...
Done /home/verifier/project/i2c/rkv_v2pro_i2c-RKV_I2C_TB_01/rkv_i2c_tb/agents/lvc_apb3/lvc_apb_slave_seq_lib.sv [2 ms, 45 lines, SystemVerilog_2012] ...
Loading (196) /home/verifier/project/i2c/rkv_v2pro_i2c-RKV_I2C_TB_01/rkv_i2c_tb/agents/lvc_apb3/lvc_apb_reg_adapter.sv ...
Done /home/verifier/project/i2c/rkv_v2pro_i2c-RKV_I2C_TB_01/rkv_i2c_tb/agents/lvc_apb3/lvc_apb_reg_adapter.sv [1 ms, 50 lines, SystemVerilog_2012] ...
Done /home/verifier/project/i2c/rkv_v2pro_i2c-RKV_I2C_TB_01/rkv_i2c_tb/agents/lvc_apb3/lvc_apb.svh [0 ms, 53 lines, SystemVerilog_2012] ...
Done /home/verifier/project/i2c/rkv_v2pro_i2c-RKV_I2C_TB_01/rkv_i2c_tb/agents/lvc_apb3/lvc_apb_pkg.sv [0 ms, 33 lines, SystemVerilog_2012] ...
Loading (197) /home/verifier/project/i2c/rkv_v2pro_i2c-RKV_I2C_TB_01/rkv_i2c_tb/agents/lvc_i2c/lvc_i2c_if.sv ...
Done /home/verifier/project/i2c/rkv_v2pro_i2c-RKV_I2C_TB_01/rkv_i2c_tb/agents/lvc_i2c/lvc_i2c_if.sv [0 ms, 131 lines, SystemVerilog_2012] ...
Loading (198) /home/verifier/project/i2c/rkv_v2pro_i2c-RKV_I2C_TB_01/rkv_i2c_tb/agents/lvc_i2c/lvc_i2c_pkg.sv ...
Skip (optimized) /opt/dvt_eclipse/dvt_eclipse/predefined_projects/libs/uvm-1.2/src/uvm_macros.svh ...
Loading (199) /home/verifier/project/i2c/rkv_v2pro_i2c-RKV_I2C_TB_01/rkv_i2c_tb/agents/lvc_i2c/lvc_i2c_defines.svh ...
Done /home/verifier/project/i2c/rkv_v2pro_i2c-RKV_I2C_TB_01/rkv_i2c_tb/agents/lvc_i2c/lvc_i2c_defines.svh [0 ms, 206 lines, SystemVerilog_2012] ...
Loading (200) /home/verifier/project/i2c/rkv_v2pro_i2c-RKV_I2C_TB_01/rkv_i2c_tb/agents/lvc_i2c/lvc_i2c_types.sv ...
Done /home/verifier/project/i2c/rkv_v2pro_i2c-RKV_I2C_TB_01/rkv_i2c_tb/agents/lvc_i2c/lvc_i2c_types.sv [1 ms, 128 lines, SystemVerilog_2012] ...
Loading (201) /home/verifier/project/i2c/rkv_v2pro_i2c-RKV_I2C_TB_01/rkv_i2c_tb/agents/lvc_i2c/lvc_configuration.sv ...
Done /home/verifier/project/i2c/rkv_v2pro_i2c-RKV_I2C_TB_01/rkv_i2c_tb/agents/lvc_i2c/lvc_configuration.sv [1 ms, 47 lines, SystemVerilog_2012] ...
Loading (202) /home/verifier/project/i2c/rkv_v2pro_i2c-RKV_I2C_TB_01/rkv_i2c_tb/agents/lvc_i2c/lvc_i2c_configuration.sv ...
Done /home/verifier/project/i2c/rkv_v2pro_i2c-RKV_I2C_TB_01/rkv_i2c_tb/agents/lvc_i2c/lvc_i2c_configuration.sv [687 ms, 1636 lines, SystemVerilog_2012] ...
Loading (203) /home/verifier/project/i2c/rkv_v2pro_i2c-RKV_I2C_TB_01/rkv_i2c_tb/agents/lvc_i2c/lvc_i2c_agent_configuration.sv ...
Done /home/verifier/project/i2c/rkv_v2pro_i2c-RKV_I2C_TB_01/rkv_i2c_tb/agents/lvc_i2c/lvc_i2c_agent_configuration.sv [18 ms, 126 lines, SystemVerilog_2012] ...
Loading (204) /home/verifier/project/i2c/rkv_v2pro_i2c-RKV_I2C_TB_01/rkv_i2c_tb/agents/lvc_i2c/lvc_i2c_transaction.sv ...
Done /home/verifier/project/i2c/rkv_v2pro_i2c-RKV_I2C_TB_01/rkv_i2c_tb/agents/lvc_i2c/lvc_i2c_transaction.sv [65 ms, 533 lines, SystemVerilog_2012] ...
Loading (205) /home/verifier/project/i2c/rkv_v2pro_i2c-RKV_I2C_TB_01/rkv_i2c_tb/agents/lvc_i2c/lvc_i2c_bfm_common.sv ...
Done /home/verifier/project/i2c/rkv_v2pro_i2c-RKV_I2C_TB_01/rkv_i2c_tb/agents/lvc_i2c/lvc_i2c_bfm_common.sv [2 ms, 152 lines, SystemVerilog_2012] ...
Loading (206) /home/verifier/project/i2c/rkv_v2pro_i2c-RKV_I2C_TB_01/rkv_i2c_tb/agents/lvc_i2c/lvc_i2c_sequencer.sv ...
Done /home/verifier/project/i2c/rkv_v2pro_i2c-RKV_I2C_TB_01/rkv_i2c_tb/agents/lvc_i2c/lvc_i2c_sequencer.sv [0 ms, 63 lines, SystemVerilog_2012] ...
Loading (207) /home/verifier/project/i2c/rkv_v2pro_i2c-RKV_I2C_TB_01/rkv_i2c_tb/agents/lvc_i2c/lvc_i2c_master_transaction.sv ...
Done /home/verifier/project/i2c/rkv_v2pro_i2c-RKV_I2C_TB_01/rkv_i2c_tb/agents/lvc_i2c/lvc_i2c_master_transaction.sv [6 ms, 416 lines, SystemVerilog_2012] ...
Loading (208) /home/verifier/project/i2c/rkv_v2pro_i2c-RKV_I2C_TB_01/rkv_i2c_tb/agents/lvc_i2c/lvc_i2c_master_sequencer.sv ...
Done /home/verifier/project/i2c/rkv_v2pro_i2c-RKV_I2C_TB_01/rkv_i2c_tb/agents/lvc_i2c/lvc_i2c_master_sequencer.sv [3 ms, 94 lines, SystemVerilog_2012] ...
Loading (209) /home/verifier/project/i2c/rkv_v2pro_i2c-RKV_I2C_TB_01/rkv_i2c_tb/agents/lvc_i2c/lvc_i2c_master_monitor_common.sv ...
Done /home/verifier/project/i2c/rkv_v2pro_i2c-RKV_I2C_TB_01/rkv_i2c_tb/agents/lvc_i2c/lvc_i2c_master_monitor_common.sv [49 ms, 489 lines, SystemVerilog_2012] ...
Loading (210) /home/verifier/project/i2c/rkv_v2pro_i2c-RKV_I2C_TB_01/rkv_i2c_tb/agents/lvc_i2c/lvc_i2c_master_monitor.sv ...
Done /home/verifier/project/i2c/rkv_v2pro_i2c-RKV_I2C_TB_01/rkv_i2c_tb/agents/lvc_i2c/lvc_i2c_master_monitor.sv [5 ms, 210 lines, SystemVerilog_2012] ...
Loading (211) /home/verifier/project/i2c/rkv_v2pro_i2c-RKV_I2C_TB_01/rkv_i2c_tb/agents/lvc_i2c/lvc_i2c_master_driver_callback.sv ...
Done /home/verifier/project/i2c/rkv_v2pro_i2c-RKV_I2C_TB_01/rkv_i2c_tb/agents/lvc_i2c/lvc_i2c_master_driver_callback.sv [1 ms, 39 lines, SystemVerilog_2012] ...
Loading (212) /home/verifier/project/i2c/rkv_v2pro_i2c-RKV_I2C_TB_01/rkv_i2c_tb/agents/lvc_i2c/lvc_i2c_master_driver_common.sv ...
Done /home/verifier/project/i2c/rkv_v2pro_i2c-RKV_I2C_TB_01/rkv_i2c_tb/agents/lvc_i2c/lvc_i2c_master_driver_common.sv [10 ms, 1208 lines, SystemVerilog_2012] ...
Loading (213) /home/verifier/project/i2c/rkv_v2pro_i2c-RKV_I2C_TB_01/rkv_i2c_tb/agents/lvc_i2c/lvc_i2c_master_driver.sv ...
Done /home/verifier/project/i2c/rkv_v2pro_i2c-RKV_I2C_TB_01/rkv_i2c_tb/agents/lvc_i2c/lvc_i2c_master_driver.sv [3 ms, 337 lines, SystemVerilog_2012] ...
Loading (214) /home/verifier/project/i2c/rkv_v2pro_i2c-RKV_I2C_TB_01/rkv_i2c_tb/agents/lvc_i2c/lvc_i2c_master_agent.sv ...
Done /home/verifier/project/i2c/rkv_v2pro_i2c-RKV_I2C_TB_01/rkv_i2c_tb/agents/lvc_i2c/lvc_i2c_master_agent.sv [4 ms, 205 lines, SystemVerilog_2012] ...
Loading (215) /home/verifier/project/i2c/rkv_v2pro_i2c-RKV_I2C_TB_01/rkv_i2c_tb/agents/lvc_i2c/lvc_i2c_slave_transaction.sv ...
Done /home/verifier/project/i2c/rkv_v2pro_i2c-RKV_I2C_TB_01/rkv_i2c_tb/agents/lvc_i2c/lvc_i2c_slave_transaction.sv [4 ms, 241 lines, SystemVerilog_2012] ...
Loading (216) /home/verifier/project/i2c/rkv_v2pro_i2c-RKV_I2C_TB_01/rkv_i2c_tb/agents/lvc_i2c/lvc_i2c_slave_sequencer.sv ...
Done /home/verifier/project/i2c/rkv_v2pro_i2c-RKV_I2C_TB_01/rkv_i2c_tb/agents/lvc_i2c/lvc_i2c_slave_sequencer.sv [3 ms, 94 lines, SystemVerilog_2012] ...
Loading (217) /home/verifier/project/i2c/rkv_v2pro_i2c-RKV_I2C_TB_01/rkv_i2c_tb/agents/lvc_i2c/lvc_i2c_slave_monitor_common.sv ...
Done /home/verifier/project/i2c/rkv_v2pro_i2c-RKV_I2C_TB_01/rkv_i2c_tb/agents/lvc_i2c/lvc_i2c_slave_monitor_common.sv [4 ms, 473 lines, SystemVerilog_2012] ...
Loading (218) /home/verifier/project/i2c/rkv_v2pro_i2c-RKV_I2C_TB_01/rkv_i2c_tb/agents/lvc_i2c/lvc_i2c_slave_monitor.sv ...
Done /home/verifier/project/i2c/rkv_v2pro_i2c-RKV_I2C_TB_01/rkv_i2c_tb/agents/lvc_i2c/lvc_i2c_slave_monitor.sv [5 ms, 252 lines, SystemVerilog_2012] ...
Loading (219) /home/verifier/project/i2c/rkv_v2pro_i2c-RKV_I2C_TB_01/rkv_i2c_tb/agents/lvc_i2c/lvc_i2c_slave_driver_common.sv ...
Done /home/verifier/project/i2c/rkv_v2pro_i2c-RKV_I2C_TB_01/rkv_i2c_tb/agents/lvc_i2c/lvc_i2c_slave_driver_common.sv [3 ms, 527 lines, SystemVerilog_2012] ...
Loading (220) /home/verifier/project/i2c/rkv_v2pro_i2c-RKV_I2C_TB_01/rkv_i2c_tb/agents/lvc_i2c/lvc_i2c_slave_driver.sv ...
Done /home/verifier/project/i2c/rkv_v2pro_i2c-RKV_I2C_TB_01/rkv_i2c_tb/agents/lvc_i2c/lvc_i2c_slave_driver.sv [3 ms, 332 lines, SystemVerilog_2012] ...
Loading (221) /home/verifier/project/i2c/rkv_v2pro_i2c-RKV_I2C_TB_01/rkv_i2c_tb/agents/lvc_i2c/lvc_i2c_slave_agent.sv ...
Done /home/verifier/project/i2c/rkv_v2pro_i2c-RKV_I2C_TB_01/rkv_i2c_tb/agents/lvc_i2c/lvc_i2c_slave_agent.sv [4 ms, 208 lines, SystemVerilog_2012] ...
Loading (222) /home/verifier/project/i2c/rkv_v2pro_i2c-RKV_I2C_TB_01/rkv_i2c_tb/agents/lvc_i2c/lvc_i2c_system_configuration.sv ...
Done /home/verifier/project/i2c/rkv_v2pro_i2c-RKV_I2C_TB_01/rkv_i2c_tb/agents/lvc_i2c/lvc_i2c_system_configuration.sv [12 ms, 300 lines, SystemVerilog_2012] ...
Loading (223) /home/verifier/project/i2c/rkv_v2pro_i2c-RKV_I2C_TB_01/rkv_i2c_tb/agents/lvc_i2c/lvc_i2c_system_sequencer.sv ...
Done /home/verifier/project/i2c/rkv_v2pro_i2c-RKV_I2C_TB_01/rkv_i2c_tb/agents/lvc_i2c/lvc_i2c_system_sequencer.sv [3 ms, 78 lines, SystemVerilog_2012] ...
Loading (224) /home/verifier/project/i2c/rkv_v2pro_i2c-RKV_I2C_TB_01/rkv_i2c_tb/agents/lvc_i2c/lvc_i2c_system_env.sv ...
Done /home/verifier/project/i2c/rkv_v2pro_i2c-RKV_I2C_TB_01/rkv_i2c_tb/agents/lvc_i2c/lvc_i2c_system_env.sv [5 ms, 225 lines, SystemVerilog_2012] ...
Done /home/verifier/project/i2c/rkv_v2pro_i2c-RKV_I2C_TB_01/rkv_i2c_tb/agents/lvc_i2c/lvc_i2c_pkg.sv [0 ms, 63 lines, SystemVerilog_2012] ...
Loading (225) /home/verifier/project/i2c/rkv_v2pro_i2c-RKV_I2C_TB_01/rkv_i2c_tb/env/rkv_i2c_pkg.sv ...
Skip (optimized) /opt/dvt_eclipse/dvt_eclipse/predefined_projects/libs/uvm-1.2/src/uvm_macros.svh ...
Loading (226) /home/verifier/project/i2c/rkv_v2pro_i2c-RKV_I2C_TB_01/rkv_i2c_tb/agents/lvc_i2c/lvc_i2c_defines.svh ...
Done /home/verifier/project/i2c/rkv_v2pro_i2c-RKV_I2C_TB_01/rkv_i2c_tb/agents/lvc_i2c/lvc_i2c_defines.svh [0 ms, 206 lines, SystemVerilog_2012] ...
Loading (227) /home/verifier/project/i2c/rkv_v2pro_i2c-RKV_I2C_TB_01/rkv_i2c_tb/reg/ral_rkv_i2c.sv ...
Done /home/verifier/project/i2c/rkv_v2pro_i2c-RKV_I2C_TB_01/rkv_i2c_tb/reg/ral_rkv_i2c.sv [53 ms, 2409 lines, SystemVerilog_2012] ...
Loading (228) /home/verifier/project/i2c/rkv_v2pro_i2c-RKV_I2C_TB_01/rkv_i2c_tb/cfg/rkv_i2c_configs.svh ...
Loading (229) /home/verifier/project/i2c/rkv_v2pro_i2c-RKV_I2C_TB_01/rkv_i2c_tb/cfg/rkv_i2c_defines.svh ...
Done /home/verifier/project/i2c/rkv_v2pro_i2c-RKV_I2C_TB_01/rkv_i2c_tb/cfg/rkv_i2c_defines.svh [0 ms, 35 lines, SystemVerilog_2012] ...
Loading (230) /home/verifier/project/i2c/rkv_v2pro_i2c-RKV_I2C_TB_01/rkv_i2c_tb/cfg/rkv_i2c_config.sv ...
Done /home/verifier/project/i2c/rkv_v2pro_i2c-RKV_I2C_TB_01/rkv_i2c_tb/cfg/rkv_i2c_config.sv [1 ms, 48 lines, SystemVerilog_2012] ...
Done /home/verifier/project/i2c/rkv_v2pro_i2c-RKV_I2C_TB_01/rkv_i2c_tb/cfg/rkv_i2c_configs.svh [0 ms, 9 lines, SystemVerilog_2012] ...
Loading (231) /home/verifier/project/i2c/rkv_v2pro_i2c-RKV_I2C_TB_01/rkv_i2c_tb/cov/rkv_i2c_cgm.sv ...
Done /home/verifier/project/i2c/rkv_v2pro_i2c-RKV_I2C_TB_01/rkv_i2c_tb/cov/rkv_i2c_cgm.sv [0 ms, 25 lines, SystemVerilog_2012] ...
Loading (232) /home/verifier/project/i2c/rkv_v2pro_i2c-RKV_I2C_TB_01/rkv_i2c_tb/env/rkv_i2c_master_scoreboard.sv ...
Done /home/verifier/project/i2c/rkv_v2pro_i2c-RKV_I2C_TB_01/rkv_i2c_tb/env/rkv_i2c_master_scoreboard.sv [2 ms, 194 lines, SystemVerilog_2012] ...
Loading (233) /home/verifier/project/i2c/rkv_v2pro_i2c-RKV_I2C_TB_01/rkv_i2c_tb/env/rkv_i2c_virtual_sequencer.sv ...
Done /home/verifier/project/i2c/rkv_v2pro_i2c-RKV_I2C_TB_01/rkv_i2c_tb/env/rkv_i2c_virtual_sequencer.sv [1 ms, 34 lines, SystemVerilog_2012] ...
Loading (234) /home/verifier/project/i2c/rkv_v2pro_i2c-RKV_I2C_TB_01/rkv_i2c_tb/env/rkv_i2c_env.sv ...
Done /home/verifier/project/i2c/rkv_v2pro_i2c-RKV_I2C_TB_01/rkv_i2c_tb/env/rkv_i2c_env.sv [1 ms, 100 lines, SystemVerilog_2012] ...
Loading (235) /home/verifier/project/i2c/rkv_v2pro_i2c-RKV_I2C_TB_01/rkv_i2c_tb/seq_lib/elem_seqs/rkv_i2c_element_sequences.svh ...
Loading (236) /home/verifier/project/i2c/rkv_v2pro_i2c-RKV_I2C_TB_01/rkv_i2c_tb/seq_lib/elem_seqs/rkv_apb_base_sequence.sv ...
Done /home/verifier/project/i2c/rkv_v2pro_i2c-RKV_I2C_TB_01/rkv_i2c_tb/seq_lib/elem_seqs/rkv_apb_base_sequence.sv [0 ms, 45 lines, SystemVerilog_2012] ...
Loading (237) /home/verifier/project/i2c/rkv_v2pro_i2c-RKV_I2C_TB_01/rkv_i2c_tb/seq_lib/elem_seqs/rkv_apb_config_seq.sv ...
Done /home/verifier/project/i2c/rkv_v2pro_i2c-RKV_I2C_TB_01/rkv_i2c_tb/seq_lib/elem_seqs/rkv_apb_config_seq.sv [1 ms, 53 lines, SystemVerilog_2012] ...
Loading (238) /home/verifier/project/i2c/rkv_v2pro_i2c-RKV_I2C_TB_01/rkv_i2c_tb/seq_lib/elem_seqs/rkv_apb_write_packet_seq.sv ...
Done /home/verifier/project/i2c/rkv_v2pro_i2c-RKV_I2C_TB_01/rkv_i2c_tb/seq_lib/elem_seqs/rkv_apb_write_packet_seq.sv [1 ms, 44 lines, SystemVerilog_2012] ...
Loading (239) /home/verifier/project/i2c/rkv_v2pro_i2c-RKV_I2C_TB_01/rkv_i2c_tb/seq_lib/elem_seqs/rkv_apb_read_packet_seq.sv ...
Done /home/verifier/project/i2c/rkv_v2pro_i2c-RKV_I2C_TB_01/rkv_i2c_tb/seq_lib/elem_seqs/rkv_apb_read_packet_seq.sv [1 ms, 45 lines, SystemVerilog_2012] ...
Loading (240) /home/verifier/project/i2c/rkv_v2pro_i2c-RKV_I2C_TB_01/rkv_i2c_tb/seq_lib/elem_seqs/rkv_apb_wait_empty_seq.sv ...
Done /home/verifier/project/i2c/rkv_v2pro_i2c-RKV_I2C_TB_01/rkv_i2c_tb/seq_lib/elem_seqs/rkv_apb_wait_empty_seq.sv [1 ms, 31 lines, SystemVerilog_2012] ...
Loading (241) /home/verifier/project/i2c/rkv_v2pro_i2c-RKV_I2C_TB_01/rkv_i2c_tb/seq_lib/elem_seqs/rkv_apb_intr_enable_seq.sv ...
Done /home/verifier/project/i2c/rkv_v2pro_i2c-RKV_I2C_TB_01/rkv_i2c_tb/seq_lib/elem_seqs/rkv_apb_intr_enable_seq.sv [1 ms, 25 lines, SystemVerilog_2012] ...
Loading (242) /home/verifier/project/i2c/rkv_v2pro_i2c-RKV_I2C_TB_01/rkv_i2c_tb/seq_lib/elem_seqs/rkv_apb_intr_wait_seq.sv ...
Done /home/verifier/project/i2c/rkv_v2pro_i2c-RKV_I2C_TB_01/rkv_i2c_tb/seq_lib/elem_seqs/rkv_apb_intr_wait_seq.sv [2 ms, 49 lines, SystemVerilog_2012] ...
Loading (243) /home/verifier/project/i2c/rkv_v2pro_i2c-RKV_I2C_TB_01/rkv_i2c_tb/seq_lib/elem_seqs/rkv_apb_intr_clear_seq.sv ...
Done /home/verifier/project/i2c/rkv_v2pro_i2c-RKV_I2C_TB_01/rkv_i2c_tb/seq_lib/elem_seqs/rkv_apb_intr_clear_seq.sv [1 ms, 47 lines, SystemVerilog_2012] ...
Loading (244) /home/verifier/project/i2c/rkv_v2pro_i2c-RKV_I2C_TB_01/rkv_i2c_tb/seq_lib/elem_seqs/rkv_i2c_slave_base_sequence.sv ...
Done /home/verifier/project/i2c/rkv_v2pro_i2c-RKV_I2C_TB_01/rkv_i2c_tb/seq_lib/elem_seqs/rkv_i2c_slave_base_sequence.sv [1 ms, 40 lines, SystemVerilog_2012] ...
Loading (245) /home/verifier/project/i2c/rkv_v2pro_i2c-RKV_I2C_TB_01/rkv_i2c_tb/seq_lib/elem_seqs/rkv_i2c_slave_write_response_seq.sv ...
Done /home/verifier/project/i2c/rkv_v2pro_i2c-RKV_I2C_TB_01/rkv_i2c_tb/seq_lib/elem_seqs/rkv_i2c_slave_write_response_seq.sv [1 ms, 38 lines, SystemVerilog_2012] ...
Loading (246) /home/verifier/project/i2c/rkv_v2pro_i2c-RKV_I2C_TB_01/rkv_i2c_tb/seq_lib/elem_seqs/rkv_i2c_slave_read_response_seq.sv ...
Done /home/verifier/project/i2c/rkv_v2pro_i2c-RKV_I2C_TB_01/rkv_i2c_tb/seq_lib/elem_seqs/rkv_i2c_slave_read_response_seq.sv [2 ms, 41 lines, SystemVerilog_2012] ...
Done /home/verifier/project/i2c/rkv_v2pro_i2c-RKV_I2C_TB_01/rkv_i2c_tb/seq_lib/elem_seqs/rkv_i2c_element_sequences.svh [0 ms, 21 lines, SystemVerilog_2012] ...
Loading (247) /home/verifier/project/i2c/rkv_v2pro_i2c-RKV_I2C_TB_01/rkv_i2c_tb/seq_lib/rkv_i2c_virtual_sequences.svh ...
Loading (248) /home/verifier/project/i2c/rkv_v2pro_i2c-RKV_I2C_TB_01/rkv_i2c_tb/seq_lib/rkv_i2c_base_virtual_sequence.sv ...
Done /home/verifier/project/i2c/rkv_v2pro_i2c-RKV_I2C_TB_01/rkv_i2c_tb/seq_lib/rkv_i2c_base_virtual_sequence.sv [1 ms, 64 lines, SystemVerilog_2012] ...
Loading (249) /home/verifier/project/i2c/rkv_v2pro_i2c-RKV_I2C_TB_01/rkv_i2c_tb/seq_lib/rkv_i2c_quick_reg_access_virt_seq.sv ...
Done /home/verifier/project/i2c/rkv_v2pro_i2c-RKV_I2C_TB_01/rkv_i2c_tb/seq_lib/rkv_i2c_quick_reg_access_virt_seq.sv [1 ms, 40 lines, SystemVerilog_2012] ...
Loading (250) /home/verifier/project/i2c/rkv_v2pro_i2c-RKV_I2C_TB_01/rkv_i2c_tb/seq_lib/rkv_i2c_master_directed_interrupt_virt_seq.sv ...
Done /home/verifier/project/i2c/rkv_v2pro_i2c-RKV_I2C_TB_01/rkv_i2c_tb/seq_lib/rkv_i2c_master_directed_interrupt_virt_seq.sv [0 ms, 29 lines, SystemVerilog_2012] ...
Loading (251) /home/verifier/project/i2c/rkv_v2pro_i2c-RKV_I2C_TB_01/rkv_i2c_tb/seq_lib/rkv_i2c_master_directed_write_packet_virt_seq.sv ...
Done /home/verifier/project/i2c/rkv_v2pro_i2c-RKV_I2C_TB_01/rkv_i2c_tb/seq_lib/rkv_i2c_master_directed_write_packet_virt_seq.sv [1 ms, 28 lines, SystemVerilog_2012] ...
Loading (252) /home/verifier/project/i2c/rkv_v2pro_i2c-RKV_I2C_TB_01/rkv_i2c_tb/seq_lib/rkv_i2c_master_directed_read_packet_virt_seq.sv ...
Done /home/verifier/project/i2c/rkv_v2pro_i2c-RKV_I2C_TB_01/rkv_i2c_tb/seq_lib/rkv_i2c_master_directed_read_packet_virt_seq.sv [1 ms, 31 lines, SystemVerilog_2012] ...
Done /home/verifier/project/i2c/rkv_v2pro_i2c-RKV_I2C_TB_01/rkv_i2c_tb/seq_lib/rkv_i2c_virtual_sequences.svh [0 ms, 13 lines, SystemVerilog_2012] ...
Loading (253) /home/verifier/project/i2c/rkv_v2pro_i2c-RKV_I2C_TB_01/rkv_i2c_tb/seq_lib/user_elem_seqs/rkv_i2c_user_element_sequences.svh ...
Done /home/verifier/project/i2c/rkv_v2pro_i2c-RKV_I2C_TB_01/rkv_i2c_tb/seq_lib/user_elem_seqs/rkv_i2c_user_element_sequences.svh [0 ms, 8 lines, SystemVerilog_2012] ...
Loading (254) /home/verifier/project/i2c/rkv_v2pro_i2c-RKV_I2C_TB_01/rkv_i2c_tb/seq_lib/user_virt_seqs/rkv_i2c_user_virtual_sequences.svh ...
Done /home/verifier/project/i2c/rkv_v2pro_i2c-RKV_I2C_TB_01/rkv_i2c_tb/seq_lib/user_virt_seqs/rkv_i2c_user_virtual_sequences.svh [0 ms, 8 lines, SystemVerilog_2012] ...
Loading (255) /home/verifier/project/i2c/rkv_v2pro_i2c-RKV_I2C_TB_01/rkv_i2c_tb/tests/rkv_i2c_tests.svh ...
Loading (256) /home/verifier/project/i2c/rkv_v2pro_i2c-RKV_I2C_TB_01/rkv_i2c_tb/tests/rkv_i2c_base_test.sv ...
Done /home/verifier/project/i2c/rkv_v2pro_i2c-RKV_I2C_TB_01/rkv_i2c_tb/tests/rkv_i2c_base_test.sv [1 ms, 43 lines, SystemVerilog_2012] ...
Loading (257) /home/verifier/project/i2c/rkv_v2pro_i2c-RKV_I2C_TB_01/rkv_i2c_tb/tests/rkv_i2c_quick_reg_access_test.sv ...
Done /home/verifier/project/i2c/rkv_v2pro_i2c-RKV_I2C_TB_01/rkv_i2c_tb/tests/rkv_i2c_quick_reg_access_test.sv [0 ms, 32 lines, SystemVerilog_2012] ...
Loading (258) /home/verifier/project/i2c/rkv_v2pro_i2c-RKV_I2C_TB_01/rkv_i2c_tb/tests/rkv_i2c_master_directed_interrupt_test.sv ...
Done /home/verifier/project/i2c/rkv_v2pro_i2c-RKV_I2C_TB_01/rkv_i2c_tb/tests/rkv_i2c_master_directed_interrupt_test.sv [1 ms, 32 lines, SystemVerilog_2012] ...
Loading (259) /home/verifier/project/i2c/rkv_v2pro_i2c-RKV_I2C_TB_01/rkv_i2c_tb/tests/rkv_i2c_master_directed_write_packet_test.sv ...
Done /home/verifier/project/i2c/rkv_v2pro_i2c-RKV_I2C_TB_01/rkv_i2c_tb/tests/rkv_i2c_master_directed_write_packet_test.sv [0 ms, 32 lines, SystemVerilog_2012] ...
Loading (260) /home/verifier/project/i2c/rkv_v2pro_i2c-RKV_I2C_TB_01/rkv_i2c_tb/tests/rkv_i2c_master_directed_read_packet_test.sv ...
Done /home/verifier/project/i2c/rkv_v2pro_i2c-RKV_I2C_TB_01/rkv_i2c_tb/tests/rkv_i2c_master_directed_read_packet_test.sv [1 ms, 32 lines, SystemVerilog_2012] ...
Done /home/verifier/project/i2c/rkv_v2pro_i2c-RKV_I2C_TB_01/rkv_i2c_tb/tests/rkv_i2c_tests.svh [0 ms, 13 lines, SystemVerilog_2012] ...
Loading (261) /home/verifier/project/i2c/rkv_v2pro_i2c-RKV_I2C_TB_01/rkv_i2c_tb/tests/user_tests/rkv_i2c_user_tests.svh ...
Done /home/verifier/project/i2c/rkv_v2pro_i2c-RKV_I2C_TB_01/rkv_i2c_tb/tests/user_tests/rkv_i2c_user_tests.svh [0 ms, 7 lines, SystemVerilog_2012] ...
Done /home/verifier/project/i2c/rkv_v2pro_i2c-RKV_I2C_TB_01/rkv_i2c_tb/env/rkv_i2c_pkg.sv [0 ms, 29 lines, SystemVerilog_2012] ...
Loading (262) /home/verifier/project/i2c/rkv_v2pro_i2c-RKV_I2C_TB_01/rkv_i2c_tb/tb/rkv_i2c_if.sv ...
Skip (optimized) /opt/dvt_eclipse/dvt_eclipse/predefined_projects/libs/uvm-1.2/src/uvm_macros.svh ...
Done /home/verifier/project/i2c/rkv_v2pro_i2c-RKV_I2C_TB_01/rkv_i2c_tb/tb/rkv_i2c_if.sv [1 ms, 83 lines, SystemVerilog_2012] ...
Loading (263) /home/verifier/project/i2c/rkv_v2pro_i2c-RKV_I2C_TB_01/rkv_i2c_tb/tb/rkv_i2c_tb.sv ...
Skip (optimized) /opt/dvt_eclipse/dvt_eclipse/predefined_projects/libs/uvm-1.2/src/uvm_macros.svh ...
Done /home/verifier/project/i2c/rkv_v2pro_i2c-RKV_I2C_TB_01/rkv_i2c_tb/tb/rkv_i2c_tb.sv [2 ms, 137 lines, SystemVerilog_2012] ...
*** Done parsing [LT 1387.0 ms, PT 1863.0 ms, SGT 8%, UGT 15%] ***
*** Total number of lines [108 226] ***
Performing post full build actions ...
Performing post full build step 1 (SRI) [1 ms] ...
Performing post full build step 2 (RI) [4 ms] ...
Performing post full build step 3 (RCP) [15 ms] ...
*** Done SystemVerilog build [1s.926ms] ***
*** Start mixed mode extension build ***
Performing mixed post full build step 1 (Verilog - RI) [4 ms] ...
Performing mixed post full build step 2 (Verilog - RC) [0 ms] ...
Performing mixed post full build step 3 (Verilog - RPC) [16 ms] ...
Performing mixed post full build step 4 (Verilog - RD) [34 ms] ...
Performing mixed post full build step 5 (Verilog - FSC) [405 ms] ...
Performing mixed post full build step 6 (Verilog - EV) [254 ms] ...
Performing mixed post full build step 7 (Verilog - US) [51 ms] ...
*** Done mixed mode extension build [830 ms] ***
*** Start adding/validating the DVT Auto-Linked resources ***
*** Done adding/validating the DVT Auto-Linked resources [8 ms] ***
*** Total build time [2s.778ms] ***
