Command: vlogan +incdir+../../rkv_dw_apb_i2c/src +incdir+../agents/lvc_apb3 +incdir+../agents/lvc_i2c \
+incdir+../cfg +incdir+../cov +incdir+../reg +incdir+../env +incdir+../seq_lib +incdir+../seq_lib/elem_seqs \
+incdir+../tests -full64 -sverilog -ntb_opts uvm-1.2 -timescale=1ps/1ps -l out/log/comp_.log \
../tb/rkv_i2c_tb.sv
                         Chronologic VCS (TM)
       Version O-2018.09-SP2_Full64 -- Mon Apr 10 18:38:21 2023
               Copyright (c) 1991-2018 by Synopsys Inc.
                         ALL RIGHTS RESERVED

This program is proprietary and confidential information of Synopsys Inc.
and may be used and disclosed only as authorized in a license agreement
controlling such use and disclosure.

Parsing design file '../tb/rkv_i2c_tb.sv'
Parsing included file '/opt/synopsys/vcs/vcs-mx/O-2018.09-SP2/etc/uvm-1.2/uvm_macros.svh'.
Parsing included file '/opt/synopsys/vcs/vcs-mx/O-2018.09-SP2/etc/uvm-1.2/macros/uvm_version_defines.svh'.
Back to file '/opt/synopsys/vcs/vcs-mx/O-2018.09-SP2/etc/uvm-1.2/uvm_macros.svh'.
Parsing included file '/opt/synopsys/vcs/vcs-mx/O-2018.09-SP2/etc/uvm-1.2/macros/uvm_global_defines.svh'.
Back to file '/opt/synopsys/vcs/vcs-mx/O-2018.09-SP2/etc/uvm-1.2/uvm_macros.svh'.
Parsing included file '/opt/synopsys/vcs/vcs-mx/O-2018.09-SP2/etc/uvm-1.2/macros/uvm_message_defines.svh'.
Back to file '/opt/synopsys/vcs/vcs-mx/O-2018.09-SP2/etc/uvm-1.2/uvm_macros.svh'.
Parsing included file '/opt/synopsys/vcs/vcs-mx/O-2018.09-SP2/etc/uvm-1.2/macros/uvm_phase_defines.svh'.
Back to file '/opt/synopsys/vcs/vcs-mx/O-2018.09-SP2/etc/uvm-1.2/uvm_macros.svh'.
Parsing included file '/opt/synopsys/vcs/vcs-mx/O-2018.09-SP2/etc/uvm-1.2/macros/uvm_object_defines.svh'.
Back to file '/opt/synopsys/vcs/vcs-mx/O-2018.09-SP2/etc/uvm-1.2/uvm_macros.svh'.
Parsing included file '/opt/synopsys/vcs/vcs-mx/O-2018.09-SP2/etc/uvm-1.2/macros/uvm_printer_defines.svh'.
Back to file '/opt/synopsys/vcs/vcs-mx/O-2018.09-SP2/etc/uvm-1.2/uvm_macros.svh'.
Parsing included file '/opt/synopsys/vcs/vcs-mx/O-2018.09-SP2/etc/uvm-1.2/macros/uvm_tlm_defines.svh'.
Parsing included file '/opt/synopsys/vcs/vcs-mx/O-2018.09-SP2/etc/uvm-1.2/tlm1/uvm_tlm_imps.svh'.
Back to file '/opt/synopsys/vcs/vcs-mx/O-2018.09-SP2/etc/uvm-1.2/macros/uvm_tlm_defines.svh'.
Back to file '/opt/synopsys/vcs/vcs-mx/O-2018.09-SP2/etc/uvm-1.2/uvm_macros.svh'.
Parsing included file '/opt/synopsys/vcs/vcs-mx/O-2018.09-SP2/etc/uvm-1.2/macros/uvm_sequence_defines.svh'.
Back to file '/opt/synopsys/vcs/vcs-mx/O-2018.09-SP2/etc/uvm-1.2/uvm_macros.svh'.
Parsing included file '/opt/synopsys/vcs/vcs-mx/O-2018.09-SP2/etc/uvm-1.2/macros/uvm_callback_defines.svh'.
Back to file '/opt/synopsys/vcs/vcs-mx/O-2018.09-SP2/etc/uvm-1.2/uvm_macros.svh'.
Parsing included file '/opt/synopsys/vcs/vcs-mx/O-2018.09-SP2/etc/uvm-1.2/macros/uvm_reg_defines.svh'.
Back to file '/opt/synopsys/vcs/vcs-mx/O-2018.09-SP2/etc/uvm-1.2/uvm_macros.svh'.
Parsing included file '/opt/synopsys/vcs/vcs-mx/O-2018.09-SP2/etc/uvm-1.2/macros/uvm_deprecated_defines.svh'.
Back to file '/opt/synopsys/vcs/vcs-mx/O-2018.09-SP2/etc/uvm-1.2/uvm_macros.svh'.
Back to file '../tb/rkv_i2c_tb.sv'.
CPU time: .262 seconds to compile
