Command: vcs -full64 -sverilog -ntb_opts uvm-1.2 -debug_all -l out/log/elab_.log \
rkv_i2c_tb
Doing common elaboration 
                         Chronologic VCS (TM)
       Version O-2018.09-SP2_Full64 -- Mon Apr 10 18:38:22 2023
               Copyright (c) 1991-2018 by Synopsys Inc.
                         ALL RIGHTS RESERVED

This program is proprietary and confidential information of Synopsys Inc.
and may be used and disclosed only as authorized in a license agreement
controlling such use and disclosure.


Warning-[DEBUG_DEP] Option will be deprecated
  The option '-debug_all' will be deprecated in a future release.  Please use 
  '-debug_acc+all -debug_region+cell+encrypt' instead.

Top Level Modules:
       rkv_i2c_tb
       uvm_custom_install_recording
TimeScale is 1 ps / 1 ps
Starting vcs inline pass...
24 modules and 0 UDP read.
recompiling package vcs_paramclassrepository
recompiling package uvm_pkg
recompiling package lvc_apb_pkg
recompiling package lvc_i2c_pkg
recompiling package rkv_i2c_pkg
recompiling module rkv_i2c_tb
recompiling package _vcs_DPI_package
recompiling package _vcs_msglog
recompiling module uvm_custom_install_recording
recompiling module lvc_apb_if
recompiling module lvc_i2c_if
recompiling module rkv_i2c_if
recompiling module rkv_DW_apb_i2c
recompiling module rkv_DW_apb_i2c_toggle
recompiling module rkv_DW_apb_i2c_sync
recompiling module rkv_DW_apb_i2c_intctl
recompiling module rkv_DW_apb_i2c_rx_shift
recompiling module rkv_DW_apb_i2c_slvfsm
recompiling module rkv_DW_apb_i2c_mstfsm
recompiling module rkv_DW_apb_i2c_clk_gen
recompiling module rkv_DW_apb_i2c_regfile
recompiling module rkv_DW_apb_i2c_fifo
recompiling module rkv_DW_apb_i2c_bcm06
recompiling module rkv_DW_apb_i2c_bcm57
All of 24 modules done
make[1]: Entering directory `/home/verifier/project/i2c/rkv_v2pro_i2c-RKV_I2C_TB_00/rkv_i2c_tb/sim/csrc' \

rm -f _csrc*.so pre_vcsobj_*.so share_vcsobj_*.so
g++ -w  -pipe -DVCSMX -DUVM_DPI_DO_TYPE_CHECK -fPIC -O -I/opt/synopsys/vcs/vcs-mx/O-2018.09-SP2/include \
-c /opt/synopsys/vcs/vcs-mx/O-2018.09-SP2/etc/uvm-1.2/dpi/uvm_dpi.cc
if [ -x ../simv ]; then chmod -x ../simv; fi
g++  -o ../simv    -Wl,-rpath-link=./ -Wl,-rpath='$ORIGIN'/simv.daidir/ -Wl,-rpath=./simv.daidir/ \
-Wl,-rpath='$ORIGIN'/simv.daidir//scsim.db.dir  -rdynamic -Wl,-rpath=/opt/synopsys/vcs/vcs-mx/O-2018.09-SP2/linux64/lib \
-L/opt/synopsys/vcs/vcs-mx/O-2018.09-SP2/linux64/lib uvm_dpi.o   objs/amcQw_d.o  \
_82405_archive_1.so  SIM_l.o      rmapats_mop.o rmapats.o rmar.o rmar_nd.o  rmar_llvm_0_1.o \
rmar_llvm_0_0.o          -lzerosoft_rt_stubs -lerrorinf -lsnpsmalloc -lvfs    -lvcsnew \
-lsimprofile -lvirsim -lreader_common /opt/synopsys/vcs/vcs-mx/O-2018.09-SP2/linux64/lib/libBA.a \
-luclinative /opt/synopsys/vcs/vcs-mx/O-2018.09-SP2/linux64/lib/vcs_tls.o   -Wl,-whole-archive \
-lvcsucli -Wl,-no-whole-archive       ./../simv.daidir/vc_hdrs.o    /opt/synopsys/vcs/vcs-mx/O-2018.09-SP2/linux64/lib/vcs_save_restore_new.o \
-ldl  -lc -lm -lpthread -ldl 
../simv up to date
make[1]: Leaving directory `/home/verifier/project/i2c/rkv_v2pro_i2c-RKV_I2C_TB_00/rkv_i2c_tb/sim/csrc' \

CPU time: 9.628 seconds to compile + .208 seconds to elab + .367 seconds to link
