*** Start analyzing build configuration ***
Auto-config - Scanning: /home/verifier/project/i2c/rkv_v2pro_i2c-RKV_I2C_TB_00/rkv_i2c_tb
Auto-config - VLOG: /home/verifier/project/i2c/rkv_v2pro_i2c-RKV_I2C_TB_00/rkv_i2c_tb
Auto-config - Wrote:
    /home/verifier/project/i2c/rkv_v2pro_i2c-RKV_I2C_TB_00/rkv_i2c_tb/.dvt/default.build.auto.1
*** List of included argument files ***
    Build configuration file:  /home/verifier/project/i2c/rkv_v2pro_i2c-RKV_I2C_TB_00/rkv_i2c_tb/.dvt/default.build
    -f /home/verifier/project/i2c/rkv_v2pro_i2c-RKV_I2C_TB_00/rkv_i2c_tb/.dvt/default.build.auto.1
*** List of invocations ***
Invocation #1 +dvt_init+dvt in /home/verifier/project/i2c/rkv_v2pro_i2c-RKV_I2C_TB_00/rkv_i2c_tb/.dvt/default.build.auto.1 at line 9
*** Done analyzing build configuration [119 ms] ***
*** Start SystemVerilog build ***
*** Loading top files ***
Loading (1) /opt/dvt_eclipse/dvt_eclipse/predefined_projects/libs/uvm-1.2/src/uvm_pkg.sv ...
Loading (2) /opt/dvt_eclipse/dvt_eclipse/predefined_projects/libs/uvm-1.2/src/uvm_macros.svh ...
Loading (3) /opt/dvt_eclipse/dvt_eclipse/predefined_projects/libs/uvm-1.2/src/macros/uvm_version_defines.svh ...
Done /opt/dvt_eclipse/dvt_eclipse/predefined_projects/libs/uvm-1.2/src/macros/uvm_version_defines.svh [56 ms, 151 lines, SystemVerilog_2012] ...
Loading (4) /opt/dvt_eclipse/dvt_eclipse/predefined_projects/libs/uvm-1.2/src/macros/uvm_global_defines.svh ...
Done /opt/dvt_eclipse/dvt_eclipse/predefined_projects/libs/uvm-1.2/src/macros/uvm_global_defines.svh [0 ms, 61 lines, SystemVerilog_2012] ...
Loading (5) /opt/dvt_eclipse/dvt_eclipse/predefined_projects/libs/uvm-1.2/src/macros/uvm_message_defines.svh ...
Done /opt/dvt_eclipse/dvt_eclipse/predefined_projects/libs/uvm-1.2/src/macros/uvm_message_defines.svh [51 ms, 539 lines, SystemVerilog_2012] ...
Loading (6) /opt/dvt_eclipse/dvt_eclipse/predefined_projects/libs/uvm-1.2/src/macros/uvm_phase_defines.svh ...
Done /opt/dvt_eclipse/dvt_eclipse/predefined_projects/libs/uvm-1.2/src/macros/uvm_phase_defines.svh [0 ms, 130 lines, SystemVerilog_2012] ...
Loading (7) /opt/dvt_eclipse/dvt_eclipse/predefined_projects/libs/uvm-1.2/src/macros/uvm_object_defines.svh ...
Done /opt/dvt_eclipse/dvt_eclipse/predefined_projects/libs/uvm-1.2/src/macros/uvm_object_defines.svh [51 ms, 3815 lines, SystemVerilog_2012] ...
Loading (8) /opt/dvt_eclipse/dvt_eclipse/predefined_projects/libs/uvm-1.2/src/macros/uvm_printer_defines.svh ...
Done /opt/dvt_eclipse/dvt_eclipse/predefined_projects/libs/uvm-1.2/src/macros/uvm_printer_defines.svh [0 ms, 423 lines, SystemVerilog_2012] ...
Loading (9) /opt/dvt_eclipse/dvt_eclipse/predefined_projects/libs/uvm-1.2/src/macros/uvm_tlm_defines.svh ...
Loading (10) /opt/dvt_eclipse/dvt_eclipse/predefined_projects/libs/uvm-1.2/src/tlm1/uvm_tlm_imps.svh ...
Done /opt/dvt_eclipse/dvt_eclipse/predefined_projects/libs/uvm-1.2/src/tlm1/uvm_tlm_imps.svh [0 ms, 229 lines, SystemVerilog_2012] ...
Done /opt/dvt_eclipse/dvt_eclipse/predefined_projects/libs/uvm-1.2/src/macros/uvm_tlm_defines.svh [0 ms, 617 lines, SystemVerilog_2012] ...
Loading (11) /opt/dvt_eclipse/dvt_eclipse/predefined_projects/libs/uvm-1.2/src/macros/uvm_sequence_defines.svh ...
Done /opt/dvt_eclipse/dvt_eclipse/predefined_projects/libs/uvm-1.2/src/macros/uvm_sequence_defines.svh [51 ms, 456 lines, SystemVerilog_2012] ...
Loading (12) /opt/dvt_eclipse/dvt_eclipse/predefined_projects/libs/uvm-1.2/src/macros/uvm_callback_defines.svh ...
Done /opt/dvt_eclipse/dvt_eclipse/predefined_projects/libs/uvm-1.2/src/macros/uvm_callback_defines.svh [0 ms, 301 lines, SystemVerilog_2012] ...
Loading (13) /opt/dvt_eclipse/dvt_eclipse/predefined_projects/libs/uvm-1.2/src/macros/uvm_reg_defines.svh ...
Done /opt/dvt_eclipse/dvt_eclipse/predefined_projects/libs/uvm-1.2/src/macros/uvm_reg_defines.svh [0 ms, 69 lines, SystemVerilog_2012] ...
Loading (14) /opt/dvt_eclipse/dvt_eclipse/predefined_projects/libs/uvm-1.2/src/macros/uvm_deprecated_defines.svh ...
Done /opt/dvt_eclipse/dvt_eclipse/predefined_projects/libs/uvm-1.2/src/macros/uvm_deprecated_defines.svh [0 ms, 252 lines, SystemVerilog_2012] ...
Done /opt/dvt_eclipse/dvt_eclipse/predefined_projects/libs/uvm-1.2/src/uvm_macros.svh [0 ms, 82 lines, SystemVerilog_2012] ...
Loading (15) /opt/dvt_eclipse/dvt_eclipse/predefined_projects/libs/uvm-1.2/src/dpi/uvm_dpi.svh ...
Loading (16) /opt/dvt_eclipse/dvt_eclipse/predefined_projects/libs/uvm-1.2/src/dpi/uvm_hdl.svh ...
Done /opt/dvt_eclipse/dvt_eclipse/predefined_projects/libs/uvm-1.2/src/dpi/uvm_hdl.svh [13 ms, 164 lines, SystemVerilog_2012] ...
Loading (17) /opt/dvt_eclipse/dvt_eclipse/predefined_projects/libs/uvm-1.2/src/dpi/uvm_svcmd_dpi.svh ...
Done /opt/dvt_eclipse/dvt_eclipse/predefined_projects/libs/uvm-1.2/src/dpi/uvm_svcmd_dpi.svh [2 ms, 66 lines, SystemVerilog_2012] ...
Loading (18) /opt/dvt_eclipse/dvt_eclipse/predefined_projects/libs/uvm-1.2/src/dpi/uvm_regex.svh ...
Done /opt/dvt_eclipse/dvt_eclipse/predefined_projects/libs/uvm-1.2/src/dpi/uvm_regex.svh [0 ms, 89 lines, SystemVerilog_2012] ...
Done /opt/dvt_eclipse/dvt_eclipse/predefined_projects/libs/uvm-1.2/src/dpi/uvm_dpi.svh [0 ms, 44 lines, SystemVerilog_2012] ...
Loading (19) /opt/dvt_eclipse/dvt_eclipse/predefined_projects/libs/uvm-1.2/src/base/uvm_base.svh ...
Loading (20) /opt/dvt_eclipse/dvt_eclipse/predefined_projects/libs/uvm-1.2/src/base/uvm_coreservice.svh ...
Done /opt/dvt_eclipse/dvt_eclipse/predefined_projects/libs/uvm-1.2/src/base/uvm_coreservice.svh [12 ms, 224 lines, SystemVerilog_2012] ...
Loading (21) /opt/dvt_eclipse/dvt_eclipse/predefined_projects/libs/uvm-1.2/src/base/uvm_version.svh ...
Done /opt/dvt_eclipse/dvt_eclipse/predefined_projects/libs/uvm-1.2/src/base/uvm_version.svh [1 ms, 39 lines, SystemVerilog_2012] ...
Loading (22) /opt/dvt_eclipse/dvt_eclipse/predefined_projects/libs/uvm-1.2/src/base/uvm_object_globals.svh ...
Done /opt/dvt_eclipse/dvt_eclipse/predefined_projects/libs/uvm-1.2/src/base/uvm_object_globals.svh [16 ms, 658 lines, SystemVerilog_2012] ...
Loading (23) /opt/dvt_eclipse/dvt_eclipse/predefined_projects/libs/uvm-1.2/src/base/uvm_misc.svh ...
Done /opt/dvt_eclipse/dvt_eclipse/predefined_projects/libs/uvm-1.2/src/base/uvm_misc.svh [67 ms, 754 lines, SystemVerilog_2012] ...
Loading (24) /opt/dvt_eclipse/dvt_eclipse/predefined_projects/libs/uvm-1.2/src/base/uvm_object.svh ...
Done /opt/dvt_eclipse/dvt_eclipse/predefined_projects/libs/uvm-1.2/src/base/uvm_object.svh [47 ms, 1331 lines, SystemVerilog_2012] ...
Loading (25) /opt/dvt_eclipse/dvt_eclipse/predefined_projects/libs/uvm-1.2/src/base/uvm_pool.svh ...
Done /opt/dvt_eclipse/dvt_eclipse/predefined_projects/libs/uvm-1.2/src/base/uvm_pool.svh [18 ms, 348 lines, SystemVerilog_2012] ...
Loading (26) /opt/dvt_eclipse/dvt_eclipse/predefined_projects/libs/uvm-1.2/src/base/uvm_queue.svh ...
Done /opt/dvt_eclipse/dvt_eclipse/predefined_projects/libs/uvm-1.2/src/base/uvm_queue.svh [9 ms, 204 lines, SystemVerilog_2012] ...
Loading (27) /opt/dvt_eclipse/dvt_eclipse/predefined_projects/libs/uvm-1.2/src/base/uvm_factory.svh ...
Done /opt/dvt_eclipse/dvt_eclipse/predefined_projects/libs/uvm-1.2/src/base/uvm_factory.svh [86 ms, 1790 lines, SystemVerilog_2012] ...
Loading (28) /opt/dvt_eclipse/dvt_eclipse/predefined_projects/libs/uvm-1.2/src/base/uvm_registry.svh ...
Done /opt/dvt_eclipse/dvt_eclipse/predefined_projects/libs/uvm-1.2/src/base/uvm_registry.svh [10 ms, 381 lines, SystemVerilog_2012] ...
Loading (29) /opt/dvt_eclipse/dvt_eclipse/predefined_projects/libs/uvm-1.2/src/base/uvm_spell_chkr.svh ...
Done /opt/dvt_eclipse/dvt_eclipse/predefined_projects/libs/uvm-1.2/src/base/uvm_spell_chkr.svh [9 ms, 204 lines, SystemVerilog_2012] ...
Loading (30) /opt/dvt_eclipse/dvt_eclipse/predefined_projects/libs/uvm-1.2/src/base/uvm_resource.svh ...
Done /opt/dvt_eclipse/dvt_eclipse/predefined_projects/libs/uvm-1.2/src/base/uvm_resource.svh [42 ms, 1695 lines, SystemVerilog_2012] ...
Loading (31) /opt/dvt_eclipse/dvt_eclipse/predefined_projects/libs/uvm-1.2/src/base/uvm_resource_specializations.svh ...
Done /opt/dvt_eclipse/dvt_eclipse/predefined_projects/libs/uvm-1.2/src/base/uvm_resource_specializations.svh [14 ms, 171 lines, SystemVerilog_2012] ...
Loading (32) /opt/dvt_eclipse/dvt_eclipse/predefined_projects/libs/uvm-1.2/src/base/uvm_resource_db.svh ...
Done /opt/dvt_eclipse/dvt_eclipse/predefined_projects/libs/uvm-1.2/src/base/uvm_resource_db.svh [14 ms, 400 lines, SystemVerilog_2012] ...
Loading (33) /opt/dvt_eclipse/dvt_eclipse/predefined_projects/libs/uvm-1.2/src/base/uvm_config_db.svh ...
Done /opt/dvt_eclipse/dvt_eclipse/predefined_projects/libs/uvm-1.2/src/base/uvm_config_db.svh [26 ms, 411 lines, SystemVerilog_2012] ...
Loading (34) /opt/dvt_eclipse/dvt_eclipse/predefined_projects/libs/uvm-1.2/src/base/uvm_printer.svh ...
Done /opt/dvt_eclipse/dvt_eclipse/predefined_projects/libs/uvm-1.2/src/base/uvm_printer.svh [36 ms, 1232 lines, SystemVerilog_2012] ...
Loading (35) /opt/dvt_eclipse/dvt_eclipse/predefined_projects/libs/uvm-1.2/src/base/uvm_comparer.svh ...
Done /opt/dvt_eclipse/dvt_eclipse/predefined_projects/libs/uvm-1.2/src/base/uvm_comparer.svh [10 ms, 423 lines, SystemVerilog_2012] ...
Loading (36) /opt/dvt_eclipse/dvt_eclipse/predefined_projects/libs/uvm-1.2/src/base/uvm_packer.svh ...
Done /opt/dvt_eclipse/dvt_eclipse/predefined_projects/libs/uvm-1.2/src/base/uvm_packer.svh [25 ms, 1038 lines, SystemVerilog_2012] ...
Loading (37) /opt/dvt_eclipse/dvt_eclipse/predefined_projects/libs/uvm-1.2/src/base/uvm_links.svh ...
Done /opt/dvt_eclipse/dvt_eclipse/predefined_projects/libs/uvm-1.2/src/base/uvm_links.svh [13 ms, 371 lines, SystemVerilog_2012] ...
Loading (38) /opt/dvt_eclipse/dvt_eclipse/predefined_projects/libs/uvm-1.2/src/base/uvm_tr_database.svh ...
Done /opt/dvt_eclipse/dvt_eclipse/predefined_projects/libs/uvm-1.2/src/base/uvm_tr_database.svh [11 ms, 433 lines, SystemVerilog_2012] ...
Loading (39) /opt/dvt_eclipse/dvt_eclipse/predefined_projects/libs/uvm-1.2/src/base/uvm_tr_stream.svh ...
Done /opt/dvt_eclipse/dvt_eclipse/predefined_projects/libs/uvm-1.2/src/base/uvm_tr_stream.svh [11 ms, 592 lines, SystemVerilog_2012] ...
Loading (40) /opt/dvt_eclipse/dvt_eclipse/predefined_projects/libs/uvm-1.2/src/base/uvm_recorder.svh ...
Done /opt/dvt_eclipse/dvt_eclipse/predefined_projects/libs/uvm-1.2/src/base/uvm_recorder.svh [19 ms, 1141 lines, SystemVerilog_2012] ...
Loading (41) /opt/dvt_eclipse/dvt_eclipse/predefined_projects/libs/uvm-1.2/src/base/uvm_event_callback.svh ...
Done /opt/dvt_eclipse/dvt_eclipse/predefined_projects/libs/uvm-1.2/src/base/uvm_event_callback.svh [1 ms, 91 lines, SystemVerilog_2012] ...
Loading (42) /opt/dvt_eclipse/dvt_eclipse/predefined_projects/libs/uvm-1.2/src/base/uvm_event.svh ...
Done /opt/dvt_eclipse/dvt_eclipse/predefined_projects/libs/uvm-1.2/src/base/uvm_event.svh [8 ms, 395 lines, SystemVerilog_2012] ...
Loading (43) /opt/dvt_eclipse/dvt_eclipse/predefined_projects/libs/uvm-1.2/src/base/uvm_barrier.svh ...
Done /opt/dvt_eclipse/dvt_eclipse/predefined_projects/libs/uvm-1.2/src/base/uvm_barrier.svh [4 ms, 210 lines, SystemVerilog_2012] ...
Loading (44) /opt/dvt_eclipse/dvt_eclipse/predefined_projects/libs/uvm-1.2/src/base/uvm_callback.svh ...
Loading (45) /opt/dvt_eclipse/dvt_eclipse/predefined_projects/libs/uvm-1.2/src/uvm_macros.svh ...
Done /opt/dvt_eclipse/dvt_eclipse/predefined_projects/libs/uvm-1.2/src/uvm_macros.svh [0 ms, 82 lines, SystemVerilog_2012] ...
Done /opt/dvt_eclipse/dvt_eclipse/predefined_projects/libs/uvm-1.2/src/base/uvm_callback.svh [30 ms, 1199 lines, SystemVerilog_2012] ...
Loading (46) /opt/dvt_eclipse/dvt_eclipse/predefined_projects/libs/uvm-1.2/src/base/uvm_report_message.svh ...
Done /opt/dvt_eclipse/dvt_eclipse/predefined_projects/libs/uvm-1.2/src/base/uvm_report_message.svh [18 ms, 940 lines, SystemVerilog_2012] ...
Loading (47) /opt/dvt_eclipse/dvt_eclipse/predefined_projects/libs/uvm-1.2/src/base/uvm_report_catcher.svh ...
Done /opt/dvt_eclipse/dvt_eclipse/predefined_projects/libs/uvm-1.2/src/base/uvm_report_catcher.svh [17 ms, 713 lines, SystemVerilog_2012] ...
Loading (48) /opt/dvt_eclipse/dvt_eclipse/predefined_projects/libs/uvm-1.2/src/base/uvm_report_server.svh ...
Done /opt/dvt_eclipse/dvt_eclipse/predefined_projects/libs/uvm-1.2/src/base/uvm_report_server.svh [22 ms, 923 lines, SystemVerilog_2012] ...
Loading (49) /opt/dvt_eclipse/dvt_eclipse/predefined_projects/libs/uvm-1.2/src/base/uvm_report_handler.svh ...
Done /opt/dvt_eclipse/dvt_eclipse/predefined_projects/libs/uvm-1.2/src/base/uvm_report_handler.svh [24 ms, 801 lines, SystemVerilog_2012] ...
Loading (50) /opt/dvt_eclipse/dvt_eclipse/predefined_projects/libs/uvm-1.2/src/base/uvm_report_object.svh ...
Done /opt/dvt_eclipse/dvt_eclipse/predefined_projects/libs/uvm-1.2/src/base/uvm_report_object.svh [9 ms, 660 lines, SystemVerilog_2012] ...
Loading (51) /opt/dvt_eclipse/dvt_eclipse/predefined_projects/libs/uvm-1.2/src/base/uvm_transaction.svh ...
Done /opt/dvt_eclipse/dvt_eclipse/predefined_projects/libs/uvm-1.2/src/base/uvm_transaction.svh [9 ms, 781 lines, SystemVerilog_2012] ...
Loading (52) /opt/dvt_eclipse/dvt_eclipse/predefined_projects/libs/uvm-1.2/src/base/uvm_phase.svh ...
Done /opt/dvt_eclipse/dvt_eclipse/predefined_projects/libs/uvm-1.2/src/base/uvm_phase.svh [57 ms, 2254 lines, SystemVerilog_2012] ...
Loading (53) /opt/dvt_eclipse/dvt_eclipse/predefined_projects/libs/uvm-1.2/src/base/uvm_domain.svh ...
Done /opt/dvt_eclipse/dvt_eclipse/predefined_projects/libs/uvm-1.2/src/base/uvm_domain.svh [7 ms, 219 lines, SystemVerilog_2012] ...
Loading (54) /opt/dvt_eclipse/dvt_eclipse/predefined_projects/libs/uvm-1.2/src/base/uvm_bottomup_phase.svh ...
Done /opt/dvt_eclipse/dvt_eclipse/predefined_projects/libs/uvm-1.2/src/base/uvm_bottomup_phase.svh [2 ms, 113 lines, SystemVerilog_2012] ...
Loading (55) /opt/dvt_eclipse/dvt_eclipse/predefined_projects/libs/uvm-1.2/src/base/uvm_topdown_phase.svh ...
Done /opt/dvt_eclipse/dvt_eclipse/predefined_projects/libs/uvm-1.2/src/base/uvm_topdown_phase.svh [2 ms, 115 lines, SystemVerilog_2012] ...
Loading (56) /opt/dvt_eclipse/dvt_eclipse/predefined_projects/libs/uvm-1.2/src/base/uvm_task_phase.svh ...
Done /opt/dvt_eclipse/dvt_eclipse/predefined_projects/libs/uvm-1.2/src/base/uvm_task_phase.svh [1 ms, 162 lines, SystemVerilog_2012] ...
Loading (57) /opt/dvt_eclipse/dvt_eclipse/predefined_projects/libs/uvm-1.2/src/base/uvm_common_phases.svh ...
Done /opt/dvt_eclipse/dvt_eclipse/predefined_projects/libs/uvm-1.2/src/base/uvm_common_phases.svh [4 ms, 452 lines, SystemVerilog_2012] ...
Loading (58) /opt/dvt_eclipse/dvt_eclipse/predefined_projects/libs/uvm-1.2/src/base/uvm_runtime_phases.svh ...
Done /opt/dvt_eclipse/dvt_eclipse/predefined_projects/libs/uvm-1.2/src/base/uvm_runtime_phases.svh [5 ms, 556 lines, SystemVerilog_2012] ...
Loading (59) /opt/dvt_eclipse/dvt_eclipse/predefined_projects/libs/uvm-1.2/src/base/uvm_component.svh ...
Loading (60) /opt/dvt_eclipse/dvt_eclipse/predefined_projects/libs/uvm-1.2/src/base/uvm_root.svh ...
Done /opt/dvt_eclipse/dvt_eclipse/predefined_projects/libs/uvm-1.2/src/base/uvm_root.svh [24 ms, 1073 lines, SystemVerilog_2012] ...
Done /opt/dvt_eclipse/dvt_eclipse/predefined_projects/libs/uvm-1.2/src/base/uvm_component.svh [33 ms, 3639 lines, SystemVerilog_2012] ...
Loading (61) /opt/dvt_eclipse/dvt_eclipse/predefined_projects/libs/uvm-1.2/src/base/uvm_objection.svh ...
Done /opt/dvt_eclipse/dvt_eclipse/predefined_projects/libs/uvm-1.2/src/base/uvm_objection.svh [21 ms, 1454 lines, SystemVerilog_2012] ...
Loading (62) /opt/dvt_eclipse/dvt_eclipse/predefined_projects/libs/uvm-1.2/src/base/uvm_heartbeat.svh ...
Done /opt/dvt_eclipse/dvt_eclipse/predefined_projects/libs/uvm-1.2/src/base/uvm_heartbeat.svh [4 ms, 342 lines, SystemVerilog_2012] ...
Loading (63) /opt/dvt_eclipse/dvt_eclipse/predefined_projects/libs/uvm-1.2/src/base/uvm_globals.svh ...
Done /opt/dvt_eclipse/dvt_eclipse/predefined_projects/libs/uvm-1.2/src/base/uvm_globals.svh [6 ms, 565 lines, SystemVerilog_2012] ...
Loading (64) /opt/dvt_eclipse/dvt_eclipse/predefined_projects/libs/uvm-1.2/src/base/uvm_cmdline_processor.svh ...
Done /opt/dvt_eclipse/dvt_eclipse/predefined_projects/libs/uvm-1.2/src/base/uvm_cmdline_processor.svh [3 ms, 462 lines, SystemVerilog_2012] ...
Loading (65) /opt/dvt_eclipse/dvt_eclipse/predefined_projects/libs/uvm-1.2/src/base/uvm_traversal.svh ...
Done /opt/dvt_eclipse/dvt_eclipse/predefined_projects/libs/uvm-1.2/src/base/uvm_traversal.svh [4 ms, 289 lines, SystemVerilog_2012] ...
Done /opt/dvt_eclipse/dvt_eclipse/predefined_projects/libs/uvm-1.2/src/base/uvm_base.svh [0 ms, 113 lines, SystemVerilog_2012] ...
Loading (66) /opt/dvt_eclipse/dvt_eclipse/predefined_projects/libs/uvm-1.2/src/dap/uvm_dap.svh ...
Loading (67) /opt/dvt_eclipse/dvt_eclipse/predefined_projects/libs/uvm-1.2/src/dap/uvm_set_get_dap_base.svh ...
Done /opt/dvt_eclipse/dvt_eclipse/predefined_projects/libs/uvm-1.2/src/dap/uvm_set_get_dap_base.svh [0 ms, 84 lines, SystemVerilog_2012] ...
Loading (68) /opt/dvt_eclipse/dvt_eclipse/predefined_projects/libs/uvm-1.2/src/dap/uvm_simple_lock_dap.svh ...
Done /opt/dvt_eclipse/dvt_eclipse/predefined_projects/libs/uvm-1.2/src/dap/uvm_simple_lock_dap.svh [3 ms, 179 lines, SystemVerilog_2012] ...
Loading (69) /opt/dvt_eclipse/dvt_eclipse/predefined_projects/libs/uvm-1.2/src/dap/uvm_get_to_lock_dap.svh ...
Done /opt/dvt_eclipse/dvt_eclipse/predefined_projects/libs/uvm-1.2/src/dap/uvm_get_to_lock_dap.svh [2 ms, 155 lines, SystemVerilog_2012] ...
Loading (70) /opt/dvt_eclipse/dvt_eclipse/predefined_projects/libs/uvm-1.2/src/dap/uvm_set_before_get_dap.svh ...
Done /opt/dvt_eclipse/dvt_eclipse/predefined_projects/libs/uvm-1.2/src/dap/uvm_set_before_get_dap.svh [4 ms, 185 lines, SystemVerilog_2012] ...
Done /opt/dvt_eclipse/dvt_eclipse/predefined_projects/libs/uvm-1.2/src/dap/uvm_dap.svh [0 ms, 35 lines, SystemVerilog_2012] ...
Loading (71) /opt/dvt_eclipse/dvt_eclipse/predefined_projects/libs/uvm-1.2/src/tlm1/uvm_tlm.svh ...
Loading (72) /opt/dvt_eclipse/dvt_eclipse/predefined_projects/libs/uvm-1.2/src/tlm1/uvm_tlm_ifs.svh ...
Done /opt/dvt_eclipse/dvt_eclipse/predefined_projects/libs/uvm-1.2/src/tlm1/uvm_tlm_ifs.svh [1 ms, 219 lines, SystemVerilog_2012] ...
Loading (73) /opt/dvt_eclipse/dvt_eclipse/predefined_projects/libs/uvm-1.2/src/tlm1/uvm_sqr_ifs.svh ...
Done /opt/dvt_eclipse/dvt_eclipse/predefined_projects/libs/uvm-1.2/src/tlm1/uvm_sqr_ifs.svh [2 ms, 253 lines, SystemVerilog_2012] ...
Loading (74) /opt/dvt_eclipse/dvt_eclipse/predefined_projects/libs/uvm-1.2/src/base/uvm_port_base.svh ...
Done /opt/dvt_eclipse/dvt_eclipse/predefined_projects/libs/uvm-1.2/src/base/uvm_port_base.svh [10 ms, 793 lines, SystemVerilog_2012] ...
Loading (75) /opt/dvt_eclipse/dvt_eclipse/predefined_projects/libs/uvm-1.2/src/tlm1/uvm_tlm_imps.svh ...
Done /opt/dvt_eclipse/dvt_eclipse/predefined_projects/libs/uvm-1.2/src/tlm1/uvm_tlm_imps.svh [0 ms, 229 lines, SystemVerilog_2012] ...
Loading (76) /opt/dvt_eclipse/dvt_eclipse/predefined_projects/libs/uvm-1.2/src/tlm1/uvm_imps.svh ...
Done /opt/dvt_eclipse/dvt_eclipse/predefined_projects/libs/uvm-1.2/src/tlm1/uvm_imps.svh [14 ms, 317 lines, SystemVerilog_2012] ...
Loading (77) /opt/dvt_eclipse/dvt_eclipse/predefined_projects/libs/uvm-1.2/src/tlm1/uvm_ports.svh ...
Done /opt/dvt_eclipse/dvt_eclipse/predefined_projects/libs/uvm-1.2/src/tlm1/uvm_ports.svh [10 ms, 263 lines, SystemVerilog_2012] ...
Loading (78) /opt/dvt_eclipse/dvt_eclipse/predefined_projects/libs/uvm-1.2/src/tlm1/uvm_exports.svh ...
Done /opt/dvt_eclipse/dvt_eclipse/predefined_projects/libs/uvm-1.2/src/tlm1/uvm_exports.svh [12 ms, 260 lines, SystemVerilog_2012] ...
Loading (79) /opt/dvt_eclipse/dvt_eclipse/predefined_projects/libs/uvm-1.2/src/tlm1/uvm_analysis_port.svh ...
Done /opt/dvt_eclipse/dvt_eclipse/predefined_projects/libs/uvm-1.2/src/tlm1/uvm_analysis_port.svh [2 ms, 156 lines, SystemVerilog_2012] ...
Loading (80) /opt/dvt_eclipse/dvt_eclipse/predefined_projects/libs/uvm-1.2/src/tlm1/uvm_tlm_fifo_base.svh ...
Done /opt/dvt_eclipse/dvt_eclipse/predefined_projects/libs/uvm-1.2/src/tlm1/uvm_tlm_fifo_base.svh [3 ms, 253 lines, SystemVerilog_2012] ...
Loading (81) /opt/dvt_eclipse/dvt_eclipse/predefined_projects/libs/uvm-1.2/src/tlm1/uvm_tlm_fifos.svh ...
Done /opt/dvt_eclipse/dvt_eclipse/predefined_projects/libs/uvm-1.2/src/tlm1/uvm_tlm_fifos.svh [2 ms, 239 lines, SystemVerilog_2012] ...
Loading (82) /opt/dvt_eclipse/dvt_eclipse/predefined_projects/libs/uvm-1.2/src/tlm1/uvm_tlm_req_rsp.svh ...
Done /opt/dvt_eclipse/dvt_eclipse/predefined_projects/libs/uvm-1.2/src/tlm1/uvm_tlm_req_rsp.svh [4 ms, 349 lines, SystemVerilog_2012] ...
Loading (83) /opt/dvt_eclipse/dvt_eclipse/predefined_projects/libs/uvm-1.2/src/tlm1/uvm_sqr_connections.svh ...
Done /opt/dvt_eclipse/dvt_eclipse/predefined_projects/libs/uvm-1.2/src/tlm1/uvm_sqr_connections.svh [3 ms, 84 lines, SystemVerilog_2012] ...
Done /opt/dvt_eclipse/dvt_eclipse/predefined_projects/libs/uvm-1.2/src/tlm1/uvm_tlm.svh [0 ms, 40 lines, SystemVerilog_2012] ...
Loading (84) /opt/dvt_eclipse/dvt_eclipse/predefined_projects/libs/uvm-1.2/src/comps/uvm_comps.svh ...
Loading (85) /opt/dvt_eclipse/dvt_eclipse/predefined_projects/libs/uvm-1.2/src/comps/uvm_pair.svh ...
Done /opt/dvt_eclipse/dvt_eclipse/predefined_projects/libs/uvm-1.2/src/comps/uvm_pair.svh [5 ms, 171 lines, SystemVerilog_2012] ...
Loading (86) /opt/dvt_eclipse/dvt_eclipse/predefined_projects/libs/uvm-1.2/src/comps/uvm_policies.svh ...
Done /opt/dvt_eclipse/dvt_eclipse/predefined_projects/libs/uvm-1.2/src/comps/uvm_policies.svh [1 ms, 142 lines, SystemVerilog_2012] ...
Loading (87) /opt/dvt_eclipse/dvt_eclipse/predefined_projects/libs/uvm-1.2/src/comps/uvm_in_order_comparator.svh ...
Done /opt/dvt_eclipse/dvt_eclipse/predefined_projects/libs/uvm-1.2/src/comps/uvm_in_order_comparator.svh [3 ms, 260 lines, SystemVerilog_2012] ...
Loading (88) /opt/dvt_eclipse/dvt_eclipse/predefined_projects/libs/uvm-1.2/src/comps/uvm_algorithmic_comparator.svh ...
Done /opt/dvt_eclipse/dvt_eclipse/predefined_projects/libs/uvm-1.2/src/comps/uvm_algorithmic_comparator.svh [1 ms, 135 lines, SystemVerilog_2012] ...
Loading (89) /opt/dvt_eclipse/dvt_eclipse/predefined_projects/libs/uvm-1.2/src/comps/uvm_random_stimulus.svh ...
Done /opt/dvt_eclipse/dvt_eclipse/predefined_projects/libs/uvm-1.2/src/comps/uvm_random_stimulus.svh [1 ms, 132 lines, SystemVerilog_2012] ...
Loading (90) /opt/dvt_eclipse/dvt_eclipse/predefined_projects/libs/uvm-1.2/src/comps/uvm_subscriber.svh ...
Done /opt/dvt_eclipse/dvt_eclipse/predefined_projects/libs/uvm-1.2/src/comps/uvm_subscriber.svh [1 ms, 68 lines, SystemVerilog_2012] ...
Loading (91) /opt/dvt_eclipse/dvt_eclipse/predefined_projects/libs/uvm-1.2/src/comps/uvm_monitor.svh ...
Done /opt/dvt_eclipse/dvt_eclipse/predefined_projects/libs/uvm-1.2/src/comps/uvm_monitor.svh [0 ms, 54 lines, SystemVerilog_2012] ...
Loading (92) /opt/dvt_eclipse/dvt_eclipse/predefined_projects/libs/uvm-1.2/src/comps/uvm_driver.svh ...
Done /opt/dvt_eclipse/dvt_eclipse/predefined_projects/libs/uvm-1.2/src/comps/uvm_driver.svh [1 ms, 89 lines, SystemVerilog_2012] ...
Loading (93) /opt/dvt_eclipse/dvt_eclipse/predefined_projects/libs/uvm-1.2/src/comps/uvm_push_driver.svh ...
Done /opt/dvt_eclipse/dvt_eclipse/predefined_projects/libs/uvm-1.2/src/comps/uvm_push_driver.svh [1 ms, 97 lines, SystemVerilog_2012] ...
Loading (94) /opt/dvt_eclipse/dvt_eclipse/predefined_projects/libs/uvm-1.2/src/comps/uvm_scoreboard.svh ...
Done /opt/dvt_eclipse/dvt_eclipse/predefined_projects/libs/uvm-1.2/src/comps/uvm_scoreboard.svh [0 ms, 56 lines, SystemVerilog_2012] ...
Loading (95) /opt/dvt_eclipse/dvt_eclipse/predefined_projects/libs/uvm-1.2/src/comps/uvm_agent.svh ...
Done /opt/dvt_eclipse/dvt_eclipse/predefined_projects/libs/uvm-1.2/src/comps/uvm_agent.svh [2 ms, 136 lines, SystemVerilog_2012] ...
Loading (96) /opt/dvt_eclipse/dvt_eclipse/predefined_projects/libs/uvm-1.2/src/comps/uvm_env.svh ...
Done /opt/dvt_eclipse/dvt_eclipse/predefined_projects/libs/uvm-1.2/src/comps/uvm_env.svh [0 ms, 54 lines, SystemVerilog_2012] ...
Loading (97) /opt/dvt_eclipse/dvt_eclipse/predefined_projects/libs/uvm-1.2/src/comps/uvm_test.svh ...
Done /opt/dvt_eclipse/dvt_eclipse/predefined_projects/libs/uvm-1.2/src/comps/uvm_test.svh [0 ms, 82 lines, SystemVerilog_2012] ...
Done /opt/dvt_eclipse/dvt_eclipse/predefined_projects/libs/uvm-1.2/src/comps/uvm_comps.svh [0 ms, 37 lines, SystemVerilog_2012] ...
Loading (98) /opt/dvt_eclipse/dvt_eclipse/predefined_projects/libs/uvm-1.2/src/seq/uvm_seq.svh ...
Loading (99) /opt/dvt_eclipse/dvt_eclipse/predefined_projects/libs/uvm-1.2/src/seq/uvm_sequence_item.svh ...
Done /opt/dvt_eclipse/dvt_eclipse/predefined_projects/libs/uvm-1.2/src/seq/uvm_sequence_item.svh [6 ms, 498 lines, SystemVerilog_2012] ...
Loading (100) /opt/dvt_eclipse/dvt_eclipse/predefined_projects/libs/uvm-1.2/src/seq/uvm_sequencer_base.svh ...
Done /opt/dvt_eclipse/dvt_eclipse/predefined_projects/libs/uvm-1.2/src/seq/uvm_sequencer_base.svh [19 ms, 1775 lines, SystemVerilog_2012] ...
Loading (101) /opt/dvt_eclipse/dvt_eclipse/predefined_projects/libs/uvm-1.2/src/seq/uvm_sequencer_analysis_fifo.svh ...
Done /opt/dvt_eclipse/dvt_eclipse/predefined_projects/libs/uvm-1.2/src/seq/uvm_sequencer_analysis_fifo.svh [0 ms, 39 lines, SystemVerilog_2012] ...
Loading (102) /opt/dvt_eclipse/dvt_eclipse/predefined_projects/libs/uvm-1.2/src/seq/uvm_sequencer_param_base.svh ...
Done /opt/dvt_eclipse/dvt_eclipse/predefined_projects/libs/uvm-1.2/src/seq/uvm_sequencer_param_base.svh [3 ms, 460 lines, SystemVerilog_2012] ...
Loading (103) /opt/dvt_eclipse/dvt_eclipse/predefined_projects/libs/uvm-1.2/src/seq/uvm_sequencer.svh ...
Done /opt/dvt_eclipse/dvt_eclipse/predefined_projects/libs/uvm-1.2/src/seq/uvm_sequencer.svh [3 ms, 347 lines, SystemVerilog_2012] ...
Loading (104) /opt/dvt_eclipse/dvt_eclipse/predefined_projects/libs/uvm-1.2/src/seq/uvm_push_sequencer.svh ...
Done /opt/dvt_eclipse/dvt_eclipse/predefined_projects/libs/uvm-1.2/src/seq/uvm_push_sequencer.svh [1 ms, 85 lines, SystemVerilog_2012] ...
Loading (105) /opt/dvt_eclipse/dvt_eclipse/predefined_projects/libs/uvm-1.2/src/seq/uvm_sequence_base.svh ...
Done /opt/dvt_eclipse/dvt_eclipse/predefined_projects/libs/uvm-1.2/src/seq/uvm_sequence_base.svh [15 ms, 1405 lines, SystemVerilog_2012] ...
Loading (106) /opt/dvt_eclipse/dvt_eclipse/predefined_projects/libs/uvm-1.2/src/seq/uvm_sequence.svh ...
Done /opt/dvt_eclipse/dvt_eclipse/predefined_projects/libs/uvm-1.2/src/seq/uvm_sequence.svh [2 ms, 148 lines, SystemVerilog_2012] ...
Loading (107) /opt/dvt_eclipse/dvt_eclipse/predefined_projects/libs/uvm-1.2/src/seq/uvm_sequence_library.svh ...
Done /opt/dvt_eclipse/dvt_eclipse/predefined_projects/libs/uvm-1.2/src/seq/uvm_sequence_library.svh [32 ms, 813 lines, SystemVerilog_2012] ...
Loading (108) /opt/dvt_eclipse/dvt_eclipse/predefined_projects/libs/uvm-1.2/src/seq/uvm_sequence_builtin.svh ...
Done /opt/dvt_eclipse/dvt_eclipse/predefined_projects/libs/uvm-1.2/src/seq/uvm_sequence_builtin.svh [4 ms, 301 lines, SystemVerilog_2012] ...
Done /opt/dvt_eclipse/dvt_eclipse/predefined_projects/libs/uvm-1.2/src/seq/uvm_seq.svh [0 ms, 40 lines, SystemVerilog_2012] ...
Loading (109) /opt/dvt_eclipse/dvt_eclipse/predefined_projects/libs/uvm-1.2/src/tlm2/uvm_tlm2.svh ...
Loading (110) /opt/dvt_eclipse/dvt_eclipse/predefined_projects/libs/uvm-1.2/src/tlm2/uvm_tlm2_defines.svh ...
Done /opt/dvt_eclipse/dvt_eclipse/predefined_projects/libs/uvm-1.2/src/tlm2/uvm_tlm2_defines.svh [0 ms, 45 lines, SystemVerilog_2012] ...
Loading (111) /opt/dvt_eclipse/dvt_eclipse/predefined_projects/libs/uvm-1.2/src/tlm2/uvm_tlm2_time.svh ...
Done /opt/dvt_eclipse/dvt_eclipse/predefined_projects/libs/uvm-1.2/src/tlm2/uvm_tlm2_time.svh [1 ms, 333 lines, SystemVerilog_2012] ...
Loading (112) /opt/dvt_eclipse/dvt_eclipse/predefined_projects/libs/uvm-1.2/src/tlm2/uvm_tlm2_generic_payload.svh ...
Done /opt/dvt_eclipse/dvt_eclipse/predefined_projects/libs/uvm-1.2/src/tlm2/uvm_tlm2_generic_payload.svh [19 ms, 1053 lines, SystemVerilog_2012] ...
Loading (113) /opt/dvt_eclipse/dvt_eclipse/predefined_projects/libs/uvm-1.2/src/tlm2/uvm_tlm2_ifs.svh ...
Done /opt/dvt_eclipse/dvt_eclipse/predefined_projects/libs/uvm-1.2/src/tlm2/uvm_tlm2_ifs.svh [1 ms, 178 lines, SystemVerilog_2012] ...
Loading (114) /opt/dvt_eclipse/dvt_eclipse/predefined_projects/libs/uvm-1.2/src/tlm2/uvm_tlm2_imps.svh ...
Done /opt/dvt_eclipse/dvt_eclipse/predefined_projects/libs/uvm-1.2/src/tlm2/uvm_tlm2_imps.svh [2 ms, 203 lines, SystemVerilog_2012] ...
Loading (115) /opt/dvt_eclipse/dvt_eclipse/predefined_projects/libs/uvm-1.2/src/tlm2/uvm_tlm2_ports.svh ...
Done /opt/dvt_eclipse/dvt_eclipse/predefined_projects/libs/uvm-1.2/src/tlm2/uvm_tlm2_ports.svh [2 ms, 75 lines, SystemVerilog_2012] ...
Loading (116) /opt/dvt_eclipse/dvt_eclipse/predefined_projects/libs/uvm-1.2/src/tlm2/uvm_tlm2_exports.svh ...
Done /opt/dvt_eclipse/dvt_eclipse/predefined_projects/libs/uvm-1.2/src/tlm2/uvm_tlm2_exports.svh [2 ms, 65 lines, SystemVerilog_2012] ...
Loading (117) /opt/dvt_eclipse/dvt_eclipse/predefined_projects/libs/uvm-1.2/src/tlm2/uvm_tlm2_sockets_base.svh ...
Done /opt/dvt_eclipse/dvt_eclipse/predefined_projects/libs/uvm-1.2/src/tlm2/uvm_tlm2_sockets_base.svh [6 ms, 195 lines, SystemVerilog_2012] ...
Loading (118) /opt/dvt_eclipse/dvt_eclipse/predefined_projects/libs/uvm-1.2/src/tlm2/uvm_tlm2_sockets.svh ...
Done /opt/dvt_eclipse/dvt_eclipse/predefined_projects/libs/uvm-1.2/src/tlm2/uvm_tlm2_sockets.svh [7 ms, 435 lines, SystemVerilog_2012] ...
Done /opt/dvt_eclipse/dvt_eclipse/predefined_projects/libs/uvm-1.2/src/tlm2/uvm_tlm2.svh [0 ms, 30 lines, SystemVerilog_2012] ...
Loading (119) /opt/dvt_eclipse/dvt_eclipse/predefined_projects/libs/uvm-1.2/src/reg/uvm_reg_model.svh ...
Loading (120) /opt/dvt_eclipse/dvt_eclipse/predefined_projects/libs/uvm-1.2/src/reg/uvm_reg_item.svh ...
Done /opt/dvt_eclipse/dvt_eclipse/predefined_projects/libs/uvm-1.2/src/reg/uvm_reg_item.svh [5 ms, 316 lines, SystemVerilog_2012] ...
Loading (121) /opt/dvt_eclipse/dvt_eclipse/predefined_projects/libs/uvm-1.2/src/reg/uvm_reg_adapter.svh ...
Done /opt/dvt_eclipse/dvt_eclipse/predefined_projects/libs/uvm-1.2/src/reg/uvm_reg_adapter.svh [2 ms, 254 lines, SystemVerilog_2012] ...
Loading (122) /opt/dvt_eclipse/dvt_eclipse/predefined_projects/libs/uvm-1.2/src/reg/uvm_reg_predictor.svh ...
Done /opt/dvt_eclipse/dvt_eclipse/predefined_projects/libs/uvm-1.2/src/reg/uvm_reg_predictor.svh [3 ms, 265 lines, SystemVerilog_2012] ...
Loading (123) /opt/dvt_eclipse/dvt_eclipse/predefined_projects/libs/uvm-1.2/src/reg/uvm_reg_sequence.svh ...
Done /opt/dvt_eclipse/dvt_eclipse/predefined_projects/libs/uvm-1.2/src/reg/uvm_reg_sequence.svh [5 ms, 548 lines, SystemVerilog_2012] ...
Loading (124) /opt/dvt_eclipse/dvt_eclipse/predefined_projects/libs/uvm-1.2/src/reg/uvm_reg_cbs.svh ...
Done /opt/dvt_eclipse/dvt_eclipse/predefined_projects/libs/uvm-1.2/src/reg/uvm_reg_cbs.svh [6 ms, 530 lines, SystemVerilog_2012] ...
Loading (125) /opt/dvt_eclipse/dvt_eclipse/predefined_projects/libs/uvm-1.2/src/reg/uvm_reg_backdoor.svh ...
Done /opt/dvt_eclipse/dvt_eclipse/predefined_projects/libs/uvm-1.2/src/reg/uvm_reg_backdoor.svh [6 ms, 348 lines, SystemVerilog_2012] ...
Loading (126) /opt/dvt_eclipse/dvt_eclipse/predefined_projects/libs/uvm-1.2/src/reg/uvm_reg_field.svh ...
Done /opt/dvt_eclipse/dvt_eclipse/predefined_projects/libs/uvm-1.2/src/reg/uvm_reg_field.svh [27 ms, 2013 lines, SystemVerilog_2012] ...
Loading (127) /opt/dvt_eclipse/dvt_eclipse/predefined_projects/libs/uvm-1.2/src/reg/uvm_vreg_field.svh ...
Done /opt/dvt_eclipse/dvt_eclipse/predefined_projects/libs/uvm-1.2/src/reg/uvm_vreg_field.svh [17 ms, 1005 lines, SystemVerilog_2012] ...
Loading (128) /opt/dvt_eclipse/dvt_eclipse/predefined_projects/libs/uvm-1.2/src/reg/uvm_reg.svh ...
Done /opt/dvt_eclipse/dvt_eclipse/predefined_projects/libs/uvm-1.2/src/reg/uvm_reg.svh [37 ms, 3102 lines, SystemVerilog_2012] ...
Loading (129) /opt/dvt_eclipse/dvt_eclipse/predefined_projects/libs/uvm-1.2/src/reg/uvm_reg_indirect.svh ...
Done /opt/dvt_eclipse/dvt_eclipse/predefined_projects/libs/uvm-1.2/src/reg/uvm_reg_indirect.svh [4 ms, 330 lines, SystemVerilog_2012] ...
Loading (130) /opt/dvt_eclipse/dvt_eclipse/predefined_projects/libs/uvm-1.2/src/reg/uvm_reg_fifo.svh ...
Done /opt/dvt_eclipse/dvt_eclipse/predefined_projects/libs/uvm-1.2/src/reg/uvm_reg_fifo.svh [2 ms, 311 lines, SystemVerilog_2012] ...
Loading (131) /opt/dvt_eclipse/dvt_eclipse/predefined_projects/libs/uvm-1.2/src/reg/uvm_reg_file.svh ...
Done /opt/dvt_eclipse/dvt_eclipse/predefined_projects/libs/uvm-1.2/src/reg/uvm_reg_file.svh [4 ms, 501 lines, SystemVerilog_2012] ...
Loading (132) /opt/dvt_eclipse/dvt_eclipse/predefined_projects/libs/uvm-1.2/src/reg/uvm_mem_mam.svh ...
Done /opt/dvt_eclipse/dvt_eclipse/predefined_projects/libs/uvm-1.2/src/reg/uvm_mem_mam.svh [13 ms, 1019 lines, SystemVerilog_2012] ...
Loading (133) /opt/dvt_eclipse/dvt_eclipse/predefined_projects/libs/uvm-1.2/src/reg/uvm_vreg.svh ...
Done /opt/dvt_eclipse/dvt_eclipse/predefined_projects/libs/uvm-1.2/src/reg/uvm_vreg.svh [22 ms, 1554 lines, SystemVerilog_2012] ...
Loading (134) /opt/dvt_eclipse/dvt_eclipse/predefined_projects/libs/uvm-1.2/src/reg/uvm_mem.svh ...
Done /opt/dvt_eclipse/dvt_eclipse/predefined_projects/libs/uvm-1.2/src/reg/uvm_mem.svh [28 ms, 2410 lines, SystemVerilog_2012] ...
Loading (135) /opt/dvt_eclipse/dvt_eclipse/predefined_projects/libs/uvm-1.2/src/reg/uvm_reg_map.svh ...
Done /opt/dvt_eclipse/dvt_eclipse/predefined_projects/libs/uvm-1.2/src/reg/uvm_reg_map.svh [37 ms, 2225 lines, SystemVerilog_2012] ...
Loading (136) /opt/dvt_eclipse/dvt_eclipse/predefined_projects/libs/uvm-1.2/src/reg/uvm_reg_block.svh ...
Done /opt/dvt_eclipse/dvt_eclipse/predefined_projects/libs/uvm-1.2/src/reg/uvm_reg_block.svh [29 ms, 2272 lines, SystemVerilog_2012] ...
Loading (137) /opt/dvt_eclipse/dvt_eclipse/predefined_projects/libs/uvm-1.2/src/reg/sequences/uvm_reg_hw_reset_seq.svh ...
Done /opt/dvt_eclipse/dvt_eclipse/predefined_projects/libs/uvm-1.2/src/reg/sequences/uvm_reg_hw_reset_seq.svh [4 ms, 172 lines, SystemVerilog_2012] ...
Loading (138) /opt/dvt_eclipse/dvt_eclipse/predefined_projects/libs/uvm-1.2/src/reg/sequences/uvm_reg_bit_bash_seq.svh ...
Done /opt/dvt_eclipse/dvt_eclipse/predefined_projects/libs/uvm-1.2/src/reg/sequences/uvm_reg_bit_bash_seq.svh [4 ms, 303 lines, SystemVerilog_2012] ...
Loading (139) /opt/dvt_eclipse/dvt_eclipse/predefined_projects/libs/uvm-1.2/src/reg/sequences/uvm_mem_walk_seq.svh ...
Done /opt/dvt_eclipse/dvt_eclipse/predefined_projects/libs/uvm-1.2/src/reg/sequences/uvm_mem_walk_seq.svh [5 ms, 300 lines, SystemVerilog_2012] ...
Loading (140) /opt/dvt_eclipse/dvt_eclipse/predefined_projects/libs/uvm-1.2/src/reg/sequences/uvm_mem_access_seq.svh ...
Done /opt/dvt_eclipse/dvt_eclipse/predefined_projects/libs/uvm-1.2/src/reg/sequences/uvm_mem_access_seq.svh [7 ms, 308 lines, SystemVerilog_2012] ...
Loading (141) /opt/dvt_eclipse/dvt_eclipse/predefined_projects/libs/uvm-1.2/src/reg/sequences/uvm_reg_access_seq.svh ...
Done /opt/dvt_eclipse/dvt_eclipse/predefined_projects/libs/uvm-1.2/src/reg/sequences/uvm_reg_access_seq.svh [7 ms, 366 lines, SystemVerilog_2012] ...
Loading (142) /opt/dvt_eclipse/dvt_eclipse/predefined_projects/libs/uvm-1.2/src/reg/sequences/uvm_reg_mem_shared_access_seq.svh ...
Done /opt/dvt_eclipse/dvt_eclipse/predefined_projects/libs/uvm-1.2/src/reg/sequences/uvm_reg_mem_shared_access_seq.svh [12 ms, 486 lines, SystemVerilog_2012] ...
Loading (143) /opt/dvt_eclipse/dvt_eclipse/predefined_projects/libs/uvm-1.2/src/reg/sequences/uvm_reg_mem_built_in_seq.svh ...
Done /opt/dvt_eclipse/dvt_eclipse/predefined_projects/libs/uvm-1.2/src/reg/sequences/uvm_reg_mem_built_in_seq.svh [4 ms, 139 lines, SystemVerilog_2012] ...
Loading (144) /opt/dvt_eclipse/dvt_eclipse/predefined_projects/libs/uvm-1.2/src/reg/sequences/uvm_reg_mem_hdl_paths_seq.svh ...
Done /opt/dvt_eclipse/dvt_eclipse/predefined_projects/libs/uvm-1.2/src/reg/sequences/uvm_reg_mem_hdl_paths_seq.svh [8 ms, 175 lines, SystemVerilog_2012] ...
Done /opt/dvt_eclipse/dvt_eclipse/predefined_projects/libs/uvm-1.2/src/reg/uvm_reg_model.svh [0 ms, 444 lines, SystemVerilog_2012] ...
Done /opt/dvt_eclipse/dvt_eclipse/predefined_projects/libs/uvm-1.2/src/uvm_pkg.sv [0 ms, 43 lines, SystemVerilog_2012] ...
Loading (145) /home/verifier/project/i2c/rkv_v2pro_i2c-RKV_I2C_TB_00/rkv_i2c_tb/agents/lvc_i2c/lvc_i2c_if.sv ...
Done /home/verifier/project/i2c/rkv_v2pro_i2c-RKV_I2C_TB_00/rkv_i2c_tb/agents/lvc_i2c/lvc_i2c_if.sv [1 ms, 131 lines, SystemVerilog_2012] ...
Loading (146) /home/verifier/project/i2c/rkv_v2pro_i2c-RKV_I2C_TB_00/rkv_i2c_tb/tb/rkv_i2c_if.sv ...
Done /home/verifier/project/i2c/rkv_v2pro_i2c-RKV_I2C_TB_00/rkv_i2c_tb/tb/rkv_i2c_if.sv [1 ms, 63 lines, SystemVerilog_2012] ...
Loading (147) /home/verifier/project/i2c/rkv_v2pro_i2c-RKV_I2C_TB_00/rkv_i2c_tb/agents/lvc_apb3/lvc_apb_pkg.sv ...
Skip (optimized) /opt/dvt_eclipse/dvt_eclipse/predefined_projects/libs/uvm-1.2/src/uvm_macros.svh ...
Loading (148) /home/verifier/project/i2c/rkv_v2pro_i2c-RKV_I2C_TB_00/rkv_i2c_tb/agents/lvc_apb3/lvc_apb.svh ...
Loading (149) /home/verifier/project/i2c/rkv_v2pro_i2c-RKV_I2C_TB_00/rkv_i2c_tb/agents/lvc_apb3/lvc_apb_transfer.sv ...
Done /home/verifier/project/i2c/rkv_v2pro_i2c-RKV_I2C_TB_00/rkv_i2c_tb/agents/lvc_apb3/lvc_apb_transfer.sv [8 ms, 67 lines, SystemVerilog_2012] ...
Loading (150) /home/verifier/project/i2c/rkv_v2pro_i2c-RKV_I2C_TB_00/rkv_i2c_tb/agents/lvc_apb3/lvc_apb_config.sv ...
Done /home/verifier/project/i2c/rkv_v2pro_i2c-RKV_I2C_TB_00/rkv_i2c_tb/agents/lvc_apb3/lvc_apb_config.sv [1 ms, 58 lines, SystemVerilog_2012] ...
Loading (151) /home/verifier/project/i2c/rkv_v2pro_i2c-RKV_I2C_TB_00/rkv_i2c_tb/agents/lvc_apb3/lvc_apb_master_driver.svh ...
Done /home/verifier/project/i2c/rkv_v2pro_i2c-RKV_I2C_TB_00/rkv_i2c_tb/agents/lvc_apb3/lvc_apb_master_driver.svh [2 ms, 73 lines, SystemVerilog_2012] ...
Loading (152) /home/verifier/project/i2c/rkv_v2pro_i2c-RKV_I2C_TB_00/rkv_i2c_tb/agents/lvc_apb3/lvc_apb_master_monitor.svh ...
Done /home/verifier/project/i2c/rkv_v2pro_i2c-RKV_I2C_TB_00/rkv_i2c_tb/agents/lvc_apb3/lvc_apb_master_monitor.svh [6 ms, 96 lines, SystemVerilog_2012] ...
Loading (153) /home/verifier/project/i2c/rkv_v2pro_i2c-RKV_I2C_TB_00/rkv_i2c_tb/agents/lvc_apb3/lvc_apb_master_sequencer.svh ...
Done /home/verifier/project/i2c/rkv_v2pro_i2c-RKV_I2C_TB_00/rkv_i2c_tb/agents/lvc_apb3/lvc_apb_master_sequencer.svh [1 ms, 51 lines, SystemVerilog_2012] ...
Loading (154) /home/verifier/project/i2c/rkv_v2pro_i2c-RKV_I2C_TB_00/rkv_i2c_tb/agents/lvc_apb3/lvc_apb_master_agent.svh ...
Done /home/verifier/project/i2c/rkv_v2pro_i2c-RKV_I2C_TB_00/rkv_i2c_tb/agents/lvc_apb3/lvc_apb_master_agent.svh [1 ms, 67 lines, SystemVerilog_2012] ...
Loading (155) /home/verifier/project/i2c/rkv_v2pro_i2c-RKV_I2C_TB_00/rkv_i2c_tb/agents/lvc_apb3/lvc_apb_slave_driver.svh ...
Done /home/verifier/project/i2c/rkv_v2pro_i2c-RKV_I2C_TB_00/rkv_i2c_tb/agents/lvc_apb3/lvc_apb_slave_driver.svh [1 ms, 74 lines, SystemVerilog_2012] ...
Loading (156) /home/verifier/project/i2c/rkv_v2pro_i2c-RKV_I2C_TB_00/rkv_i2c_tb/agents/lvc_apb3/lvc_apb_slave_monitor.svh ...
Done /home/verifier/project/i2c/rkv_v2pro_i2c-RKV_I2C_TB_00/rkv_i2c_tb/agents/lvc_apb3/lvc_apb_slave_monitor.svh [5 ms, 98 lines, SystemVerilog_2012] ...
Loading (157) /home/verifier/project/i2c/rkv_v2pro_i2c-RKV_I2C_TB_00/rkv_i2c_tb/agents/lvc_apb3/lvc_apb_slave_sequencer.svh ...
Done /home/verifier/project/i2c/rkv_v2pro_i2c-RKV_I2C_TB_00/rkv_i2c_tb/agents/lvc_apb3/lvc_apb_slave_sequencer.svh [52 ms, 51 lines, SystemVerilog_2012] ...
Loading (158) /home/verifier/project/i2c/rkv_v2pro_i2c-RKV_I2C_TB_00/rkv_i2c_tb/agents/lvc_apb3/lvc_apb_slave_agent.svh ...
Done /home/verifier/project/i2c/rkv_v2pro_i2c-RKV_I2C_TB_00/rkv_i2c_tb/agents/lvc_apb3/lvc_apb_slave_agent.svh [1 ms, 67 lines, SystemVerilog_2012] ...
Loading (159) /home/verifier/project/i2c/rkv_v2pro_i2c-RKV_I2C_TB_00/rkv_i2c_tb/agents/lvc_apb3/lvc_apb_master_driver.sv ...
Done /home/verifier/project/i2c/rkv_v2pro_i2c-RKV_I2C_TB_00/rkv_i2c_tb/agents/lvc_apb3/lvc_apb_master_driver.sv [23 ms, 130 lines, SystemVerilog_2012] ...
Loading (160) /home/verifier/project/i2c/rkv_v2pro_i2c-RKV_I2C_TB_00/rkv_i2c_tb/agents/lvc_apb3/lvc_apb_master_monitor.sv ...
Done /home/verifier/project/i2c/rkv_v2pro_i2c-RKV_I2C_TB_00/rkv_i2c_tb/agents/lvc_apb3/lvc_apb_master_monitor.sv [2 ms, 94 lines, SystemVerilog_2012] ...
Loading (161) /home/verifier/project/i2c/rkv_v2pro_i2c-RKV_I2C_TB_00/rkv_i2c_tb/agents/lvc_apb3/lvc_apb_master_sequencer.sv ...
Done /home/verifier/project/i2c/rkv_v2pro_i2c-RKV_I2C_TB_00/rkv_i2c_tb/agents/lvc_apb3/lvc_apb_master_sequencer.sv [0 ms, 27 lines, SystemVerilog_2012] ...
Loading (162) /home/verifier/project/i2c/rkv_v2pro_i2c-RKV_I2C_TB_00/rkv_i2c_tb/agents/lvc_apb3/lvc_apb_master_agent.sv ...
Done /home/verifier/project/i2c/rkv_v2pro_i2c-RKV_I2C_TB_00/rkv_i2c_tb/agents/lvc_apb3/lvc_apb_master_agent.sv [1 ms, 67 lines, SystemVerilog_2012] ...
Loading (163) /home/verifier/project/i2c/rkv_v2pro_i2c-RKV_I2C_TB_00/rkv_i2c_tb/agents/lvc_apb3/lvc_apb_master_seq_lib.sv ...
Done /home/verifier/project/i2c/rkv_v2pro_i2c-RKV_I2C_TB_00/rkv_i2c_tb/agents/lvc_apb3/lvc_apb_master_seq_lib.sv [33 ms, 174 lines, SystemVerilog_2012] ...
Loading (164) /home/verifier/project/i2c/rkv_v2pro_i2c-RKV_I2C_TB_00/rkv_i2c_tb/agents/lvc_apb3/lvc_apb_slave_driver.sv ...
Done /home/verifier/project/i2c/rkv_v2pro_i2c-RKV_I2C_TB_00/rkv_i2c_tb/agents/lvc_apb3/lvc_apb_slave_driver.sv [2 ms, 139 lines, SystemVerilog_2012] ...
Loading (165) /home/verifier/project/i2c/rkv_v2pro_i2c-RKV_I2C_TB_00/rkv_i2c_tb/agents/lvc_apb3/lvc_apb_slave_monitor.sv ...
Done /home/verifier/project/i2c/rkv_v2pro_i2c-RKV_I2C_TB_00/rkv_i2c_tb/agents/lvc_apb3/lvc_apb_slave_monitor.sv [1 ms, 97 lines, SystemVerilog_2012] ...
Loading (166) /home/verifier/project/i2c/rkv_v2pro_i2c-RKV_I2C_TB_00/rkv_i2c_tb/agents/lvc_apb3/lvc_apb_slave_sequencer.sv ...
Done /home/verifier/project/i2c/rkv_v2pro_i2c-RKV_I2C_TB_00/rkv_i2c_tb/agents/lvc_apb3/lvc_apb_slave_sequencer.sv [0 ms, 27 lines, SystemVerilog_2012] ...
Loading (167) /home/verifier/project/i2c/rkv_v2pro_i2c-RKV_I2C_TB_00/rkv_i2c_tb/agents/lvc_apb3/lvc_apb_slave_agent.sv ...
Done /home/verifier/project/i2c/rkv_v2pro_i2c-RKV_I2C_TB_00/rkv_i2c_tb/agents/lvc_apb3/lvc_apb_slave_agent.sv [1 ms, 63 lines, SystemVerilog_2012] ...
Loading (168) /home/verifier/project/i2c/rkv_v2pro_i2c-RKV_I2C_TB_00/rkv_i2c_tb/agents/lvc_apb3/lvc_apb_slave_seq_lib.sv ...
Done /home/verifier/project/i2c/rkv_v2pro_i2c-RKV_I2C_TB_00/rkv_i2c_tb/agents/lvc_apb3/lvc_apb_slave_seq_lib.sv [1 ms, 45 lines, SystemVerilog_2012] ...
Loading (169) /home/verifier/project/i2c/rkv_v2pro_i2c-RKV_I2C_TB_00/rkv_i2c_tb/agents/lvc_apb3/lvc_apb_reg_adapter.sv ...
Done /home/verifier/project/i2c/rkv_v2pro_i2c-RKV_I2C_TB_00/rkv_i2c_tb/agents/lvc_apb3/lvc_apb_reg_adapter.sv [1 ms, 50 lines, SystemVerilog_2012] ...
Done /home/verifier/project/i2c/rkv_v2pro_i2c-RKV_I2C_TB_00/rkv_i2c_tb/agents/lvc_apb3/lvc_apb.svh [0 ms, 53 lines, SystemVerilog_2012] ...
Done /home/verifier/project/i2c/rkv_v2pro_i2c-RKV_I2C_TB_00/rkv_i2c_tb/agents/lvc_apb3/lvc_apb_pkg.sv [0 ms, 33 lines, SystemVerilog_2012] ...
Loading (170) /home/verifier/project/i2c/rkv_v2pro_i2c-RKV_I2C_TB_00/rkv_i2c_tb/agents/lvc_apb3/lvc_apb_tb.sv ...
Skip (optimized) /opt/dvt_eclipse/dvt_eclipse/predefined_projects/libs/uvm-1.2/src/uvm_macros.svh ...
Loading (171) /home/verifier/project/i2c/rkv_v2pro_i2c-RKV_I2C_TB_00/rkv_i2c_tb/agents/lvc_apb3/lvc_apb_tests.svh ...
Done /home/verifier/project/i2c/rkv_v2pro_i2c-RKV_I2C_TB_00/rkv_i2c_tb/agents/lvc_apb3/lvc_apb_tests.svh [39 ms, 256 lines, SystemVerilog_2012] ...
Loading (172) /home/verifier/project/i2c/rkv_v2pro_i2c-RKV_I2C_TB_00/rkv_i2c_tb/agents/lvc_apb3/lvc_apb_if.sv ...
Skip (optimized) /opt/dvt_eclipse/dvt_eclipse/predefined_projects/libs/uvm-1.2/src/uvm_macros.svh ...
Done /home/verifier/project/i2c/rkv_v2pro_i2c-RKV_I2C_TB_00/rkv_i2c_tb/agents/lvc_apb3/lvc_apb_if.sv [32 ms, 213 lines, SystemVerilog_2012] ...
Done /home/verifier/project/i2c/rkv_v2pro_i2c-RKV_I2C_TB_00/rkv_i2c_tb/agents/lvc_apb3/lvc_apb_tb.sv [32 ms, 49 lines, SystemVerilog_2012] ...
Loading (173) /home/verifier/project/i2c/rkv_v2pro_i2c-RKV_I2C_TB_00/rkv_i2c_tb/env/rkv_i2c_pkg.sv ...
Skip (optimized) /opt/dvt_eclipse/dvt_eclipse/predefined_projects/libs/uvm-1.2/src/uvm_macros.svh ...
Loading (174) /home/verifier/project/i2c/rkv_v2pro_i2c-RKV_I2C_TB_00/rkv_i2c_tb/agents/lvc_i2c/lvc_i2c_defines.svh ...
Done /home/verifier/project/i2c/rkv_v2pro_i2c-RKV_I2C_TB_00/rkv_i2c_tb/agents/lvc_i2c/lvc_i2c_defines.svh [0 ms, 206 lines, SystemVerilog_2012] ...
Loading (175) /home/verifier/project/i2c/rkv_v2pro_i2c-RKV_I2C_TB_00/rkv_i2c_tb/reg/ral_rkv_i2c.sv ...
Done /home/verifier/project/i2c/rkv_v2pro_i2c-RKV_I2C_TB_00/rkv_i2c_tb/reg/ral_rkv_i2c.sv [359 ms, 2409 lines, SystemVerilog_2012] ...
Loading (176) /home/verifier/project/i2c/rkv_v2pro_i2c-RKV_I2C_TB_00/rkv_i2c_tb/cfg/rkv_i2c_configs.svh ...
Loading (177) /home/verifier/project/i2c/rkv_v2pro_i2c-RKV_I2C_TB_00/rkv_i2c_tb/cfg/rkv_i2c_defines.svh ...
Done /home/verifier/project/i2c/rkv_v2pro_i2c-RKV_I2C_TB_00/rkv_i2c_tb/cfg/rkv_i2c_defines.svh [0 ms, 23 lines, SystemVerilog_2012] ...
Loading (178) /home/verifier/project/i2c/rkv_v2pro_i2c-RKV_I2C_TB_00/rkv_i2c_tb/cfg/rkv_i2c_config.sv ...
Done /home/verifier/project/i2c/rkv_v2pro_i2c-RKV_I2C_TB_00/rkv_i2c_tb/cfg/rkv_i2c_config.sv [1 ms, 35 lines, SystemVerilog_2012] ...
Done /home/verifier/project/i2c/rkv_v2pro_i2c-RKV_I2C_TB_00/rkv_i2c_tb/cfg/rkv_i2c_configs.svh [0 ms, 9 lines, SystemVerilog_2012] ...
Loading (179) /home/verifier/project/i2c/rkv_v2pro_i2c-RKV_I2C_TB_00/rkv_i2c_tb/cov/rkv_i2c_cgm.sv ...
Done /home/verifier/project/i2c/rkv_v2pro_i2c-RKV_I2C_TB_00/rkv_i2c_tb/cov/rkv_i2c_cgm.sv [1 ms, 25 lines, SystemVerilog_2012] ...
Loading (180) /home/verifier/project/i2c/rkv_v2pro_i2c-RKV_I2C_TB_00/rkv_i2c_tb/env/rkv_i2c_scoreboard.sv ...
Done /home/verifier/project/i2c/rkv_v2pro_i2c-RKV_I2C_TB_00/rkv_i2c_tb/env/rkv_i2c_scoreboard.sv [1 ms, 32 lines, SystemVerilog_2012] ...
Loading (181) /home/verifier/project/i2c/rkv_v2pro_i2c-RKV_I2C_TB_00/rkv_i2c_tb/env/rkv_i2c_virtual_sequencer.sv ...
Done /home/verifier/project/i2c/rkv_v2pro_i2c-RKV_I2C_TB_00/rkv_i2c_tb/env/rkv_i2c_virtual_sequencer.sv [0 ms, 30 lines, SystemVerilog_2012] ...
Loading (182) /home/verifier/project/i2c/rkv_v2pro_i2c-RKV_I2C_TB_00/rkv_i2c_tb/env/rkv_i2c_env.sv ...
Done /home/verifier/project/i2c/rkv_v2pro_i2c-RKV_I2C_TB_00/rkv_i2c_tb/env/rkv_i2c_env.sv [4 ms, 91 lines, SystemVerilog_2012] ...
Loading (183) /home/verifier/project/i2c/rkv_v2pro_i2c-RKV_I2C_TB_00/rkv_i2c_tb/seq_lib/elem_seqs/rkv_i2c_element_sequences.svh ...
Loading (184) /home/verifier/project/i2c/rkv_v2pro_i2c-RKV_I2C_TB_00/rkv_i2c_tb/seq_lib/elem_seqs/rkv_apb_base_sequence.sv ...
Done /home/verifier/project/i2c/rkv_v2pro_i2c-RKV_I2C_TB_00/rkv_i2c_tb/seq_lib/elem_seqs/rkv_apb_base_sequence.sv [4 ms, 28 lines, SystemVerilog_2012] ...
Loading (185) /home/verifier/project/i2c/rkv_v2pro_i2c-RKV_I2C_TB_00/rkv_i2c_tb/seq_lib/elem_seqs/rkv_apb_config_seq.sv ...
Done /home/verifier/project/i2c/rkv_v2pro_i2c-RKV_I2C_TB_00/rkv_i2c_tb/seq_lib/elem_seqs/rkv_apb_config_seq.sv [5 ms, 27 lines, SystemVerilog_2012] ...
Loading (186) /home/verifier/project/i2c/rkv_v2pro_i2c-RKV_I2C_TB_00/rkv_i2c_tb/seq_lib/elem_seqs/rkv_apb_tx_seq.sv ...
Done /home/verifier/project/i2c/rkv_v2pro_i2c-RKV_I2C_TB_00/rkv_i2c_tb/seq_lib/elem_seqs/rkv_apb_tx_seq.sv [0 ms, 2 lines, SystemVerilog_2012] ...
Loading (187) /home/verifier/project/i2c/rkv_v2pro_i2c-RKV_I2C_TB_00/rkv_i2c_tb/seq_lib/elem_seqs/rkv_apb_rx_seq.sv ...
Done /home/verifier/project/i2c/rkv_v2pro_i2c-RKV_I2C_TB_00/rkv_i2c_tb/seq_lib/elem_seqs/rkv_apb_rx_seq.sv [8 ms, 2 lines, SystemVerilog_2012] ...
Loading (188) /home/verifier/project/i2c/rkv_v2pro_i2c-RKV_I2C_TB_00/rkv_i2c_tb/seq_lib/elem_seqs/rkv_apb_wait_empty_seq.sv ...
Done /home/verifier/project/i2c/rkv_v2pro_i2c-RKV_I2C_TB_00/rkv_i2c_tb/seq_lib/elem_seqs/rkv_apb_wait_empty_seq.sv [7 ms, 31 lines, SystemVerilog_2012] ...
Loading (189) /home/verifier/project/i2c/rkv_v2pro_i2c-RKV_I2C_TB_00/rkv_i2c_tb/seq_lib/elem_seqs/rkv_apb_intr_enable_seq.sv ...
Done /home/verifier/project/i2c/rkv_v2pro_i2c-RKV_I2C_TB_00/rkv_i2c_tb/seq_lib/elem_seqs/rkv_apb_intr_enable_seq.sv [0 ms, 2 lines, SystemVerilog_2012] ...
Loading (190) /home/verifier/project/i2c/rkv_v2pro_i2c-RKV_I2C_TB_00/rkv_i2c_tb/seq_lib/elem_seqs/rkv_i2c_slave_base_sequence.sv ...
Done /home/verifier/project/i2c/rkv_v2pro_i2c-RKV_I2C_TB_00/rkv_i2c_tb/seq_lib/elem_seqs/rkv_i2c_slave_base_sequence.sv [3 ms, 29 lines, SystemVerilog_2012] ...
Loading (191) /home/verifier/project/i2c/rkv_v2pro_i2c-RKV_I2C_TB_00/rkv_i2c_tb/seq_lib/elem_seqs/rkv_i2c_slave_rx_seq.sv ...
Done /home/verifier/project/i2c/rkv_v2pro_i2c-RKV_I2C_TB_00/rkv_i2c_tb/seq_lib/elem_seqs/rkv_i2c_slave_rx_seq.sv [7 ms, 26 lines, SystemVerilog_2012] ...
Done /home/verifier/project/i2c/rkv_v2pro_i2c-RKV_I2C_TB_00/rkv_i2c_tb/seq_lib/elem_seqs/rkv_i2c_element_sequences.svh [0 ms, 18 lines, SystemVerilog_2012] ...
Loading (192) /home/verifier/project/i2c/rkv_v2pro_i2c-RKV_I2C_TB_00/rkv_i2c_tb/seq_lib/rkv_i2c_virtual_sequences.svh ...
Loading (193) /home/verifier/project/i2c/rkv_v2pro_i2c-RKV_I2C_TB_00/rkv_i2c_tb/seq_lib/rkv_i2c_base_virtual_sequence.sv ...
Done /home/verifier/project/i2c/rkv_v2pro_i2c-RKV_I2C_TB_00/rkv_i2c_tb/seq_lib/rkv_i2c_base_virtual_sequence.sv [7 ms, 59 lines, SystemVerilog_2012] ...
Loading (194) /home/verifier/project/i2c/rkv_v2pro_i2c-RKV_I2C_TB_00/rkv_i2c_tb/seq_lib/rkv_i2c_quick_reg_access_virt_seq.sv ...
Done /home/verifier/project/i2c/rkv_v2pro_i2c-RKV_I2C_TB_00/rkv_i2c_tb/seq_lib/rkv_i2c_quick_reg_access_virt_seq.sv [9 ms, 30 lines, SystemVerilog_2012] ...
Loading (195) /home/verifier/project/i2c/rkv_v2pro_i2c-RKV_I2C_TB_00/rkv_i2c_tb/seq_lib/rkv_i2c_directed_tx_virt_seq.sv ...
Done /home/verifier/project/i2c/rkv_v2pro_i2c-RKV_I2C_TB_00/rkv_i2c_tb/seq_lib/rkv_i2c_directed_tx_virt_seq.sv [3 ms, 22 lines, SystemVerilog_2012] ...
Loading (196) /home/verifier/project/i2c/rkv_v2pro_i2c-RKV_I2C_TB_00/rkv_i2c_tb/seq_lib/rkv_i2c_directed_rx_virt_seq.sv ...
Done /home/verifier/project/i2c/rkv_v2pro_i2c-RKV_I2C_TB_00/rkv_i2c_tb/seq_lib/rkv_i2c_directed_rx_virt_seq.sv [3 ms, 23 lines, SystemVerilog_2012] ...
Done /home/verifier/project/i2c/rkv_v2pro_i2c-RKV_I2C_TB_00/rkv_i2c_tb/seq_lib/rkv_i2c_virtual_sequences.svh [0 ms, 12 lines, SystemVerilog_2012] ...
Loading (197) /home/verifier/project/i2c/rkv_v2pro_i2c-RKV_I2C_TB_00/rkv_i2c_tb/tests/rkv_i2c_tests.svh ...
Loading (198) /home/verifier/project/i2c/rkv_v2pro_i2c-RKV_I2C_TB_00/rkv_i2c_tb/tests/rkv_i2c_base_test.sv ...
Done /home/verifier/project/i2c/rkv_v2pro_i2c-RKV_I2C_TB_00/rkv_i2c_tb/tests/rkv_i2c_base_test.sv [3 ms, 49 lines, SystemVerilog_2012] ...
Loading (199) /home/verifier/project/i2c/rkv_v2pro_i2c-RKV_I2C_TB_00/rkv_i2c_tb/tests/rkv_i2c_quick_reg_access_test.sv ...
Done /home/verifier/project/i2c/rkv_v2pro_i2c-RKV_I2C_TB_00/rkv_i2c_tb/tests/rkv_i2c_quick_reg_access_test.sv [3 ms, 32 lines, SystemVerilog_2012] ...
Loading (200) /home/verifier/project/i2c/rkv_v2pro_i2c-RKV_I2C_TB_00/rkv_i2c_tb/tests/rkv_i2c_directed_tx_test.sv ...
Done /home/verifier/project/i2c/rkv_v2pro_i2c-RKV_I2C_TB_00/rkv_i2c_tb/tests/rkv_i2c_directed_tx_test.sv [3 ms, 32 lines, SystemVerilog_2012] ...
Loading (201) /home/verifier/project/i2c/rkv_v2pro_i2c-RKV_I2C_TB_00/rkv_i2c_tb/tests/rkv_i2c_directed_rx_test.sv ...
Done /home/verifier/project/i2c/rkv_v2pro_i2c-RKV_I2C_TB_00/rkv_i2c_tb/tests/rkv_i2c_directed_rx_test.sv [2 ms, 32 lines, SystemVerilog_2012] ...
Done /home/verifier/project/i2c/rkv_v2pro_i2c-RKV_I2C_TB_00/rkv_i2c_tb/tests/rkv_i2c_tests.svh [0 ms, 12 lines, SystemVerilog_2012] ...
Done /home/verifier/project/i2c/rkv_v2pro_i2c-RKV_I2C_TB_00/rkv_i2c_tb/env/rkv_i2c_pkg.sv [0 ms, 26 lines, SystemVerilog_2012] ...
Loading (202) /home/verifier/project/i2c/rkv_v2pro_i2c-RKV_I2C_TB_00/rkv_i2c_tb/seq_lib/elem_seqs/rkv_i2c_base_sequence.sv ...
Done /home/verifier/project/i2c/rkv_v2pro_i2c-RKV_I2C_TB_00/rkv_i2c_tb/seq_lib/elem_seqs/rkv_i2c_base_sequence.sv [2 ms, 28 lines, SystemVerilog_2012] ...
Loading (203) /home/verifier/project/i2c/rkv_v2pro_i2c-RKV_I2C_TB_00/rkv_i2c_tb/agents/lvc_i2c/lvc_i2c_pkg.sv ...
Skip (optimized) /opt/dvt_eclipse/dvt_eclipse/predefined_projects/libs/uvm-1.2/src/uvm_macros.svh ...
Loading (204) /home/verifier/project/i2c/rkv_v2pro_i2c-RKV_I2C_TB_00/rkv_i2c_tb/agents/lvc_i2c/lvc_i2c_defines.svh ...
Done /home/verifier/project/i2c/rkv_v2pro_i2c-RKV_I2C_TB_00/rkv_i2c_tb/agents/lvc_i2c/lvc_i2c_defines.svh [0 ms, 206 lines, SystemVerilog_2012] ...
Loading (205) /home/verifier/project/i2c/rkv_v2pro_i2c-RKV_I2C_TB_00/rkv_i2c_tb/agents/lvc_i2c/lvc_i2c_types.sv ...
Done /home/verifier/project/i2c/rkv_v2pro_i2c-RKV_I2C_TB_00/rkv_i2c_tb/agents/lvc_i2c/lvc_i2c_types.sv [4 ms, 128 lines, SystemVerilog_2012] ...
Loading (206) /home/verifier/project/i2c/rkv_v2pro_i2c-RKV_I2C_TB_00/rkv_i2c_tb/agents/lvc_i2c/lvc_configuration.sv ...
Done /home/verifier/project/i2c/rkv_v2pro_i2c-RKV_I2C_TB_00/rkv_i2c_tb/agents/lvc_i2c/lvc_configuration.sv [6 ms, 47 lines, SystemVerilog_2012] ...
Loading (207) /home/verifier/project/i2c/rkv_v2pro_i2c-RKV_I2C_TB_00/rkv_i2c_tb/agents/lvc_i2c/lvc_i2c_configuration.sv ...
Done /home/verifier/project/i2c/rkv_v2pro_i2c-RKV_I2C_TB_00/rkv_i2c_tb/agents/lvc_i2c/lvc_i2c_configuration.sv [982 ms, 1636 lines, SystemVerilog_2012] ...
Loading (208) /home/verifier/project/i2c/rkv_v2pro_i2c-RKV_I2C_TB_00/rkv_i2c_tb/agents/lvc_i2c/lvc_i2c_agent_configuration.sv ...
Done /home/verifier/project/i2c/rkv_v2pro_i2c-RKV_I2C_TB_00/rkv_i2c_tb/agents/lvc_i2c/lvc_i2c_agent_configuration.sv [149 ms, 126 lines, SystemVerilog_2012] ...
Loading (209) /home/verifier/project/i2c/rkv_v2pro_i2c-RKV_I2C_TB_00/rkv_i2c_tb/agents/lvc_i2c/lvc_i2c_transaction.sv ...
Done /home/verifier/project/i2c/rkv_v2pro_i2c-RKV_I2C_TB_00/rkv_i2c_tb/agents/lvc_i2c/lvc_i2c_transaction.sv [1047 ms, 533 lines, SystemVerilog_2012] ...
Loading (210) /home/verifier/project/i2c/rkv_v2pro_i2c-RKV_I2C_TB_00/rkv_i2c_tb/agents/lvc_i2c/lvc_i2c_bfm_common.sv ...
Done /home/verifier/project/i2c/rkv_v2pro_i2c-RKV_I2C_TB_00/rkv_i2c_tb/agents/lvc_i2c/lvc_i2c_bfm_common.sv [3 ms, 152 lines, SystemVerilog_2012] ...
Loading (211) /home/verifier/project/i2c/rkv_v2pro_i2c-RKV_I2C_TB_00/rkv_i2c_tb/agents/lvc_i2c/lvc_i2c_sequencer.sv ...
Done /home/verifier/project/i2c/rkv_v2pro_i2c-RKV_I2C_TB_00/rkv_i2c_tb/agents/lvc_i2c/lvc_i2c_sequencer.sv [1 ms, 63 lines, SystemVerilog_2012] ...
Loading (212) /home/verifier/project/i2c/rkv_v2pro_i2c-RKV_I2C_TB_00/rkv_i2c_tb/agents/lvc_i2c/lvc_i2c_master_transaction.sv ...
Done /home/verifier/project/i2c/rkv_v2pro_i2c-RKV_I2C_TB_00/rkv_i2c_tb/agents/lvc_i2c/lvc_i2c_master_transaction.sv [8 ms, 416 lines, SystemVerilog_2012] ...
Loading (213) /home/verifier/project/i2c/rkv_v2pro_i2c-RKV_I2C_TB_00/rkv_i2c_tb/agents/lvc_i2c/lvc_i2c_master_sequencer.sv ...
Done /home/verifier/project/i2c/rkv_v2pro_i2c-RKV_I2C_TB_00/rkv_i2c_tb/agents/lvc_i2c/lvc_i2c_master_sequencer.sv [2 ms, 94 lines, SystemVerilog_2012] ...
Loading (214) /home/verifier/project/i2c/rkv_v2pro_i2c-RKV_I2C_TB_00/rkv_i2c_tb/agents/lvc_i2c/lvc_i2c_master_monitor_common.sv ...
Done /home/verifier/project/i2c/rkv_v2pro_i2c-RKV_I2C_TB_00/rkv_i2c_tb/agents/lvc_i2c/lvc_i2c_master_monitor_common.sv [6 ms, 489 lines, SystemVerilog_2012] ...
Loading (215) /home/verifier/project/i2c/rkv_v2pro_i2c-RKV_I2C_TB_00/rkv_i2c_tb/agents/lvc_i2c/lvc_i2c_master_monitor.sv ...
Done /home/verifier/project/i2c/rkv_v2pro_i2c-RKV_I2C_TB_00/rkv_i2c_tb/agents/lvc_i2c/lvc_i2c_master_monitor.sv [8 ms, 210 lines, SystemVerilog_2012] ...
Loading (216) /home/verifier/project/i2c/rkv_v2pro_i2c-RKV_I2C_TB_00/rkv_i2c_tb/agents/lvc_i2c/lvc_i2c_master_driver_callback.sv ...
Done /home/verifier/project/i2c/rkv_v2pro_i2c-RKV_I2C_TB_00/rkv_i2c_tb/agents/lvc_i2c/lvc_i2c_master_driver_callback.sv [1 ms, 39 lines, SystemVerilog_2012] ...
Loading (217) /home/verifier/project/i2c/rkv_v2pro_i2c-RKV_I2C_TB_00/rkv_i2c_tb/agents/lvc_i2c/lvc_i2c_master_driver_common.sv ...
Done /home/verifier/project/i2c/rkv_v2pro_i2c-RKV_I2C_TB_00/rkv_i2c_tb/agents/lvc_i2c/lvc_i2c_master_driver_common.sv [15 ms, 1208 lines, SystemVerilog_2012] ...
Loading (218) /home/verifier/project/i2c/rkv_v2pro_i2c-RKV_I2C_TB_00/rkv_i2c_tb/agents/lvc_i2c/lvc_i2c_master_driver.sv ...
Done /home/verifier/project/i2c/rkv_v2pro_i2c-RKV_I2C_TB_00/rkv_i2c_tb/agents/lvc_i2c/lvc_i2c_master_driver.sv [13 ms, 337 lines, SystemVerilog_2012] ...
Loading (219) /home/verifier/project/i2c/rkv_v2pro_i2c-RKV_I2C_TB_00/rkv_i2c_tb/agents/lvc_i2c/lvc_i2c_master_agent.sv ...
Done /home/verifier/project/i2c/rkv_v2pro_i2c-RKV_I2C_TB_00/rkv_i2c_tb/agents/lvc_i2c/lvc_i2c_master_agent.sv [11 ms, 205 lines, SystemVerilog_2012] ...
Loading (220) /home/verifier/project/i2c/rkv_v2pro_i2c-RKV_I2C_TB_00/rkv_i2c_tb/agents/lvc_i2c/lvc_i2c_slave_transaction.sv ...
Done /home/verifier/project/i2c/rkv_v2pro_i2c-RKV_I2C_TB_00/rkv_i2c_tb/agents/lvc_i2c/lvc_i2c_slave_transaction.sv [6 ms, 241 lines, SystemVerilog_2012] ...
Loading (221) /home/verifier/project/i2c/rkv_v2pro_i2c-RKV_I2C_TB_00/rkv_i2c_tb/agents/lvc_i2c/lvc_i2c_slave_sequencer.sv ...
Done /home/verifier/project/i2c/rkv_v2pro_i2c-RKV_I2C_TB_00/rkv_i2c_tb/agents/lvc_i2c/lvc_i2c_slave_sequencer.sv [4 ms, 94 lines, SystemVerilog_2012] ...
Loading (222) /home/verifier/project/i2c/rkv_v2pro_i2c-RKV_I2C_TB_00/rkv_i2c_tb/agents/lvc_i2c/lvc_i2c_slave_monitor_common.sv ...
Done /home/verifier/project/i2c/rkv_v2pro_i2c-RKV_I2C_TB_00/rkv_i2c_tb/agents/lvc_i2c/lvc_i2c_slave_monitor_common.sv [5 ms, 473 lines, SystemVerilog_2012] ...
Loading (223) /home/verifier/project/i2c/rkv_v2pro_i2c-RKV_I2C_TB_00/rkv_i2c_tb/agents/lvc_i2c/lvc_i2c_slave_monitor.sv ...
Done /home/verifier/project/i2c/rkv_v2pro_i2c-RKV_I2C_TB_00/rkv_i2c_tb/agents/lvc_i2c/lvc_i2c_slave_monitor.sv [6 ms, 252 lines, SystemVerilog_2012] ...
Loading (224) /home/verifier/project/i2c/rkv_v2pro_i2c-RKV_I2C_TB_00/rkv_i2c_tb/agents/lvc_i2c/lvc_i2c_slave_driver_common.sv ...
Done /home/verifier/project/i2c/rkv_v2pro_i2c-RKV_I2C_TB_00/rkv_i2c_tb/agents/lvc_i2c/lvc_i2c_slave_driver_common.sv [7 ms, 527 lines, SystemVerilog_2012] ...
Loading (225) /home/verifier/project/i2c/rkv_v2pro_i2c-RKV_I2C_TB_00/rkv_i2c_tb/agents/lvc_i2c/lvc_i2c_slave_driver.sv ...
Done /home/verifier/project/i2c/rkv_v2pro_i2c-RKV_I2C_TB_00/rkv_i2c_tb/agents/lvc_i2c/lvc_i2c_slave_driver.sv [8 ms, 332 lines, SystemVerilog_2012] ...
Loading (226) /home/verifier/project/i2c/rkv_v2pro_i2c-RKV_I2C_TB_00/rkv_i2c_tb/agents/lvc_i2c/lvc_i2c_slave_agent.sv ...
Done /home/verifier/project/i2c/rkv_v2pro_i2c-RKV_I2C_TB_00/rkv_i2c_tb/agents/lvc_i2c/lvc_i2c_slave_agent.sv [17 ms, 208 lines, SystemVerilog_2012] ...
Loading (227) /home/verifier/project/i2c/rkv_v2pro_i2c-RKV_I2C_TB_00/rkv_i2c_tb/agents/lvc_i2c/lvc_i2c_system_configuration.sv ...
Done /home/verifier/project/i2c/rkv_v2pro_i2c-RKV_I2C_TB_00/rkv_i2c_tb/agents/lvc_i2c/lvc_i2c_system_configuration.sv [65 ms, 300 lines, SystemVerilog_2012] ...
Loading (228) /home/verifier/project/i2c/rkv_v2pro_i2c-RKV_I2C_TB_00/rkv_i2c_tb/agents/lvc_i2c/lvc_i2c_system_sequencer.sv ...
Done /home/verifier/project/i2c/rkv_v2pro_i2c-RKV_I2C_TB_00/rkv_i2c_tb/agents/lvc_i2c/lvc_i2c_system_sequencer.sv [8 ms, 78 lines, SystemVerilog_2012] ...
Loading (229) /home/verifier/project/i2c/rkv_v2pro_i2c-RKV_I2C_TB_00/rkv_i2c_tb/agents/lvc_i2c/lvc_i2c_system_env.sv ...
Done /home/verifier/project/i2c/rkv_v2pro_i2c-RKV_I2C_TB_00/rkv_i2c_tb/agents/lvc_i2c/lvc_i2c_system_env.sv [8 ms, 225 lines, SystemVerilog_2012] ...
Done /home/verifier/project/i2c/rkv_v2pro_i2c-RKV_I2C_TB_00/rkv_i2c_tb/agents/lvc_i2c/lvc_i2c_pkg.sv [0 ms, 63 lines, SystemVerilog_2012] ...
Loading (230) /home/verifier/project/i2c/rkv_v2pro_i2c-RKV_I2C_TB_00/rkv_i2c_tb/tb/rkv_i2c_tb.sv ...
Skip (optimized) /opt/dvt_eclipse/dvt_eclipse/predefined_projects/libs/uvm-1.2/src/uvm_macros.svh ...
Done /home/verifier/project/i2c/rkv_v2pro_i2c-RKV_I2C_TB_00/rkv_i2c_tb/tb/rkv_i2c_tb.sv [4 ms, 137 lines, SystemVerilog_2012] ...
*** Done parsing [LT 4308.0 ms, PT 4584.0 ms, SGT 8%, UGT 10%] ***
*** Total number of lines [90 413] ***
Performing post full build actions ...
Performing post full build step 1 (SRI) [2 ms] ...
Performing post full build step 2 (RI) [13 ms] ...
Performing post full build step 3 (RCP) [42 ms] ...
*** Done SystemVerilog build [4s.791ms] ***
*** Start mixed mode extension build ***
Performing mixed post full build step 1 (Verilog - RI) [3 ms] ...
Performing mixed post full build step 2 (Verilog - RC) [0 ms] ...
Performing mixed post full build step 3 (Verilog - RPC) [3 ms] ...
*** Error: USAGE_BEFORE_DECLARATION: Element 'rkv_i2c_pkg' is used before being declared
    at line 5 in /home/verifier/project/i2c/rkv_v2pro_i2c-RKV_I2C_TB_00/rkv_i2c_tb/env/rkv_i2c_pkg.sv
    at line 5 in /home/verifier/project/i2c/rkv_v2pro_i2c-RKV_I2C_TB_00/rkv_i2c_tb/tb/rkv_i2c_if.sv [compile index 146]
*** Error: USAGE_BEFORE_DECLARATION: Element 'lvc_i2c_pkg' is used before being declared
    at line 22 in /home/verifier/project/i2c/rkv_v2pro_i2c-RKV_I2C_TB_00/rkv_i2c_tb/agents/lvc_i2c/lvc_i2c_pkg.sv
    at line 9 in /home/verifier/project/i2c/rkv_v2pro_i2c-RKV_I2C_TB_00/rkv_i2c_tb/env/rkv_i2c_pkg.sv [compile index 176]
Performing mixed post full build step 4 (Verilog - RD) [34 ms] ...
Performing mixed post full build step 5 (Verilog - FSC) [619 ms] ...
Performing mixed post full build step 6 (Verilog - EV) [253 ms] ...
Performing mixed post full build step 7 (Verilog - US) [50 ms] ...
*** Error: SELECT_NOT_ALLOWED: Select expression for variable 'read_val' not allowed
    at line 21 in /home/verifier/project/i2c/rkv_v2pro_i2c-RKV_I2C_TB_00/rkv_i2c_tb/seq_lib/rkv_i2c_quick_reg_access_virt_seq.sv [compile index 198]
*** Error: USAGE_BEFORE_DECLARATION: Element 'lvc_i2c_master_sequencer' is used before being declared
    at line 22 in /home/verifier/project/i2c/rkv_v2pro_i2c-RKV_I2C_TB_00/rkv_i2c_tb/agents/lvc_i2c/lvc_i2c_master_sequencer.sv
    at line 8 in /home/verifier/project/i2c/rkv_v2pro_i2c-RKV_I2C_TB_00/rkv_i2c_tb/env/rkv_i2c_virtual_sequencer.sv [compile index 185]
*** Error: USAGE_BEFORE_DECLARATION: Element 'lvc_i2c_slave_sequencer' is used before being declared
    at line 22 in /home/verifier/project/i2c/rkv_v2pro_i2c-RKV_I2C_TB_00/rkv_i2c_tb/agents/lvc_i2c/lvc_i2c_slave_sequencer.sv
    at line 9 in /home/verifier/project/i2c/rkv_v2pro_i2c-RKV_I2C_TB_00/rkv_i2c_tb/env/rkv_i2c_virtual_sequencer.sv [compile index 185]
*** Error: USAGE_BEFORE_DECLARATION: Element 'IC_INTR_NUM' is used before being declared
    at line 5 in /home/verifier/project/i2c/rkv_v2pro_i2c-RKV_I2C_TB_00/rkv_i2c_tb/cfg/rkv_i2c_defines.svh
    at line 13 in /home/verifier/project/i2c/rkv_v2pro_i2c-RKV_I2C_TB_00/rkv_i2c_tb/tb/rkv_i2c_if.sv [compile index 146]
*** Error: USAGE_BEFORE_DECLARATION: Element 'lvc_i2c_system_configuration' is used before being declared
    at line 21 in /home/verifier/project/i2c/rkv_v2pro_i2c-RKV_I2C_TB_00/rkv_i2c_tb/agents/lvc_i2c/lvc_i2c_system_configuration.sv
    at line 15 in /home/verifier/project/i2c/rkv_v2pro_i2c-RKV_I2C_TB_00/rkv_i2c_tb/cfg/rkv_i2c_config.sv [compile index 182]
*** Error: USAGE_BEFORE_DECLARATION: Element 'lvc_i2c_system_configuration' is used before being declared
    at line 21 in /home/verifier/project/i2c/rkv_v2pro_i2c-RKV_I2C_TB_00/rkv_i2c_tb/agents/lvc_i2c/lvc_i2c_system_configuration.sv
    at line 7 in /home/verifier/project/i2c/rkv_v2pro_i2c-RKV_I2C_TB_00/rkv_i2c_tb/cfg/rkv_i2c_config.sv [compile index 182]
*** Error: USAGE_BEFORE_DECLARATION: Element 'lvc_i2c_slave_transaction' is used before being declared
    at line 20 in /home/verifier/project/i2c/rkv_v2pro_i2c-RKV_I2C_TB_00/rkv_i2c_tb/agents/lvc_i2c/lvc_i2c_slave_transaction.sv
    at line 25 in /home/verifier/project/i2c/rkv_v2pro_i2c-RKV_I2C_TB_00/rkv_i2c_tb/env/rkv_i2c_scoreboard.sv [compile index 184]
*** Error: USAGE_BEFORE_DECLARATION: Element 'lvc_i2c_slave_transaction' is used before being declared
    at line 20 in /home/verifier/project/i2c/rkv_v2pro_i2c-RKV_I2C_TB_00/rkv_i2c_tb/agents/lvc_i2c/lvc_i2c_slave_transaction.sv
    at line 16 in /home/verifier/project/i2c/rkv_v2pro_i2c-RKV_I2C_TB_00/rkv_i2c_tb/env/rkv_i2c_scoreboard.sv [compile index 184]
*** Error: USAGE_BEFORE_DECLARATION: Element 'lvc_i2c_master_agent' is used before being declared
    at line 22 in /home/verifier/project/i2c/rkv_v2pro_i2c-RKV_I2C_TB_00/rkv_i2c_tb/agents/lvc_i2c/lvc_i2c_master_agent.sv
    at line 12 in /home/verifier/project/i2c/rkv_v2pro_i2c-RKV_I2C_TB_00/rkv_i2c_tb/env/rkv_i2c_env.sv [compile index 186]
*** Error: USAGE_BEFORE_DECLARATION: Element 'lvc_i2c_slave_agent' is used before being declared
    at line 22 in /home/verifier/project/i2c/rkv_v2pro_i2c-RKV_I2C_TB_00/rkv_i2c_tb/agents/lvc_i2c/lvc_i2c_slave_agent.sv
    at line 14 in /home/verifier/project/i2c/rkv_v2pro_i2c-RKV_I2C_TB_00/rkv_i2c_tb/env/rkv_i2c_env.sv [compile index 186]
*** Error: USAGE_BEFORE_DECLARATION: Element 'lvc_i2c_agent_configuration' is used before being declared
    at line 21 in /home/verifier/project/i2c/rkv_v2pro_i2c-RKV_I2C_TB_00/rkv_i2c_tb/agents/lvc_i2c/lvc_i2c_agent_configuration.sv
    at line 48 in /home/verifier/project/i2c/rkv_v2pro_i2c-RKV_I2C_TB_00/rkv_i2c_tb/env/rkv_i2c_env.sv [compile index 186]
*** Error: USAGE_BEFORE_DECLARATION: Element 'lvc_i2c_slave_agent' is used before being declared
    at line 22 in /home/verifier/project/i2c/rkv_v2pro_i2c-RKV_I2C_TB_00/rkv_i2c_tb/agents/lvc_i2c/lvc_i2c_slave_agent.sv
    at line 53 in /home/verifier/project/i2c/rkv_v2pro_i2c-RKV_I2C_TB_00/rkv_i2c_tb/env/rkv_i2c_env.sv [compile index 186]
*** Error: USAGE_BEFORE_DECLARATION: Element 'lvc_i2c_slave_transaction' is used before being declared
    at line 20 in /home/verifier/project/i2c/rkv_v2pro_i2c-RKV_I2C_TB_00/rkv_i2c_tb/agents/lvc_i2c/lvc_i2c_slave_transaction.sv
    at line 5 in /home/verifier/project/i2c/rkv_v2pro_i2c-RKV_I2C_TB_00/rkv_i2c_tb/seq_lib/elem_seqs/rkv_i2c_slave_base_sequence.sv [compile index 194]
*** Error: USAGE_BEFORE_DECLARATION: Element 'lvc_i2c_configuration' is used before being declared
    at line 20 in /home/verifier/project/i2c/rkv_v2pro_i2c-RKV_I2C_TB_00/rkv_i2c_tb/agents/lvc_i2c/lvc_i2c_configuration.sv
    at line 8 in /home/verifier/project/i2c/rkv_v2pro_i2c-RKV_I2C_TB_00/rkv_i2c_tb/seq_lib/elem_seqs/rkv_i2c_slave_base_sequence.sv [compile index 194]
*** Error: USAGE_BEFORE_DECLARATION: Element 'lvc_i2c_slave_sequencer' is used before being declared
    at line 22 in /home/verifier/project/i2c/rkv_v2pro_i2c-RKV_I2C_TB_00/rkv_i2c_tb/agents/lvc_i2c/lvc_i2c_slave_sequencer.sv
    at line 14 in /home/verifier/project/i2c/rkv_v2pro_i2c-RKV_I2C_TB_00/rkv_i2c_tb/seq_lib/elem_seqs/rkv_i2c_slave_base_sequence.sv [compile index 194]
*** Error: UNDECLARED_IDENTIFIER: Identifier 'p_sequenser' is not declared
    at line 30 in /home/verifier/project/i2c/rkv_v2pro_i2c-RKV_I2C_TB_00/rkv_i2c_tb/seq_lib/rkv_i2c_base_virtual_sequence.sv [compile index 197]
*** Error: UNDECLARED_IDENTIFIER: Identifier 'p_sequenser' is not declared
    at line 31 in /home/verifier/project/i2c/rkv_v2pro_i2c-RKV_I2C_TB_00/rkv_i2c_tb/seq_lib/rkv_i2c_base_virtual_sequence.sv [compile index 197]
*** Error: NON_EXISTING_TYPE: Non existing type 'ral_block_rkv_i2c'
    at line 7 in /home/verifier/project/i2c/rkv_v2pro_i2c-RKV_I2C_TB_00/rkv_i2c_tb/seq_lib/elem_seqs/rkv_i2c_base_sequence.sv [compile index 206]
*** Error: NON_EXISTING_TYPE: Non existing type 'lvc_i2c_configuration'
    at line 9 in /home/verifier/project/i2c/rkv_v2pro_i2c-RKV_I2C_TB_00/rkv_i2c_tb/seq_lib/elem_seqs/rkv_i2c_base_sequence.sv [compile index 206]
*** Error: NON_EXISTING_TYPE: Non existing type 'lvc_i2c_master_sequencer'
    at line 11 in /home/verifier/project/i2c/rkv_v2pro_i2c-RKV_I2C_TB_00/rkv_i2c_tb/seq_lib/elem_seqs/rkv_i2c_base_sequence.sv [compile index 206]
*** Error: UNDECLARED_IDENTIFIER: Identifier 'lvc_i2c_slave_transaction' is not declared
    at line 5 in /home/verifier/project/i2c/rkv_v2pro_i2c-RKV_I2C_TB_00/rkv_i2c_tb/seq_lib/elem_seqs/rkv_i2c_base_sequence.sv [compile index 206]
*** Error: UNDECLARED_IDENTIFIER: Identifier 'ral_block_rkv_i2c' is not declared
    at line 18 in /home/verifier/project/i2c/rkv_v2pro_i2c-RKV_I2C_TB_00/rkv_i2c_tb/seq_lib/elem_seqs/rkv_i2c_base_sequence.sv [compile index 206]
*** Error: UNDECLARED_IDENTIFIER: Identifier 'get_cfg' is not a member of 'p_sequencer' (type 'lvc_i2c_master_sequencer' is undeclared)
    at line 21 in /home/verifier/project/i2c/rkv_v2pro_i2c-RKV_I2C_TB_00/rkv_i2c_tb/seq_lib/elem_seqs/rkv_i2c_base_sequence.sv [compile index 206]
*** Done mixed mode extension build [1s.022ms] ***
*** Start adding/validating the DVT Auto-Linked resources ***
*** Done adding/validating the DVT Auto-Linked resources [12 ms] ***
*** Total build time [5s.963ms] ***
