# Preference setting overrides
gui_set_pref_value -category {Globals} -key {app_default_font} -value {Courier 10 Pitch,11,-1,5,50,0,0,0,0,0}
gui_set_pref_value -category {Globals} -key {app_fixed_width_font} -value {Courier 10 Pitch,11,-1,5,50,0,0,0,0,0}
gui_create_pref_key -category {Globals} -key {load_detail_for_funcov} -value_type {bool} -value {false}
gui_create_pref_category -category {dlg_settings}
gui_create_pref_key -category {dlg_settings} -key {tableWithImmediatePopup} -value_type {bool} -value {true}

# State setting overrides
gui_state_default_create -off -ini
gui_set_state_value -category Layout -key child_console_size_x -value 1919
gui_set_state_value -category Layout -key child_console_size_y -value 375
gui_set_state_value -category Layout -key child_data_coltype -value 122
gui_set_state_value -category Layout -key child_data_colvalue -value 179
gui_set_state_value -category Layout -key child_data_colvariable -value 275
gui_set_state_value -category Layout -key child_data_size_x -value 597
gui_set_state_value -category Layout -key child_data_size_y -value 487
gui_set_state_value -category Layout -key child_hier_col3 -value {-1}
gui_set_state_value -category Layout -key child_hier_colhier -value 336
gui_set_state_value -category Layout -key child_hier_colpd -value 0
gui_set_state_value -category Layout -key child_hier_coltype -value 111
gui_set_state_value -category Layout -key child_hier_size_x -value 452
gui_set_state_value -category Layout -key child_hier_size_y -value 487
gui_set_state_value -category Layout -key child_source_docknewline -value false
gui_set_state_value -category Layout -key child_source_pos_x -value {-2}
gui_set_state_value -category Layout -key child_source_pos_y -value {-17}
gui_set_state_value -category Layout -key child_source_size_x -value 873
gui_set_state_value -category Layout -key child_source_size_y -value 483
gui_set_state_value -category Layout -key child_wave_colname -value 323
gui_set_state_value -category Layout -key child_wave_colvalue -value 229
gui_set_state_value -category Layout -key child_wave_left -value 557
gui_set_state_value -category Layout -key child_wave_right -value 1357
gui_set_state_value -category Layout -key main_pos_x -value 1
gui_set_state_value -category Layout -key main_pos_y -value 38
gui_set_state_value -category Layout -key main_size_x -value 1920
gui_set_state_value -category Layout -key main_size_y -value 1014
gui_set_state_value -category Layout -key stand_wave_child_pos_x -value {-2}
gui_set_state_value -category Layout -key stand_wave_child_pos_y -value {-17}
gui_set_state_value -category Layout -key stand_wave_child_size_x -value 1924
gui_set_state_value -category Layout -key stand_wave_child_size_y -value 978
gui_set_state_value -category Layout -key stand_wave_top_pos_y -value 237
gui_set_state_value -category Layout -key stand_wave_top_size_x -value 2019
gui_set_state_value -category Layout -key stand_wave_top_size_y -value 1333
gui_create_state_key -category FindDialog -key m_pMatchCase -value_type bool -value false
gui_create_state_key -category FindDialog -key m_pMatchWord -value_type bool -value false
gui_create_state_key -category FindDialog -key m_pUseCombo -value_type string -value {}
gui_create_state_key -category FindDialog -key m_pWrapAround -value_type bool -value true
gui_create_state_key -category Widget_History -key TopLevel.1|qt_left_dock|DockWnd1|HSPane.1|pages|Class.1|hbox|textfilter -value_type string -value read_sequence
gui_create_state_key -category Widget_History -key TopLevel.1|qt_left_dock|DockWnd1|HSPane.1|pages|Hier.1|hbox|textfilter -value_type string -value {*read_sequence read_sequence seq_lib get_response}
gui_state_default_create -off

# Begin command logging
gui_set_pref_value -category {Globals} -key {smart_resize} -value {false}
gui_set_pref_value -category {Globals} -key {smart_resize} -value {true}
gui_sim_run Ucli -exe simv -args {-ucligui  +ntb_random_seed=0410183835 +UVM_NO_RELNOTES +UVM_VERBOSITY=UVM_HIGH +UVM_TESTNAME=rkv_i2c_quick_reg_access_test -a out/sim/rkv_i2c_quick_reg_access_test_seed_0410183835.log -cm_dir out/cov -cm_name rkv_i2c_quick_reg_access_test_seed_0410183835} -dir .
gui_sim_continue  
gui_filter_log -window Console.1 -tab Log -type {All} -severity {All} -code {[CMPSUC]}
